{"/Users/feral/Creative-Coding/playa/lib/index.js": {"path":"/Users/feral/Creative-Coding/playa/lib/index.js","statementMap":{},"fnMap":{},"branchMap":{},"s":{},"f":{},"b":{}}
,"/Users/feral/Creative-Coding/playa/lib/constants/chords.js": {"path":"/Users/feral/Creative-Coding/playa/lib/constants/chords.js","statementMap":{"0":{"start":{"line":6,"column":20},"end":{"line":6,"column":25}},"1":{"start":{"line":7,"column":20},"end":{"line":7,"column":23}},"2":{"start":{"line":8,"column":18},"end":{"line":8,"column":23}},"3":{"start":{"line":9,"column":18},"end":{"line":9,"column":23}},"4":{"start":{"line":10,"column":19},"end":{"line":10,"column":25}},"5":{"start":{"line":11,"column":19},"end":{"line":11,"column":25}},"6":{"start":{"line":12,"column":17},"end":{"line":12,"column":20}},"7":{"start":{"line":13,"column":20},"end":{"line":13,"column":23}},"8":{"start":{"line":14,"column":26},"end":{"line":14,"column":30}},"9":{"start":{"line":15,"column":36},"end":{"line":15,"column":42}},"10":{"start":{"line":16,"column":26},"end":{"line":16,"column":30}},"11":{"start":{"line":17,"column":24},"end":{"line":17,"column":27}},"12":{"start":{"line":18,"column":24},"end":{"line":18,"column":29}},"13":{"start":{"line":19,"column":30},"end":{"line":19,"column":34}},"14":{"start":{"line":20,"column":33},"end":{"line":20,"column":41}},"15":{"start":{"line":21,"column":33},"end":{"line":21,"column":40}},"16":{"start":{"line":22,"column":19},"end":{"line":22,"column":22}},"17":{"start":{"line":23,"column":25},"end":{"line":23,"column":29}},"18":{"start":{"line":24,"column":25},"end":{"line":24,"column":29}},"19":{"start":{"line":25,"column":21},"end":{"line":25,"column":25}},"20":{"start":{"line":26,"column":27},"end":{"line":26,"column":32}},"21":{"start":{"line":27,"column":27},"end":{"line":27,"column":32}},"22":{"start":{"line":28,"column":23},"end":{"line":28,"column":27}},"23":{"start":{"line":29,"column":29},"end":{"line":29,"column":34}},"24":{"start":{"line":30,"column":29},"end":{"line":30,"column":34}},"25":{"start":{"line":32,"column":22},"end":{"line":58,"column":2}},"26":{"start":{"line":60,"column":31},"end":{"line":96,"column":2}},"27":{"start":{"line":98,"column":14},"end":{"line":98,"column":28}},"28":{"start":{"line":99,"column":12},"end":{"line":99,"column":39}},"29":{"start":{"line":100,"column":14},"end":{"line":100,"column":30}},"30":{"start":{"line":101,"column":16},"end":{"line":101,"column":32}},"31":{"start":{"line":102,"column":14},"end":{"line":102,"column":32}},"32":{"start":{"line":103,"column":17},"end":{"line":103,"column":38}},"33":{"start":{"line":104,"column":19},"end":{"line":104,"column":40}},"34":{"start":{"line":107,"column":32},"end":{"line":115,"column":2}},"35":{"start":{"line":117,"column":27},"end":{"line":125,"column":2}}},"fnMap":{},"branchMap":{},"s":{"0":23,"1":23,"2":23,"3":23,"4":23,"5":23,"6":23,"7":23,"8":23,"9":23,"10":23,"11":23,"12":23,"13":23,"14":23,"15":23,"16":23,"17":23,"18":23,"19":23,"20":23,"21":23,"22":23,"23":23,"24":23,"25":23,"26":23,"27":23,"28":23,"29":23,"30":23,"31":23,"32":23,"33":23,"34":23,"35":23},"f":{},"b":{},"_coverageSchema":"43e27e138ebf9cfc5966b082cf9a028302ed4184","hash":"59bc1cdc39f4f3ffdb8dd270591aed4020b5f55f"}
,"/Users/feral/Creative-Coding/playa/lib/constants/index.js": {"path":"/Users/feral/Creative-Coding/playa/lib/constants/index.js","statementMap":{},"fnMap":{},"branchMap":{},"s":{},"f":{},"b":{},"_coverageSchema":"43e27e138ebf9cfc5966b082cf9a028302ed4184","hash":"be3bc2c41001d0f88174453317d941ec5ff548a9"}
,"/Users/feral/Creative-Coding/playa/lib/constants/intervals.js": {"path":"/Users/feral/Creative-Coding/playa/lib/constants/intervals.js","statementMap":{"0":{"start":{"line":5,"column":18},"end":{"line":17,"column":2}}},"fnMap":{},"branchMap":{},"s":{"0":23},"f":{},"b":{},"_coverageSchema":"43e27e138ebf9cfc5966b082cf9a028302ed4184","hash":"5468f599aca25b8a6e92da2952e19b9fe17ef4eb"}
,"/Users/feral/Creative-Coding/playa/lib/constants/note.js": {"path":"/Users/feral/Creative-Coding/playa/lib/constants/note.js","statementMap":{"0":{"start":{"line":5,"column":22},"end":{"line":5,"column":89}},"1":{"start":{"line":6,"column":21},"end":{"line":6,"column":88}},"2":{"start":{"line":8,"column":27},"end":{"line":8,"column":74}},"3":{"start":{"line":10,"column":30},"end":{"line":10,"column":67}}},"fnMap":{},"branchMap":{},"s":{"0":23,"1":23,"2":23,"3":23},"f":{},"b":{},"_coverageSchema":"43e27e138ebf9cfc5966b082cf9a028302ed4184","hash":"ab67f3983359570a02e9ea00220a20f874a883b7"}
,"/Users/feral/Creative-Coding/playa/lib/constants/rhythmsDistributions.js": {"path":"/Users/feral/Creative-Coding/playa/lib/constants/rhythmsDistributions.js","statementMap":{"0":{"start":{"line":1,"column":30},"end":{"line":7,"column":1}}},"fnMap":{},"branchMap":{},"s":{"0":23},"f":{},"b":{},"_coverageSchema":"43e27e138ebf9cfc5966b082cf9a028302ed4184","hash":"0a65dc263d3bd32f7875a16eb8b6b129321682fc"}
,"/Users/feral/Creative-Coding/playa/lib/constants/scales.js": {"path":"/Users/feral/Creative-Coding/playa/lib/constants/scales.js","statementMap":{"0":{"start":{"line":5,"column":31},"end":{"line":5,"column":68}},"1":{"start":{"line":7,"column":22},"end":{"line":23,"column":2}}},"fnMap":{},"branchMap":{},"s":{"0":23,"1":23},"f":{},"b":{},"_coverageSchema":"43e27e138ebf9cfc5966b082cf9a028302ed4184","hash":"80c9def6b34e19b823e62a00783cb96e57430b22"}
,"/Users/feral/Creative-Coding/playa/lib/constants/ticks.js": {"path":"/Users/feral/Creative-Coding/playa/lib/constants/ticks.js","statementMap":{"0":{"start":{"line":25,"column":14},"end":{"line":47,"column":1}},"1":{"start":{"line":49,"column":18},"end":{"line":49,"column":41}},"2":{"start":{"line":51,"column":14},"end":{"line":51,"column":28}},"3":{"start":{"line":52,"column":17},"end":{"line":52,"column":35}},"4":{"start":{"line":54,"column":16},"end":{"line":86,"column":1}},"5":{"start":{"line":56,"column":2},"end":{"line":56,"column":26}},"6":{"start":{"line":59,"column":2},"end":{"line":67,"column":3}},"7":{"start":{"line":60,"column":3},"end":{"line":66,"column":5}},"8":{"start":{"line":61,"column":23},"end":{"line":61,"column":25}},"9":{"start":{"line":63,"column":4},"end":{"line":63,"column":51}},"10":{"start":{"line":63,"column":28},"end":{"line":63,"column":49}},"11":{"start":{"line":65,"column":4},"end":{"line":65,"column":22}},"12":{"start":{"line":69,"column":2},"end":{"line":79,"column":3}},"13":{"start":{"line":70,"column":3},"end":{"line":78,"column":5}},"14":{"start":{"line":71,"column":16},"end":{"line":71,"column":30}},"15":{"start":{"line":73,"column":4},"end":{"line":75,"column":5}},"16":{"start":{"line":74,"column":5},"end":{"line":74,"column":31}},"17":{"start":{"line":77,"column":4},"end":{"line":77,"column":17}},"18":{"start":{"line":81,"column":2},"end":{"line":81,"column":57}},"19":{"start":{"line":84,"column":2},"end":{"line":84,"column":51}}},"fnMap":{"0":{"name":"(anonymous_0)","decl":{"start":{"line":55,"column":1},"end":{"line":55,"column":2}},"loc":{"start":{"line":55,"column":24},"end":{"line":57,"column":2}},"line":55},"1":{"name":"(anonymous_1)","decl":{"start":{"line":58,"column":1},"end":{"line":58,"column":2}},"loc":{"start":{"line":58,"column":28},"end":{"line":82,"column":2}},"line":58},"2":{"name":"(anonymous_2)","decl":{"start":{"line":60,"column":10},"end":{"line":60,"column":11}},"loc":{"start":{"line":60,"column":21},"end":{"line":66,"column":4}},"line":60},"3":{"name":"(anonymous_3)","decl":{"start":{"line":63,"column":18},"end":{"line":63,"column":19}},"loc":{"start":{"line":63,"column":28},"end":{"line":63,"column":49}},"line":63},"4":{"name":"(anonymous_4)","decl":{"start":{"line":70,"column":10},"end":{"line":70,"column":11}},"loc":{"start":{"line":70,"column":24},"end":{"line":78,"column":4}},"line":70},"5":{"name":"(anonymous_5)","decl":{"start":{"line":83,"column":1},"end":{"line":83,"column":2}},"loc":{"start":{"line":83,"column":35},"end":{"line":85,"column":2}},"line":83}},"branchMap":{"0":{"loc":{"start":{"line":59,"column":2},"end":{"line":67,"column":3}},"type":"if","locations":[{"start":{"line":59,"column":2},"end":{"line":67,"column":3}},{"start":{"line":59,"column":2},"end":{"line":67,"column":3}}],"line":59},"1":{"loc":{"start":{"line":69,"column":2},"end":{"line":79,"column":3}},"type":"if","locations":[{"start":{"line":69,"column":2},"end":{"line":79,"column":3}},{"start":{"line":69,"column":2},"end":{"line":79,"column":3}}],"line":69},"2":{"loc":{"start":{"line":73,"column":4},"end":{"line":75,"column":5}},"type":"if","locations":[{"start":{"line":73,"column":4},"end":{"line":75,"column":5}},{"start":{"line":73,"column":4},"end":{"line":75,"column":5}}],"line":73}},"s":{"0":23,"1":23,"2":23,"3":23,"4":23,"5":0,"6":610,"7":0,"8":0,"9":0,"10":0,"11":0,"12":610,"13":610,"14":644,"15":644,"16":83,"17":644,"18":0,"19":0},"f":{"0":0,"1":610,"2":0,"3":0,"4":644,"5":0},"b":{"0":[0,610],"1":[610,0],"2":[83,561]},"_coverageSchema":"43e27e138ebf9cfc5966b082cf9a028302ed4184","hash":"41f3446c9b3c3b02efb63a28056d8a1ce14c1d5a"}
,"/Users/feral/Creative-Coding/playa/lib/core/Chord.js": {"path":"/Users/feral/Creative-Coding/playa/lib/core/Chord.js","statementMap":{"0":{"start":{"line":31,"column":18},"end":{"line":31,"column":23}},"1":{"start":{"line":32,"column":22},"end":{"line":32,"column":41}},"2":{"start":{"line":38,"column":6},"end":{"line":38,"column":54}},"3":{"start":{"line":41,"column":2},"end":{"line":41,"column":30}},"4":{"start":{"line":43,"column":2},"end":{"line":43,"column":20}},"5":{"start":{"line":44,"column":2},"end":{"line":44,"column":30}},"6":{"start":{"line":45,"column":2},"end":{"line":45,"column":38}},"7":{"start":{"line":46,"column":2},"end":{"line":46,"column":25}},"8":{"start":{"line":47,"column":2},"end":{"line":47,"column":26}},"9":{"start":{"line":49,"column":2},"end":{"line":57,"column":3}},"10":{"start":{"line":50,"column":3},"end":{"line":56,"column":4}},"11":{"start":{"line":51,"column":4},"end":{"line":51,"column":38}},"12":{"start":{"line":53,"column":4},"end":{"line":53,"column":29}},"13":{"start":{"line":55,"column":4},"end":{"line":55,"column":58}},"14":{"start":{"line":59,"column":2},"end":{"line":61,"column":3}},"15":{"start":{"line":60,"column":3},"end":{"line":60,"column":10}},"16":{"start":{"line":63,"column":2},"end":{"line":63,"column":23}},"17":{"start":{"line":72,"column":2},"end":{"line":72,"column":25}},"18":{"start":{"line":81,"column":2},"end":{"line":81,"column":24}},"19":{"start":{"line":90,"column":2},"end":{"line":90,"column":25}},"20":{"start":{"line":97,"column":2},"end":{"line":97,"column":23}},"21":{"start":{"line":106,"column":2},"end":{"line":106,"column":26}},"22":{"start":{"line":110,"column":2},"end":{"line":112,"column":3}},"23":{"start":{"line":111,"column":3},"end":{"line":111,"column":26}},"24":{"start":{"line":114,"column":16},"end":{"line":114,"column":53}},"25":{"start":{"line":116,"column":2},"end":{"line":116,"column":95}},"26":{"start":{"line":120,"column":2},"end":{"line":120,"column":83}},"27":{"start":{"line":122,"column":2},"end":{"line":122,"column":23}},"28":{"start":{"line":131,"column":16},"end":{"line":131,"column":27}},"29":{"start":{"line":132,"column":19},"end":{"line":132,"column":39}},"30":{"start":{"line":135,"column":31},"end":{"line":135,"column":81}},"31":{"start":{"line":135,"column":59},"end":{"line":135,"column":72}},"32":{"start":{"line":136,"column":30},"end":{"line":136,"column":80}},"33":{"start":{"line":136,"column":58},"end":{"line":136,"column":71}},"34":{"start":{"line":138,"column":2},"end":{"line":140,"column":3}},"35":{"start":{"line":139,"column":3},"end":{"line":139,"column":25}},"36":{"start":{"line":142,"column":2},"end":{"line":144,"column":3}},"37":{"start":{"line":143,"column":3},"end":{"line":143,"column":26}},"38":{"start":{"line":147,"column":2},"end":{"line":151,"column":3}},"39":{"start":{"line":148,"column":3},"end":{"line":148,"column":26}},"40":{"start":{"line":150,"column":3},"end":{"line":150,"column":25}},"41":{"start":{"line":162,"column":15},"end":{"line":162,"column":25}},"42":{"start":{"line":163,"column":15},"end":{"line":163,"column":25}},"43":{"start":{"line":165,"column":16},"end":{"line":165,"column":44}},"44":{"start":{"line":166,"column":20},"end":{"line":166,"column":36}},"45":{"start":{"line":168,"column":16},"end":{"line":168,"column":34}},"46":{"start":{"line":170,"column":2},"end":{"line":176,"column":3}},"47":{"start":{"line":170,"column":17},"end":{"line":170,"column":18}},"48":{"start":{"line":171,"column":20},"end":{"line":171,"column":34}},"49":{"start":{"line":173,"column":16},"end":{"line":173,"column":52}},"50":{"start":{"line":175,"column":3},"end":{"line":175,"column":30}},"51":{"start":{"line":179,"column":2},"end":{"line":179,"column":15}},"52":{"start":{"line":190,"column":15},"end":{"line":190,"column":25}},"53":{"start":{"line":191,"column":25},"end":{"line":191,"column":46}},"54":{"start":{"line":192,"column":40},"end":{"line":192,"column":49}},"55":{"start":{"line":194,"column":2},"end":{"line":194,"column":99}},"56":{"start":{"line":196,"column":18},"end":{"line":196,"column":45}},"57":{"start":{"line":198,"column":16},"end":{"line":198,"column":72}},"58":{"start":{"line":200,"column":2},"end":{"line":200,"column":34}},"59":{"start":{"line":201,"column":2},"end":{"line":201,"column":36}},"60":{"start":{"line":203,"column":39},"end":{"line":203,"column":105}},"61":{"start":{"line":207,"column":2},"end":{"line":212,"column":3}},"62":{"start":{"line":208,"column":24},"end":{"line":208,"column":95}},"63":{"start":{"line":210,"column":3},"end":{"line":210,"column":42}},"64":{"start":{"line":211,"column":3},"end":{"line":211,"column":50}},"65":{"start":{"line":214,"column":2},"end":{"line":216,"column":3}},"66":{"start":{"line":215,"column":3},"end":{"line":215,"column":13}},"67":{"start":{"line":218,"column":16},"end":{"line":218,"column":40}},"68":{"start":{"line":220,"column":2},"end":{"line":220,"column":42}},"69":{"start":{"line":222,"column":2},"end":{"line":222,"column":43}},"70":{"start":{"line":224,"column":2},"end":{"line":224,"column":20}},"71":{"start":{"line":228,"column":21},"end":{"line":228,"column":23}},"72":{"start":{"line":229,"column":25},"end":{"line":229,"column":27}},"73":{"start":{"line":230,"column":16},"end":{"line":230,"column":27}},"74":{"start":{"line":232,"column":2},"end":{"line":252,"column":3}},"75":{"start":{"line":232,"column":19},"end":{"line":232,"column":20}},"76":{"start":{"line":233,"column":16},"end":{"line":233,"column":32}},"77":{"start":{"line":234,"column":18},"end":{"line":234,"column":58}},"78":{"start":{"line":235,"column":19},"end":{"line":235,"column":51}},"79":{"start":{"line":236,"column":14},"end":{"line":236,"column":30}},"80":{"start":{"line":238,"column":3},"end":{"line":248,"column":4}},"81":{"start":{"line":239,"column":4},"end":{"line":239,"column":60}},"82":{"start":{"line":240,"column":4},"end":{"line":240,"column":49}},"83":{"start":{"line":242,"column":4},"end":{"line":244,"column":5}},"84":{"start":{"line":243,"column":5},"end":{"line":243,"column":14}},"85":{"start":{"line":246,"column":4},"end":{"line":246,"column":28}},"86":{"start":{"line":247,"column":4},"end":{"line":247,"column":44}},"87":{"start":{"line":250,"column":3},"end":{"line":250,"column":25}},"88":{"start":{"line":251,"column":3},"end":{"line":251,"column":33}},"89":{"start":{"line":254,"column":2},"end":{"line":254,"column":40}},"90":{"start":{"line":258,"column":16},"end":{"line":258,"column":51}},"91":{"start":{"line":262,"column":2},"end":{"line":277,"column":3}},"92":{"start":{"line":262,"column":19},"end":{"line":262,"column":20}},"93":{"start":{"line":263,"column":21},"end":{"line":263,"column":33}},"94":{"start":{"line":264,"column":17},"end":{"line":264,"column":50}},"95":{"start":{"line":266,"column":19},"end":{"line":266,"column":92}},"96":{"start":{"line":268,"column":3},"end":{"line":268,"column":45}},"97":{"start":{"line":269,"column":3},"end":{"line":269,"column":37}},"98":{"start":{"line":271,"column":3},"end":{"line":276,"column":4}},"99":{"start":{"line":272,"column":4},"end":{"line":272,"column":10}},"100":{"start":{"line":274,"column":4},"end":{"line":274,"column":26}},"101":{"start":{"line":275,"column":4},"end":{"line":275,"column":22}},"102":{"start":{"line":279,"column":2},"end":{"line":279,"column":40}},"103":{"start":{"line":285,"column":2},"end":{"line":293,"column":3}},"104":{"start":{"line":286,"column":3},"end":{"line":288,"column":4}},"105":{"start":{"line":287,"column":4},"end":{"line":287,"column":10}},"106":{"start":{"line":290,"column":3},"end":{"line":292,"column":4}},"107":{"start":{"line":291,"column":4},"end":{"line":291,"column":21}},"108":{"start":{"line":295,"column":2},"end":{"line":315,"column":3}},"109":{"start":{"line":296,"column":19},"end":{"line":296,"column":35}},"110":{"start":{"line":297,"column":16},"end":{"line":297,"column":33}},"111":{"start":{"line":299,"column":3},"end":{"line":314,"column":4}},"112":{"start":{"line":300,"column":4},"end":{"line":309,"column":27}},"113":{"start":{"line":301,"column":5},"end":{"line":301,"column":57}},"114":{"start":{"line":302,"column":21},"end":{"line":302,"column":40}},"115":{"start":{"line":304,"column":5},"end":{"line":308,"column":6}},"116":{"start":{"line":305,"column":6},"end":{"line":307,"column":7}},"117":{"start":{"line":306,"column":7},"end":{"line":306,"column":24}},"118":{"start":{"line":309,"column":14},"end":{"line":309,"column":24}},"119":{"start":{"line":311,"column":4},"end":{"line":311,"column":60}},"120":{"start":{"line":313,"column":4},"end":{"line":313,"column":14}},"121":{"start":{"line":317,"column":2},"end":{"line":317,"column":19}},"122":{"start":{"line":321,"column":0},"end":{"line":321,"column":22}},"123":{"start":{"line":326,"column":0},"end":{"line":328,"column":1}},"124":{"start":{"line":327,"column":1},"end":{"line":327,"column":21}},"125":{"start":{"line":330,"column":0},"end":{"line":330,"column":36}},"126":{"start":{"line":335,"column":0},"end":{"line":337,"column":1}},"127":{"start":{"line":336,"column":1},"end":{"line":336,"column":25}},"128":{"start":{"line":341,"column":0},"end":{"line":341,"column":26}}},"fnMap":{"0":{"name":"(anonymous_0)","decl":{"start":{"line":30,"column":1},"end":{"line":30,"column":2}},"loc":{"start":{"line":30,"column":48},"end":{"line":64,"column":2}},"line":30},"1":{"name":"(anonymous_1)","decl":{"start":{"line":71,"column":1},"end":{"line":71,"column":2}},"loc":{"start":{"line":71,"column":12},"end":{"line":73,"column":2}},"line":71},"2":{"name":"(anonymous_2)","decl":{"start":{"line":80,"column":1},"end":{"line":80,"column":2}},"loc":{"start":{"line":80,"column":16},"end":{"line":82,"column":2}},"line":80},"3":{"name":"(anonymous_3)","decl":{"start":{"line":89,"column":1},"end":{"line":89,"column":2}},"loc":{"start":{"line":89,"column":17},"end":{"line":91,"column":2}},"line":89},"4":{"name":"(anonymous_4)","decl":{"start":{"line":96,"column":1},"end":{"line":96,"column":2}},"loc":{"start":{"line":96,"column":15},"end":{"line":98,"column":2}},"line":96},"5":{"name":"(anonymous_5)","decl":{"start":{"line":105,"column":1},"end":{"line":105,"column":2}},"loc":{"start":{"line":105,"column":22},"end":{"line":107,"column":2}},"line":105},"6":{"name":"(anonymous_6)","decl":{"start":{"line":109,"column":1},"end":{"line":109,"column":2}},"loc":{"start":{"line":109,"column":24},"end":{"line":117,"column":2}},"line":109},"7":{"name":"(anonymous_7)","decl":{"start":{"line":119,"column":1},"end":{"line":119,"column":2}},"loc":{"start":{"line":119,"column":19},"end":{"line":123,"column":2}},"line":119},"8":{"name":"(anonymous_8)","decl":{"start":{"line":130,"column":1},"end":{"line":130,"column":2}},"loc":{"start":{"line":130,"column":21},"end":{"line":152,"column":2}},"line":130},"9":{"name":"(anonymous_9)","decl":{"start":{"line":135,"column":49},"end":{"line":135,"column":50}},"loc":{"start":{"line":135,"column":59},"end":{"line":135,"column":72}},"line":135},"10":{"name":"(anonymous_10)","decl":{"start":{"line":136,"column":48},"end":{"line":136,"column":49}},"loc":{"start":{"line":136,"column":58},"end":{"line":136,"column":71}},"line":136},"11":{"name":"(anonymous_11)","decl":{"start":{"line":161,"column":1},"end":{"line":161,"column":2}},"loc":{"start":{"line":161,"column":16},"end":{"line":180,"column":2}},"line":161},"12":{"name":"(anonymous_12)","decl":{"start":{"line":189,"column":1},"end":{"line":189,"column":2}},"loc":{"start":{"line":189,"column":50},"end":{"line":225,"column":2}},"line":189},"13":{"name":"(anonymous_13)","decl":{"start":{"line":227,"column":1},"end":{"line":227,"column":2}},"loc":{"start":{"line":227,"column":63},"end":{"line":255,"column":2}},"line":227},"14":{"name":"(anonymous_14)","decl":{"start":{"line":257,"column":1},"end":{"line":257,"column":2}},"loc":{"start":{"line":257,"column":68},"end":{"line":280,"column":2}},"line":257},"15":{"name":"(anonymous_15)","decl":{"start":{"line":282,"column":1},"end":{"line":282,"column":2}},"loc":{"start":{"line":282,"column":29},"end":{"line":318,"column":2}},"line":282},"16":{"name":"(anonymous_16)","decl":{"start":{"line":300,"column":11},"end":{"line":300,"column":12}},"loc":{"start":{"line":300,"column":17},"end":{"line":309,"column":5}},"line":300},"17":{"name":"(anonymous_17)","decl":{"start":{"line":309,"column":7},"end":{"line":309,"column":8}},"loc":{"start":{"line":309,"column":14},"end":{"line":309,"column":24}},"line":309}},"branchMap":{"0":{"loc":{"start":{"line":30,"column":20},"end":{"line":30,"column":46}},"type":"default-arg","locations":[{"start":{"line":30,"column":44},"end":{"line":30,"column":46}}],"line":30},"1":{"loc":{"start":{"line":38,"column":6},"end":{"line":38,"column":54}},"type":"cond-expr","locations":[{"start":{"line":38,"column":20},"end":{"line":38,"column":46}},{"start":{"line":38,"column":49},"end":{"line":38,"column":54}}],"line":38},"2":{"loc":{"start":{"line":45,"column":18},"end":{"line":45,"column":37}},"type":"binary-expr","locations":[{"start":{"line":45,"column":18},"end":{"line":45,"column":25}},{"start":{"line":45,"column":29},"end":{"line":45,"column":37}}],"line":45},"3":{"loc":{"start":{"line":49,"column":2},"end":{"line":57,"column":3}},"type":"if","locations":[{"start":{"line":49,"column":2},"end":{"line":57,"column":3}},{"start":{"line":49,"column":2},"end":{"line":57,"column":3}}],"line":49},"4":{"loc":{"start":{"line":49,"column":6},"end":{"line":49,"column":30}},"type":"binary-expr","locations":[{"start":{"line":49,"column":6},"end":{"line":49,"column":16}},{"start":{"line":49,"column":20},"end":{"line":49,"column":30}}],"line":49},"5":{"loc":{"start":{"line":50,"column":3},"end":{"line":56,"column":4}},"type":"if","locations":[{"start":{"line":50,"column":3},"end":{"line":56,"column":4}},{"start":{"line":50,"column":3},"end":{"line":56,"column":4}}],"line":50},"6":{"loc":{"start":{"line":59,"column":2},"end":{"line":61,"column":3}},"type":"if","locations":[{"start":{"line":59,"column":2},"end":{"line":61,"column":3}},{"start":{"line":59,"column":2},"end":{"line":61,"column":3}}],"line":59},"7":{"loc":{"start":{"line":110,"column":2},"end":{"line":112,"column":3}},"type":"if","locations":[{"start":{"line":110,"column":2},"end":{"line":112,"column":3}},{"start":{"line":110,"column":2},"end":{"line":112,"column":3}}],"line":110},"8":{"loc":{"start":{"line":120,"column":36},"end":{"line":120,"column":81}},"type":"binary-expr","locations":[{"start":{"line":120,"column":36},"end":{"line":120,"column":45}},{"start":{"line":120,"column":49},"end":{"line":120,"column":81}}],"line":120},"9":{"loc":{"start":{"line":138,"column":2},"end":{"line":140,"column":3}},"type":"if","locations":[{"start":{"line":138,"column":2},"end":{"line":140,"column":3}},{"start":{"line":138,"column":2},"end":{"line":140,"column":3}}],"line":138},"10":{"loc":{"start":{"line":142,"column":2},"end":{"line":144,"column":3}},"type":"if","locations":[{"start":{"line":142,"column":2},"end":{"line":144,"column":3}},{"start":{"line":142,"column":2},"end":{"line":144,"column":3}}],"line":142},"11":{"loc":{"start":{"line":147,"column":2},"end":{"line":151,"column":3}},"type":"if","locations":[{"start":{"line":147,"column":2},"end":{"line":151,"column":3}},{"start":{"line":147,"column":2},"end":{"line":151,"column":3}}],"line":147},"12":{"loc":{"start":{"line":189,"column":25},"end":{"line":189,"column":48}},"type":"default-arg","locations":[{"start":{"line":189,"column":37},"end":{"line":189,"column":48}}],"line":189},"13":{"loc":{"start":{"line":194,"column":21},"end":{"line":194,"column":98}},"type":"cond-expr","locations":[{"start":{"line":194,"column":55},"end":{"line":194,"column":79}},{"start":{"line":194,"column":82},"end":{"line":194,"column":98}}],"line":194},"14":{"loc":{"start":{"line":207,"column":2},"end":{"line":212,"column":3}},"type":"if","locations":[{"start":{"line":207,"column":2},"end":{"line":212,"column":3}},{"start":{"line":207,"column":2},"end":{"line":212,"column":3}}],"line":207},"15":{"loc":{"start":{"line":214,"column":2},"end":{"line":216,"column":3}},"type":"if","locations":[{"start":{"line":214,"column":2},"end":{"line":216,"column":3}},{"start":{"line":214,"column":2},"end":{"line":216,"column":3}}],"line":214},"16":{"loc":{"start":{"line":238,"column":3},"end":{"line":248,"column":4}},"type":"if","locations":[{"start":{"line":238,"column":3},"end":{"line":248,"column":4}},{"start":{"line":238,"column":3},"end":{"line":248,"column":4}}],"line":238},"17":{"loc":{"start":{"line":242,"column":4},"end":{"line":244,"column":5}},"type":"if","locations":[{"start":{"line":242,"column":4},"end":{"line":244,"column":5}},{"start":{"line":242,"column":4},"end":{"line":244,"column":5}}],"line":242},"18":{"loc":{"start":{"line":271,"column":3},"end":{"line":276,"column":4}},"type":"if","locations":[{"start":{"line":271,"column":3},"end":{"line":276,"column":4}},{"start":{"line":271,"column":3},"end":{"line":276,"column":4}}],"line":271},"19":{"loc":{"start":{"line":286,"column":3},"end":{"line":288,"column":4}},"type":"if","locations":[{"start":{"line":286,"column":3},"end":{"line":288,"column":4}},{"start":{"line":286,"column":3},"end":{"line":288,"column":4}}],"line":286},"20":{"loc":{"start":{"line":290,"column":3},"end":{"line":292,"column":4}},"type":"if","locations":[{"start":{"line":290,"column":3},"end":{"line":292,"column":4}},{"start":{"line":290,"column":3},"end":{"line":292,"column":4}}],"line":290},"21":{"loc":{"start":{"line":295,"column":2},"end":{"line":315,"column":3}},"type":"if","locations":[{"start":{"line":295,"column":2},"end":{"line":315,"column":3}},{"start":{"line":295,"column":2},"end":{"line":315,"column":3}}],"line":295},"22":{"loc":{"start":{"line":305,"column":6},"end":{"line":307,"column":7}},"type":"if","locations":[{"start":{"line":305,"column":6},"end":{"line":307,"column":7}},{"start":{"line":305,"column":6},"end":{"line":307,"column":7}}],"line":305}},"s":{"0":70,"1":70,"2":70,"3":70,"4":70,"5":70,"6":70,"7":70,"8":70,"9":70,"10":70,"11":10,"12":10,"13":60,"14":70,"15":0,"16":70,"17":91,"18":79,"19":0,"20":79,"21":2,"22":79,"23":2,"24":79,"25":79,"26":7,"27":7,"28":10,"29":10,"30":10,"31":48,"32":10,"33":48,"34":10,"35":5,"36":10,"37":1,"38":10,"39":10,"40":0,"41":10,"42":10,"43":10,"44":10,"45":10,"46":10,"47":10,"48":38,"49":38,"50":38,"51":10,"52":60,"53":60,"54":60,"55":60,"56":60,"57":60,"58":60,"59":60,"60":60,"61":60,"62":1,"63":1,"64":1,"65":60,"66":0,"67":60,"68":60,"69":60,"70":60,"71":64,"72":64,"73":64,"74":64,"75":64,"76":261,"77":261,"78":261,"79":261,"80":261,"81":21,"82":21,"83":21,"84":6,"85":15,"86":15,"87":255,"88":255,"89":64,"90":1,"91":1,"92":1,"93":4,"94":4,"95":4,"96":4,"97":4,"98":4,"99":1,"100":3,"101":3,"102":1,"103":64,"104":891,"105":57,"106":834,"107":59,"108":64,"109":7,"110":7,"111":7,"112":7,"113":1007,"114":1007,"115":1007,"116":26182,"117":6,"118":1013,"119":6,"120":1,"121":63,"122":9,"123":9,"124":225,"125":9,"126":9,"127":63,"128":9},"f":{"0":70,"1":91,"2":79,"3":0,"4":79,"5":2,"6":79,"7":7,"8":10,"9":48,"10":48,"11":10,"12":60,"13":64,"14":1,"15":64,"16":1007,"17":1013},"b":{"0":[7],"1":[10,60],"2":[70,50],"3":[70,0],"4":[70,70],"5":[10,60],"6":[0,70],"7":[2,77],"8":[7,4],"9":[5,5],"10":[1,9],"11":[10,0],"12":[2],"13":[1,59],"14":[1,59],"15":[0,60],"16":[21,240],"17":[6,15],"18":[1,3],"19":[57,834],"20":[59,775],"21":[7,57],"22":[6,26176]},"_coverageSchema":"43e27e138ebf9cfc5966b082cf9a028302ed4184","hash":"0a97c6b5bbfdc5bad05369be8dd04550ad3ce5c8"}
,"/Users/feral/Creative-Coding/playa/lib/core/HarmonyBase.js": {"path":"/Users/feral/Creative-Coding/playa/lib/core/HarmonyBase.js","statementMap":{"0":{"start":{"line":20,"column":2},"end":{"line":24,"column":3}},"1":{"start":{"line":21,"column":3},"end":{"line":21,"column":23}},"2":{"start":{"line":23,"column":3},"end":{"line":23,"column":21}},"3":{"start":{"line":26,"column":2},"end":{"line":26,"column":20}},"4":{"start":{"line":27,"column":2},"end":{"line":27,"column":19}},"5":{"start":{"line":28,"column":2},"end":{"line":28,"column":45}},"6":{"start":{"line":37,"column":2},"end":{"line":37,"column":20}},"7":{"start":{"line":46,"column":14},"end":{"line":46,"column":25}},"8":{"start":{"line":47,"column":19},"end":{"line":47,"column":33}},"9":{"start":{"line":49,"column":2},"end":{"line":51,"column":3}},"10":{"start":{"line":50,"column":3},"end":{"line":50,"column":15}},"11":{"start":{"line":53,"column":2},"end":{"line":53,"column":35}},"12":{"start":{"line":62,"column":2},"end":{"line":62,"column":20}}},"fnMap":{"0":{"name":"(anonymous_0)","decl":{"start":{"line":19,"column":1},"end":{"line":19,"column":2}},"loc":{"start":{"line":19,"column":35},"end":{"line":29,"column":2}},"line":19},"1":{"name":"(anonymous_1)","decl":{"start":{"line":36,"column":1},"end":{"line":36,"column":2}},"loc":{"start":{"line":36,"column":12},"end":{"line":38,"column":2}},"line":36},"2":{"name":"(anonymous_2)","decl":{"start":{"line":45,"column":1},"end":{"line":45,"column":2}},"loc":{"start":{"line":45,"column":13},"end":{"line":54,"column":2}},"line":45},"3":{"name":"(anonymous_3)","decl":{"start":{"line":61,"column":1},"end":{"line":61,"column":2}},"loc":{"start":{"line":61,"column":12},"end":{"line":63,"column":2}},"line":61}},"branchMap":{"0":{"loc":{"start":{"line":20,"column":2},"end":{"line":24,"column":3}},"type":"if","locations":[{"start":{"line":20,"column":2},"end":{"line":24,"column":3}},{"start":{"line":20,"column":2},"end":{"line":24,"column":3}}],"line":20},"1":{"loc":{"start":{"line":28,"column":19},"end":{"line":28,"column":44}},"type":"binary-expr","locations":[{"start":{"line":28,"column":19},"end":{"line":28,"column":27}},{"start":{"line":28,"column":31},"end":{"line":28,"column":44}}],"line":28},"2":{"loc":{"start":{"line":49,"column":2},"end":{"line":51,"column":3}},"type":"if","locations":[{"start":{"line":49,"column":2},"end":{"line":51,"column":3}},{"start":{"line":49,"column":2},"end":{"line":51,"column":3}}],"line":49}},"s":{"0":189,"1":0,"2":189,"3":189,"4":189,"5":189,"6":106,"7":159,"8":159,"9":159,"10":0,"11":159,"12":134},"f":{"0":189,"1":106,"2":159,"3":134},"b":{"0":[0,189],"1":[189,8],"2":[0,159]},"_coverageSchema":"43e27e138ebf9cfc5966b082cf9a028302ed4184","hash":"21d94883290b6066cb2f122304003df455746a11"}
,"/Users/feral/Creative-Coding/playa/lib/core/Key.js": {"path":"/Users/feral/Creative-Coding/playa/lib/core/Key.js","statementMap":{"0":{"start":{"line":6,"column":20},"end":{"line":6,"column":21}},"1":{"start":{"line":8,"column":23},"end":{"line":10,"column":2}},"2":{"start":{"line":28,"column":2},"end":{"line":28,"column":26}},"3":{"start":{"line":30,"column":2},"end":{"line":30,"column":62}},"4":{"start":{"line":32,"column":2},"end":{"line":52,"column":5}},"5":{"start":{"line":34,"column":4},"end":{"line":36,"column":5}},"6":{"start":{"line":35,"column":5},"end":{"line":35,"column":47}},"7":{"start":{"line":38,"column":4},"end":{"line":50,"column":5}},"8":{"start":{"line":39,"column":17},"end":{"line":39,"column":30}},"9":{"start":{"line":41,"column":5},"end":{"line":43,"column":6}},"10":{"start":{"line":42,"column":6},"end":{"line":42,"column":52}},"11":{"start":{"line":45,"column":18},"end":{"line":47,"column":10}},"12":{"start":{"line":46,"column":6},"end":{"line":46,"column":37}},"13":{"start":{"line":49,"column":5},"end":{"line":49,"column":49}},"14":{"start":{"line":61,"column":14},"end":{"line":61,"column":25}},"15":{"start":{"line":63,"column":2},"end":{"line":65,"column":3}},"16":{"start":{"line":64,"column":3},"end":{"line":64,"column":31}},"17":{"start":{"line":67,"column":2},"end":{"line":67,"column":15}},"18":{"start":{"line":78,"column":16},"end":{"line":78,"column":27}},"19":{"start":{"line":79,"column":15},"end":{"line":79,"column":25}},"20":{"start":{"line":81,"column":2},"end":{"line":83,"column":3}},"21":{"start":{"line":82,"column":3},"end":{"line":82,"column":10}},"22":{"start":{"line":87,"column":2},"end":{"line":89,"column":3}},"23":{"start":{"line":88,"column":3},"end":{"line":88,"column":56}},"24":{"start":{"line":91,"column":2},"end":{"line":93,"column":3}},"25":{"start":{"line":92,"column":3},"end":{"line":92,"column":58}},"26":{"start":{"line":95,"column":2},"end":{"line":95,"column":20}},"27":{"start":{"line":96,"column":2},"end":{"line":96,"column":36}},"28":{"start":{"line":98,"column":2},"end":{"line":98,"column":21}},"29":{"start":{"line":102,"column":16},"end":{"line":102,"column":26}},"30":{"start":{"line":103,"column":15},"end":{"line":103,"column":42}},"31":{"start":{"line":105,"column":2},"end":{"line":105,"column":25}},"32":{"start":{"line":106,"column":2},"end":{"line":106,"column":26}},"33":{"start":{"line":108,"column":18},"end":{"line":108,"column":68}},"34":{"start":{"line":109,"column":21},"end":{"line":109,"column":52}},"35":{"start":{"line":111,"column":2},"end":{"line":111,"column":65}},"36":{"start":{"line":113,"column":2},"end":{"line":113,"column":21}},"37":{"start":{"line":123,"column":15},"end":{"line":123,"column":24}},"38":{"start":{"line":125,"column":2},"end":{"line":125,"column":63}},"39":{"start":{"line":135,"column":15},"end":{"line":135,"column":25}},"40":{"start":{"line":136,"column":15},"end":{"line":136,"column":25}},"41":{"start":{"line":137,"column":20},"end":{"line":137,"column":40}},"42":{"start":{"line":139,"column":2},"end":{"line":141,"column":3}},"43":{"start":{"line":140,"column":3},"end":{"line":140,"column":60}},"44":{"start":{"line":143,"column":2},"end":{"line":143,"column":21}},"45":{"start":{"line":147,"column":2},"end":{"line":147,"column":35}},"46":{"start":{"line":157,"column":18},"end":{"line":157,"column":28}},"47":{"start":{"line":158,"column":23},"end":{"line":158,"column":52}},"48":{"start":{"line":160,"column":2},"end":{"line":162,"column":3}},"49":{"start":{"line":161,"column":3},"end":{"line":161,"column":13}},"50":{"start":{"line":164,"column":2},"end":{"line":166,"column":3}},"51":{"start":{"line":165,"column":3},"end":{"line":165,"column":66}},"52":{"start":{"line":168,"column":21},"end":{"line":168,"column":68}},"53":{"start":{"line":170,"column":22},"end":{"line":170,"column":46}},"54":{"start":{"line":172,"column":2},"end":{"line":175,"column":4}},"55":{"start":{"line":185,"column":16},"end":{"line":185,"column":27}},"56":{"start":{"line":188,"column":38},"end":{"line":188,"column":58}},"57":{"start":{"line":190,"column":23},"end":{"line":190,"column":96}},"58":{"start":{"line":192,"column":14},"end":{"line":192,"column":16}},"59":{"start":{"line":193,"column":14},"end":{"line":193,"column":15}},"60":{"start":{"line":195,"column":2},"end":{"line":199,"column":3}},"61":{"start":{"line":196,"column":16},"end":{"line":196,"column":42}},"62":{"start":{"line":198,"column":3},"end":{"line":198,"column":31}},"63":{"start":{"line":202,"column":2},"end":{"line":202,"column":82}},"64":{"start":{"line":204,"column":2},"end":{"line":204,"column":22}},"65":{"start":{"line":206,"column":2},"end":{"line":206,"column":15}},"66":{"start":{"line":217,"column":2},"end":{"line":217,"column":55}},"67":{"start":{"line":221,"column":2},"end":{"line":225,"column":3}},"68":{"start":{"line":222,"column":3},"end":{"line":224,"column":4}},"69":{"start":{"line":223,"column":4},"end":{"line":223,"column":16}},"70":{"start":{"line":226,"column":2},"end":{"line":226,"column":15}},"71":{"start":{"line":230,"column":0},"end":{"line":230,"column":30}},"72":{"start":{"line":231,"column":0},"end":{"line":231,"column":34}},"73":{"start":{"line":232,"column":0},"end":{"line":232,"column":83}},"74":{"start":{"line":234,"column":0},"end":{"line":242,"column":3}}},"fnMap":{"0":{"name":"(anonymous_0)","decl":{"start":{"line":27,"column":1},"end":{"line":27,"column":2}},"loc":{"start":{"line":27,"column":36},"end":{"line":53,"column":2}},"line":27},"1":{"name":"(anonymous_1)","decl":{"start":{"line":33,"column":3},"end":{"line":33,"column":4}},"loc":{"start":{"line":33,"column":30},"end":{"line":51,"column":4}},"line":33},"2":{"name":"(anonymous_2)","decl":{"start":{"line":45,"column":31},"end":{"line":45,"column":32}},"loc":{"start":{"line":45,"column":41},"end":{"line":47,"column":6}},"line":45},"3":{"name":"(anonymous_3)","decl":{"start":{"line":60,"column":1},"end":{"line":60,"column":2}},"loc":{"start":{"line":60,"column":13},"end":{"line":68,"column":2}},"line":60},"4":{"name":"(anonymous_4)","decl":{"start":{"line":77,"column":1},"end":{"line":77,"column":2}},"loc":{"start":{"line":77,"column":38},"end":{"line":99,"column":2}},"line":77},"5":{"name":"(anonymous_5)","decl":{"start":{"line":101,"column":1},"end":{"line":101,"column":2}},"loc":{"start":{"line":101,"column":16},"end":{"line":114,"column":2}},"line":101},"6":{"name":"(anonymous_6)","decl":{"start":{"line":122,"column":1},"end":{"line":122,"column":2}},"loc":{"start":{"line":122,"column":20},"end":{"line":126,"column":2}},"line":122},"7":{"name":"(anonymous_7)","decl":{"start":{"line":134,"column":1},"end":{"line":134,"column":2}},"loc":{"start":{"line":134,"column":13},"end":{"line":144,"column":2}},"line":134},"8":{"name":"(anonymous_8)","decl":{"start":{"line":146,"column":1},"end":{"line":146,"column":2}},"loc":{"start":{"line":146,"column":31},"end":{"line":148,"column":2}},"line":146},"9":{"name":"(anonymous_9)","decl":{"start":{"line":156,"column":1},"end":{"line":156,"column":2}},"loc":{"start":{"line":156,"column":17},"end":{"line":176,"column":2}},"line":156},"10":{"name":"(anonymous_10)","decl":{"start":{"line":184,"column":1},"end":{"line":184,"column":2}},"loc":{"start":{"line":184,"column":16},"end":{"line":207,"column":2}},"line":184},"11":{"name":"(anonymous_11)","decl":{"start":{"line":216,"column":1},"end":{"line":216,"column":2}},"loc":{"start":{"line":216,"column":21},"end":{"line":218,"column":2}},"line":216},"12":{"name":"(anonymous_12)","decl":{"start":{"line":220,"column":1},"end":{"line":220,"column":2}},"loc":{"start":{"line":220,"column":21},"end":{"line":227,"column":2}},"line":220}},"branchMap":{"0":{"loc":{"start":{"line":27,"column":25},"end":{"line":27,"column":34}},"type":"default-arg","locations":[{"start":{"line":27,"column":32},"end":{"line":27,"column":34}}],"line":27},"1":{"loc":{"start":{"line":30,"column":25},"end":{"line":30,"column":61}},"type":"binary-expr","locations":[{"start":{"line":30,"column":25},"end":{"line":30,"column":44}},{"start":{"line":30,"column":48},"end":{"line":30,"column":61}}],"line":30},"2":{"loc":{"start":{"line":34,"column":4},"end":{"line":36,"column":5}},"type":"if","locations":[{"start":{"line":34,"column":4},"end":{"line":36,"column":5}},{"start":{"line":34,"column":4},"end":{"line":36,"column":5}}],"line":34},"3":{"loc":{"start":{"line":38,"column":4},"end":{"line":50,"column":5}},"type":"if","locations":[{"start":{"line":38,"column":4},"end":{"line":50,"column":5}},{"start":{"line":38,"column":4},"end":{"line":50,"column":5}}],"line":38},"4":{"loc":{"start":{"line":41,"column":5},"end":{"line":43,"column":6}},"type":"if","locations":[{"start":{"line":41,"column":5},"end":{"line":43,"column":6}},{"start":{"line":41,"column":5},"end":{"line":43,"column":6}}],"line":41},"5":{"loc":{"start":{"line":63,"column":2},"end":{"line":65,"column":3}},"type":"if","locations":[{"start":{"line":63,"column":2},"end":{"line":65,"column":3}},{"start":{"line":63,"column":2},"end":{"line":65,"column":3}}],"line":63},"6":{"loc":{"start":{"line":77,"column":21},"end":{"line":77,"column":36}},"type":"default-arg","locations":[{"start":{"line":77,"column":32},"end":{"line":77,"column":36}}],"line":77},"7":{"loc":{"start":{"line":81,"column":2},"end":{"line":83,"column":3}},"type":"if","locations":[{"start":{"line":81,"column":2},"end":{"line":83,"column":3}},{"start":{"line":81,"column":2},"end":{"line":83,"column":3}}],"line":81},"8":{"loc":{"start":{"line":81,"column":6},"end":{"line":81,"column":40}},"type":"binary-expr","locations":[{"start":{"line":81,"column":6},"end":{"line":81,"column":19}},{"start":{"line":81,"column":23},"end":{"line":81,"column":40}}],"line":81},"9":{"loc":{"start":{"line":87,"column":2},"end":{"line":89,"column":3}},"type":"if","locations":[{"start":{"line":87,"column":2},"end":{"line":89,"column":3}},{"start":{"line":87,"column":2},"end":{"line":89,"column":3}}],"line":87},"10":{"loc":{"start":{"line":91,"column":2},"end":{"line":93,"column":3}},"type":"if","locations":[{"start":{"line":91,"column":2},"end":{"line":93,"column":3}},{"start":{"line":91,"column":2},"end":{"line":93,"column":3}}],"line":91},"11":{"loc":{"start":{"line":125,"column":9},"end":{"line":125,"column":62}},"type":"cond-expr","locations":[{"start":{"line":125,"column":28},"end":{"line":125,"column":55}},{"start":{"line":125,"column":58},"end":{"line":125,"column":62}}],"line":125},"12":{"loc":{"start":{"line":139,"column":2},"end":{"line":141,"column":3}},"type":"if","locations":[{"start":{"line":139,"column":2},"end":{"line":141,"column":3}},{"start":{"line":139,"column":2},"end":{"line":141,"column":3}}],"line":139},"13":{"loc":{"start":{"line":160,"column":2},"end":{"line":162,"column":3}},"type":"if","locations":[{"start":{"line":160,"column":2},"end":{"line":162,"column":3}},{"start":{"line":160,"column":2},"end":{"line":162,"column":3}}],"line":160},"14":{"loc":{"start":{"line":160,"column":6},"end":{"line":160,"column":45}},"type":"binary-expr","locations":[{"start":{"line":160,"column":6},"end":{"line":160,"column":19}},{"start":{"line":160,"column":23},"end":{"line":160,"column":45}}],"line":160},"15":{"loc":{"start":{"line":164,"column":2},"end":{"line":166,"column":3}},"type":"if","locations":[{"start":{"line":164,"column":2},"end":{"line":166,"column":3}},{"start":{"line":164,"column":2},"end":{"line":166,"column":3}}],"line":164},"16":{"loc":{"start":{"line":165,"column":15},"end":{"line":165,"column":65}},"type":"cond-expr","locations":[{"start":{"line":165,"column":41},"end":{"line":165,"column":51}},{"start":{"line":165,"column":54},"end":{"line":165,"column":65}}],"line":165},"17":{"loc":{"start":{"line":222,"column":3},"end":{"line":224,"column":4}},"type":"if","locations":[{"start":{"line":222,"column":3},"end":{"line":224,"column":4}},{"start":{"line":222,"column":3},"end":{"line":224,"column":4}}],"line":222},"18":{"loc":{"start":{"line":222,"column":7},"end":{"line":222,"column":34}},"type":"binary-expr","locations":[{"start":{"line":222,"column":7},"end":{"line":222,"column":17}},{"start":{"line":222,"column":21},"end":{"line":222,"column":34}}],"line":222}},"s":{"0":8,"1":8,"2":21,"3":21,"4":21,"5":1005,"6":975,"7":30,"8":2,"9":2,"10":2,"11":2,"12":14,"13":2,"14":40,"15":40,"16":21,"17":40,"18":21,"19":21,"20":21,"21":0,"22":21,"23":4,"24":21,"25":17,"26":21,"27":21,"28":21,"29":35,"30":35,"31":35,"32":35,"33":35,"34":35,"35":35,"36":35,"37":53,"38":53,"39":5,"40":5,"41":5,"42":5,"43":5,"44":5,"45":0,"46":23,"47":23,"48":23,"49":0,"50":23,"51":14,"52":23,"53":23,"54":23,"55":23,"56":23,"57":23,"58":23,"59":23,"60":23,"61":161,"62":161,"63":23,"64":23,"65":23,"66":23,"67":83,"68":309,"69":83,"70":0,"71":8,"72":8,"73":8,"74":8},"f":{"0":21,"1":1005,"2":14,"3":40,"4":21,"5":35,"6":53,"7":5,"8":0,"9":23,"10":23,"11":23,"12":83},"b":{"0":[0],"1":[21,21],"2":[975,30],"3":[2,28],"4":[2,0],"5":[21,19],"6":[2],"7":[0,21],"8":[21,21],"9":[4,17],"10":[17,4],"11":[53,0],"12":[5,0],"13":[0,23],"14":[23,9],"15":[14,9],"16":[12,2],"17":[83,226],"18":[309,309]},"_coverageSchema":"43e27e138ebf9cfc5966b082cf9a028302ed4184","hash":"3bd262a18ec736aba43e49f460868a78fb4c648d"}
,"/Users/feral/Creative-Coding/playa/lib/core/Mode.js": {"path":"/Users/feral/Creative-Coding/playa/lib/core/Mode.js","statementMap":{"0":{"start":{"line":19,"column":2},"end":{"line":19,"column":30}},"1":{"start":{"line":29,"column":15},"end":{"line":29,"column":25}},"2":{"start":{"line":30,"column":15},"end":{"line":30,"column":25}},"3":{"start":{"line":32,"column":2},"end":{"line":40,"column":3}},"4":{"start":{"line":33,"column":23},"end":{"line":33,"column":45}},"5":{"start":{"line":34,"column":24},"end":{"line":34,"column":38}},"6":{"start":{"line":37,"column":3},"end":{"line":37,"column":35}},"7":{"start":{"line":39,"column":3},"end":{"line":39,"column":53}},"8":{"start":{"line":42,"column":2},"end":{"line":42,"column":21}},"9":{"start":{"line":52,"column":15},"end":{"line":52,"column":25}},"10":{"start":{"line":53,"column":15},"end":{"line":53,"column":25}},"11":{"start":{"line":54,"column":16},"end":{"line":54,"column":27}},"12":{"start":{"line":55,"column":19},"end":{"line":55,"column":33}},"13":{"start":{"line":57,"column":2},"end":{"line":59,"column":3}},"14":{"start":{"line":58,"column":3},"end":{"line":58,"column":60}},"15":{"start":{"line":61,"column":2},"end":{"line":61,"column":21}},"16":{"start":{"line":65,"column":2},"end":{"line":69,"column":3}},"17":{"start":{"line":66,"column":3},"end":{"line":68,"column":4}},"18":{"start":{"line":67,"column":4},"end":{"line":67,"column":16}},"19":{"start":{"line":70,"column":2},"end":{"line":70,"column":15}},"20":{"start":{"line":75,"column":0},"end":{"line":83,"column":3}},"21":{"start":{"line":88,"column":0},"end":{"line":90,"column":1}},"22":{"start":{"line":89,"column":1},"end":{"line":89,"column":19}},"23":{"start":{"line":92,"column":0},"end":{"line":100,"column":3}}},"fnMap":{"0":{"name":"(anonymous_0)","decl":{"start":{"line":18,"column":1},"end":{"line":18,"column":2}},"loc":{"start":{"line":18,"column":44},"end":{"line":20,"column":2}},"line":18},"1":{"name":"(anonymous_1)","decl":{"start":{"line":28,"column":1},"end":{"line":28,"column":2}},"loc":{"start":{"line":28,"column":13},"end":{"line":43,"column":2}},"line":28},"2":{"name":"(anonymous_2)","decl":{"start":{"line":51,"column":1},"end":{"line":51,"column":2}},"loc":{"start":{"line":51,"column":13},"end":{"line":62,"column":2}},"line":51},"3":{"name":"(anonymous_3)","decl":{"start":{"line":64,"column":1},"end":{"line":64,"column":2}},"loc":{"start":{"line":64,"column":21},"end":{"line":71,"column":2}},"line":64}},"branchMap":{"0":{"loc":{"start":{"line":18,"column":25},"end":{"line":18,"column":42}},"type":"default-arg","locations":[{"start":{"line":18,"column":40},"end":{"line":18,"column":42}}],"line":18},"1":{"loc":{"start":{"line":32,"column":2},"end":{"line":40,"column":3}},"type":"if","locations":[{"start":{"line":32,"column":2},"end":{"line":40,"column":3}},{"start":{"line":32,"column":2},"end":{"line":40,"column":3}}],"line":32},"2":{"loc":{"start":{"line":57,"column":2},"end":{"line":59,"column":3}},"type":"if","locations":[{"start":{"line":57,"column":2},"end":{"line":59,"column":3}},{"start":{"line":57,"column":2},"end":{"line":59,"column":3}}],"line":57},"3":{"loc":{"start":{"line":66,"column":3},"end":{"line":68,"column":4}},"type":"if","locations":[{"start":{"line":66,"column":3},"end":{"line":68,"column":4}},{"start":{"line":66,"column":3},"end":{"line":68,"column":4}}],"line":66},"4":{"loc":{"start":{"line":66,"column":7},"end":{"line":66,"column":34}},"type":"binary-expr","locations":[{"start":{"line":66,"column":7},"end":{"line":66,"column":17}},{"start":{"line":66,"column":21},"end":{"line":66,"column":34}}],"line":66}},"s":{"0":0,"1":0,"2":0,"3":0,"4":0,"5":0,"6":0,"7":0,"8":0,"9":0,"10":0,"11":0,"12":0,"13":0,"14":0,"15":0,"16":0,"17":0,"18":0,"19":0,"20":0,"21":0,"22":0,"23":0},"f":{"0":0,"1":0,"2":0,"3":0},"b":{"0":[0],"1":[0,0],"2":[0,0],"3":[0,0],"4":[0,0]}}
,"/Users/feral/Creative-Coding/playa/lib/core/Note.js": {"path":"/Users/feral/Creative-Coding/playa/lib/core/Note.js","statementMap":{"0":{"start":{"line":4,"column":15},"end":{"line":4,"column":18}},"1":{"start":{"line":18,"column":20},"end":{"line":18,"column":48}},"2":{"start":{"line":20,"column":2},"end":{"line":20,"column":67}},"3":{"start":{"line":22,"column":2},"end":{"line":22,"column":54}},"4":{"start":{"line":23,"column":2},"end":{"line":23,"column":23}},"5":{"start":{"line":24,"column":2},"end":{"line":24,"column":24}},"6":{"start":{"line":26,"column":2},"end":{"line":28,"column":3}},"7":{"start":{"line":27,"column":3},"end":{"line":27,"column":21}},"8":{"start":{"line":30,"column":2},"end":{"line":34,"column":3}},"9":{"start":{"line":31,"column":3},"end":{"line":31,"column":41}},"10":{"start":{"line":33,"column":3},"end":{"line":33,"column":63}},"11":{"start":{"line":36,"column":2},"end":{"line":38,"column":3}},"12":{"start":{"line":37,"column":3},"end":{"line":37,"column":46}},"13":{"start":{"line":40,"column":2},"end":{"line":42,"column":3}},"14":{"start":{"line":41,"column":3},"end":{"line":41,"column":10}},"15":{"start":{"line":44,"column":25},"end":{"line":44,"column":56}},"16":{"start":{"line":46,"column":2},"end":{"line":46,"column":20}},"17":{"start":{"line":47,"column":2},"end":{"line":47,"column":20}},"18":{"start":{"line":56,"column":17},"end":{"line":56,"column":29}},"19":{"start":{"line":57,"column":15},"end":{"line":57,"column":25}},"20":{"start":{"line":59,"column":2},"end":{"line":61,"column":3}},"21":{"start":{"line":60,"column":3},"end":{"line":60,"column":30}},"22":{"start":{"line":63,"column":2},"end":{"line":65,"column":3}},"23":{"start":{"line":64,"column":3},"end":{"line":64,"column":21}},"24":{"start":{"line":67,"column":2},"end":{"line":67,"column":40}},"25":{"start":{"line":69,"column":2},"end":{"line":69,"column":35}},"26":{"start":{"line":73,"column":2},"end":{"line":73,"column":20}},"27":{"start":{"line":82,"column":2},"end":{"line":84,"column":3}},"28":{"start":{"line":83,"column":3},"end":{"line":83,"column":46}},"29":{"start":{"line":86,"column":2},"end":{"line":86,"column":26}},"30":{"start":{"line":90,"column":2},"end":{"line":90,"column":16}},"31":{"start":{"line":100,"column":17},"end":{"line":100,"column":29}},"32":{"start":{"line":102,"column":2},"end":{"line":104,"column":3}},"33":{"start":{"line":103,"column":3},"end":{"line":103,"column":15}},"34":{"start":{"line":105,"column":2},"end":{"line":105,"column":35}},"35":{"start":{"line":114,"column":2},"end":{"line":114,"column":20}},"36":{"start":{"line":118,"column":2},"end":{"line":118,"column":20}},"37":{"start":{"line":127,"column":15},"end":{"line":127,"column":25}},"38":{"start":{"line":129,"column":2},"end":{"line":131,"column":3}},"39":{"start":{"line":130,"column":3},"end":{"line":130,"column":21}},"40":{"start":{"line":133,"column":2},"end":{"line":135,"column":3}},"41":{"start":{"line":134,"column":3},"end":{"line":134,"column":15}},"42":{"start":{"line":137,"column":2},"end":{"line":137,"column":62}},"43":{"start":{"line":139,"column":2},"end":{"line":139,"column":20}},"44":{"start":{"line":143,"column":2},"end":{"line":143,"column":16}},"45":{"start":{"line":152,"column":13},"end":{"line":152,"column":23}},"46":{"start":{"line":154,"column":2},"end":{"line":156,"column":3}},"47":{"start":{"line":155,"column":3},"end":{"line":155,"column":17}},"48":{"start":{"line":158,"column":2},"end":{"line":158,"column":30}},"49":{"start":{"line":167,"column":2},"end":{"line":167,"column":30}},"50":{"start":{"line":176,"column":2},"end":{"line":176,"column":30}},"51":{"start":{"line":186,"column":2},"end":{"line":186,"column":38}},"52":{"start":{"line":196,"column":2},"end":{"line":196,"column":25}},"53":{"start":{"line":206,"column":2},"end":{"line":206,"column":39}},"54":{"start":{"line":218,"column":2},"end":{"line":218,"column":43}},"55":{"start":{"line":229,"column":2},"end":{"line":229,"column":39}},"56":{"start":{"line":231,"column":2},"end":{"line":233,"column":3}},"57":{"start":{"line":232,"column":3},"end":{"line":232,"column":15}},"58":{"start":{"line":235,"column":2},"end":{"line":245,"column":3}},"59":{"start":{"line":235,"column":19},"end":{"line":235,"column":20}},"60":{"start":{"line":236,"column":22},"end":{"line":236,"column":40}},"61":{"start":{"line":237,"column":21},"end":{"line":237,"column":45}},"62":{"start":{"line":239,"column":3},"end":{"line":244,"column":4}},"63":{"start":{"line":240,"column":28},"end":{"line":240,"column":51}},"64":{"start":{"line":242,"column":4},"end":{"line":242,"column":61}},"65":{"start":{"line":243,"column":4},"end":{"line":243,"column":10}},"66":{"start":{"line":247,"column":2},"end":{"line":249,"column":3}},"67":{"start":{"line":248,"column":3},"end":{"line":248,"column":15}},"68":{"start":{"line":251,"column":2},"end":{"line":251,"column":14}},"69":{"start":{"line":262,"column":13},"end":{"line":262,"column":23}},"70":{"start":{"line":264,"column":2},"end":{"line":266,"column":3}},"71":{"start":{"line":265,"column":3},"end":{"line":265,"column":27}},"72":{"start":{"line":268,"column":20},"end":{"line":268,"column":40}},"73":{"start":{"line":272,"column":20},"end":{"line":272,"column":33}},"74":{"start":{"line":273,"column":20},"end":{"line":273,"column":33}},"75":{"start":{"line":275,"column":2},"end":{"line":278,"column":4}},"76":{"start":{"line":282,"column":0},"end":{"line":282,"column":17}},"77":{"start":{"line":283,"column":0},"end":{"line":283,"column":16}}},"fnMap":{"0":{"name":"(anonymous_0)","decl":{"start":{"line":17,"column":1},"end":{"line":17,"column":2}},"loc":{"start":{"line":17,"column":25},"end":{"line":48,"column":2}},"line":17},"1":{"name":"(anonymous_1)","decl":{"start":{"line":55,"column":1},"end":{"line":55,"column":2}},"loc":{"start":{"line":55,"column":9},"end":{"line":70,"column":2}},"line":55},"2":{"name":"(anonymous_2)","decl":{"start":{"line":72,"column":1},"end":{"line":72,"column":2}},"loc":{"start":{"line":72,"column":12},"end":{"line":74,"column":2}},"line":72},"3":{"name":"(anonymous_3)","decl":{"start":{"line":81,"column":1},"end":{"line":81,"column":2}},"loc":{"start":{"line":81,"column":9},"end":{"line":87,"column":2}},"line":81},"4":{"name":"(anonymous_4)","decl":{"start":{"line":89,"column":1},"end":{"line":89,"column":2}},"loc":{"start":{"line":89,"column":18},"end":{"line":91,"column":2}},"line":89},"5":{"name":"(anonymous_5)","decl":{"start":{"line":98,"column":1},"end":{"line":98,"column":2}},"loc":{"start":{"line":98,"column":12},"end":{"line":106,"column":2}},"line":98},"6":{"name":"(anonymous_6)","decl":{"start":{"line":113,"column":1},"end":{"line":113,"column":2}},"loc":{"start":{"line":113,"column":9},"end":{"line":115,"column":2}},"line":113},"7":{"name":"(anonymous_7)","decl":{"start":{"line":117,"column":1},"end":{"line":117,"column":2}},"loc":{"start":{"line":117,"column":12},"end":{"line":119,"column":2}},"line":117},"8":{"name":"(anonymous_8)","decl":{"start":{"line":126,"column":1},"end":{"line":126,"column":2}},"loc":{"start":{"line":126,"column":9},"end":{"line":140,"column":2}},"line":126},"9":{"name":"(anonymous_9)","decl":{"start":{"line":142,"column":1},"end":{"line":142,"column":2}},"loc":{"start":{"line":142,"column":12},"end":{"line":144,"column":2}},"line":142},"10":{"name":"(anonymous_10)","decl":{"start":{"line":151,"column":1},"end":{"line":151,"column":2}},"loc":{"start":{"line":151,"column":13},"end":{"line":159,"column":2}},"line":151},"11":{"name":"(anonymous_11)","decl":{"start":{"line":166,"column":1},"end":{"line":166,"column":2}},"loc":{"start":{"line":166,"column":12},"end":{"line":168,"column":2}},"line":166},"12":{"name":"(anonymous_12)","decl":{"start":{"line":175,"column":1},"end":{"line":175,"column":2}},"loc":{"start":{"line":175,"column":12},"end":{"line":177,"column":2}},"line":175},"13":{"name":"(anonymous_13)","decl":{"start":{"line":185,"column":1},"end":{"line":185,"column":2}},"loc":{"start":{"line":185,"column":14},"end":{"line":187,"column":2}},"line":185},"14":{"name":"(anonymous_14)","decl":{"start":{"line":195,"column":1},"end":{"line":195,"column":2}},"loc":{"start":{"line":195,"column":17},"end":{"line":197,"column":2}},"line":195},"15":{"name":"(anonymous_15)","decl":{"start":{"line":205,"column":1},"end":{"line":205,"column":2}},"loc":{"start":{"line":205,"column":15},"end":{"line":207,"column":2}},"line":205},"16":{"name":"(anonymous_16)","decl":{"start":{"line":217,"column":1},"end":{"line":217,"column":2}},"loc":{"start":{"line":217,"column":19},"end":{"line":219,"column":2}},"line":217},"17":{"name":"(anonymous_17)","decl":{"start":{"line":228,"column":1},"end":{"line":228,"column":2}},"loc":{"start":{"line":228,"column":26},"end":{"line":252,"column":2}},"line":228},"18":{"name":"(anonymous_18)","decl":{"start":{"line":261,"column":1},"end":{"line":261,"column":2}},"loc":{"start":{"line":261,"column":18},"end":{"line":279,"column":2}},"line":261}},"branchMap":{"0":{"loc":{"start":{"line":20,"column":15},"end":{"line":20,"column":66}},"type":"cond-expr","locations":[{"start":{"line":20,"column":34},"end":{"line":20,"column":38}},{"start":{"line":20,"column":41},"end":{"line":20,"column":66}}],"line":20},"1":{"loc":{"start":{"line":26,"column":2},"end":{"line":28,"column":3}},"type":"if","locations":[{"start":{"line":26,"column":2},"end":{"line":28,"column":3}},{"start":{"line":26,"column":2},"end":{"line":28,"column":3}}],"line":26},"2":{"loc":{"start":{"line":26,"column":6},"end":{"line":26,"column":30}},"type":"binary-expr","locations":[{"start":{"line":26,"column":6},"end":{"line":26,"column":15}},{"start":{"line":26,"column":19},"end":{"line":26,"column":30}}],"line":26},"3":{"loc":{"start":{"line":30,"column":2},"end":{"line":34,"column":3}},"type":"if","locations":[{"start":{"line":30,"column":2},"end":{"line":34,"column":3}},{"start":{"line":30,"column":2},"end":{"line":34,"column":3}}],"line":30},"4":{"loc":{"start":{"line":36,"column":2},"end":{"line":38,"column":3}},"type":"if","locations":[{"start":{"line":36,"column":2},"end":{"line":38,"column":3}},{"start":{"line":36,"column":2},"end":{"line":38,"column":3}}],"line":36},"5":{"loc":{"start":{"line":40,"column":2},"end":{"line":42,"column":3}},"type":"if","locations":[{"start":{"line":40,"column":2},"end":{"line":42,"column":3}},{"start":{"line":40,"column":2},"end":{"line":42,"column":3}}],"line":40},"6":{"loc":{"start":{"line":59,"column":2},"end":{"line":61,"column":3}},"type":"if","locations":[{"start":{"line":59,"column":2},"end":{"line":61,"column":3}},{"start":{"line":59,"column":2},"end":{"line":61,"column":3}}],"line":59},"7":{"loc":{"start":{"line":63,"column":2},"end":{"line":65,"column":3}},"type":"if","locations":[{"start":{"line":63,"column":2},"end":{"line":65,"column":3}},{"start":{"line":63,"column":2},"end":{"line":65,"column":3}}],"line":63},"8":{"loc":{"start":{"line":63,"column":6},"end":{"line":63,"column":41}},"type":"binary-expr","locations":[{"start":{"line":63,"column":6},"end":{"line":63,"column":11}},{"start":{"line":63,"column":15},"end":{"line":63,"column":41}}],"line":63},"9":{"loc":{"start":{"line":82,"column":2},"end":{"line":84,"column":3}},"type":"if","locations":[{"start":{"line":82,"column":2},"end":{"line":84,"column":3}},{"start":{"line":82,"column":2},"end":{"line":84,"column":3}}],"line":82},"10":{"loc":{"start":{"line":102,"column":2},"end":{"line":104,"column":3}},"type":"if","locations":[{"start":{"line":102,"column":2},"end":{"line":104,"column":3}},{"start":{"line":102,"column":2},"end":{"line":104,"column":3}}],"line":102},"11":{"loc":{"start":{"line":129,"column":2},"end":{"line":131,"column":3}},"type":"if","locations":[{"start":{"line":129,"column":2},"end":{"line":131,"column":3}},{"start":{"line":129,"column":2},"end":{"line":131,"column":3}}],"line":129},"12":{"loc":{"start":{"line":133,"column":2},"end":{"line":135,"column":3}},"type":"if","locations":[{"start":{"line":133,"column":2},"end":{"line":135,"column":3}},{"start":{"line":133,"column":2},"end":{"line":135,"column":3}}],"line":133},"13":{"loc":{"start":{"line":154,"column":2},"end":{"line":156,"column":3}},"type":"if","locations":[{"start":{"line":154,"column":2},"end":{"line":156,"column":3}},{"start":{"line":154,"column":2},"end":{"line":156,"column":3}}],"line":154},"14":{"loc":{"start":{"line":231,"column":2},"end":{"line":233,"column":3}},"type":"if","locations":[{"start":{"line":231,"column":2},"end":{"line":233,"column":3}},{"start":{"line":231,"column":2},"end":{"line":233,"column":3}}],"line":231},"15":{"loc":{"start":{"line":239,"column":3},"end":{"line":244,"column":4}},"type":"if","locations":[{"start":{"line":239,"column":3},"end":{"line":244,"column":4}},{"start":{"line":239,"column":3},"end":{"line":244,"column":4}}],"line":239},"16":{"loc":{"start":{"line":240,"column":28},"end":{"line":240,"column":51}},"type":"cond-expr","locations":[{"start":{"line":240,"column":46},"end":{"line":240,"column":47}},{"start":{"line":240,"column":50},"end":{"line":240,"column":51}}],"line":240},"17":{"loc":{"start":{"line":247,"column":2},"end":{"line":249,"column":3}},"type":"if","locations":[{"start":{"line":247,"column":2},"end":{"line":249,"column":3}},{"start":{"line":247,"column":2},"end":{"line":249,"column":3}}],"line":247},"18":{"loc":{"start":{"line":264,"column":2},"end":{"line":266,"column":3}},"type":"if","locations":[{"start":{"line":264,"column":2},"end":{"line":266,"column":3}},{"start":{"line":264,"column":2},"end":{"line":266,"column":3}}],"line":264},"19":{"loc":{"start":{"line":276,"column":16},"end":{"line":276,"column":49}},"type":"cond-expr","locations":[{"start":{"line":276,"column":35},"end":{"line":276,"column":37}},{"start":{"line":276,"column":40},"end":{"line":276,"column":49}}],"line":276},"20":{"loc":{"start":{"line":277,"column":16},"end":{"line":277,"column":48}},"type":"cond-expr","locations":[{"start":{"line":277,"column":35},"end":{"line":277,"column":36}},{"start":{"line":277,"column":39},"end":{"line":277,"column":48}}],"line":277}},"s":{"0":23,"1":10114,"2":10114,"3":10114,"4":10114,"5":10114,"6":10114,"7":5038,"8":10114,"9":5038,"10":5038,"11":10114,"12":4695,"13":10114,"14":113,"15":10001,"16":10001,"17":10001,"18":3186,"19":3186,"20":3186,"21":384,"22":2802,"23":2787,"24":15,"25":15,"26":7793,"27":882,"28":92,"29":790,"30":0,"31":1,"32":1,"33":0,"34":1,"35":4017,"36":0,"37":129,"38":129,"39":129,"40":0,"41":0,"42":0,"43":0,"44":0,"45":105,"46":105,"47":31,"48":105,"49":3644,"50":4,"51":825,"52":71,"53":3917,"54":5053,"55":4787,"56":4787,"57":183,"58":4604,"59":4604,"60":13798,"61":13798,"62":13798,"63":4582,"64":4582,"65":4582,"66":4604,"67":22,"68":4582,"69":10001,"70":10001,"71":1741,"72":10001,"73":10001,"74":10001,"75":10001,"76":23,"77":23},"f":{"0":10114,"1":3186,"2":7793,"3":882,"4":0,"5":1,"6":4017,"7":0,"8":129,"9":0,"10":105,"11":3644,"12":4,"13":825,"14":71,"15":3917,"16":5053,"17":4787,"18":10001},"b":{"0":[4695,5419],"1":[5038,5076],"2":[10114,5076],"3":[5038,5076],"4":[4695,5419],"5":[113,10001],"6":[384,2802],"7":[2787,15],"8":[2802,15],"9":[92,790],"10":[0,1],"11":[129,0],"12":[0,0],"13":[31,74],"14":[183,4604],"15":[4582,9216],"16":[2841,1741],"17":[22,4582],"18":[1741,8260],"19":[812,9189],"20":[782,9219]},"_coverageSchema":"43e27e138ebf9cfc5966b082cf9a028302ed4184","hash":"9408565f4d23d38feeb38e1c6709a665f79d9e8d"}
,"/Users/feral/Creative-Coding/playa/lib/core/Scale.js": {"path":"/Users/feral/Creative-Coding/playa/lib/core/Scale.js","statementMap":{"0":{"start":{"line":27,"column":2},"end":{"line":27,"column":30}},"1":{"start":{"line":29,"column":2},"end":{"line":29,"column":25}},"2":{"start":{"line":30,"column":2},"end":{"line":30,"column":26}},"3":{"start":{"line":32,"column":2},"end":{"line":34,"column":3}},"4":{"start":{"line":33,"column":3},"end":{"line":33,"column":66}},"5":{"start":{"line":36,"column":2},"end":{"line":36,"column":42}},"6":{"start":{"line":38,"column":23},"end":{"line":38,"column":91}},"7":{"start":{"line":41,"column":2},"end":{"line":43,"column":3}},"8":{"start":{"line":42,"column":3},"end":{"line":42,"column":43}},"9":{"start":{"line":52,"column":2},"end":{"line":52,"column":24}},"10":{"start":{"line":61,"column":2},"end":{"line":61,"column":25}},"11":{"start":{"line":70,"column":2},"end":{"line":70,"column":23}},"12":{"start":{"line":79,"column":2},"end":{"line":79,"column":26}},"13":{"start":{"line":83,"column":2},"end":{"line":83,"column":113}},"14":{"start":{"line":95,"column":25},"end":{"line":95,"column":27}},"15":{"start":{"line":97,"column":17},"end":{"line":97,"column":25}},"16":{"start":{"line":99,"column":2},"end":{"line":110,"column":3}},"17":{"start":{"line":99,"column":19},"end":{"line":99,"column":21}},"18":{"start":{"line":100,"column":14},"end":{"line":100,"column":22}},"19":{"start":{"line":102,"column":3},"end":{"line":105,"column":4}},"20":{"start":{"line":104,"column":4},"end":{"line":104,"column":28}},"21":{"start":{"line":107,"column":3},"end":{"line":107,"column":24}},"22":{"start":{"line":109,"column":3},"end":{"line":109,"column":29}},"23":{"start":{"line":112,"column":2},"end":{"line":112,"column":24}},"24":{"start":{"line":122,"column":25},"end":{"line":122,"column":27}},"25":{"start":{"line":123,"column":24},"end":{"line":123,"column":26}},"26":{"start":{"line":125,"column":19},"end":{"line":125,"column":39}},"27":{"start":{"line":126,"column":18},"end":{"line":126,"column":38}},"28":{"start":{"line":127,"column":25},"end":{"line":127,"column":46}},"29":{"start":{"line":129,"column":30},"end":{"line":129,"column":94}},"30":{"start":{"line":130,"column":29},"end":{"line":130,"column":100}},"31":{"start":{"line":132,"column":2},"end":{"line":134,"column":3}},"32":{"start":{"line":133,"column":3},"end":{"line":133,"column":30}},"33":{"start":{"line":136,"column":2},"end":{"line":143,"column":3}},"34":{"start":{"line":136,"column":19},"end":{"line":136,"column":20}},"35":{"start":{"line":137,"column":20},"end":{"line":137,"column":41}},"36":{"start":{"line":138,"column":21},"end":{"line":138,"column":53}},"37":{"start":{"line":140,"column":3},"end":{"line":142,"column":4}},"38":{"start":{"line":141,"column":4},"end":{"line":141,"column":59}},"39":{"start":{"line":145,"column":2},"end":{"line":152,"column":3}},"40":{"start":{"line":145,"column":19},"end":{"line":145,"column":20}},"41":{"start":{"line":146,"column":20},"end":{"line":146,"column":41}},"42":{"start":{"line":147,"column":21},"end":{"line":147,"column":53}},"43":{"start":{"line":149,"column":3},"end":{"line":151,"column":4}},"44":{"start":{"line":150,"column":4},"end":{"line":150,"column":57}},"45":{"start":{"line":155,"column":31},"end":{"line":155,"column":90}},"46":{"start":{"line":155,"column":59},"end":{"line":155,"column":72}},"47":{"start":{"line":156,"column":30},"end":{"line":156,"column":88}},"48":{"start":{"line":156,"column":58},"end":{"line":156,"column":71}},"49":{"start":{"line":158,"column":2},"end":{"line":162,"column":3}},"50":{"start":{"line":159,"column":3},"end":{"line":159,"column":25}},"51":{"start":{"line":161,"column":3},"end":{"line":161,"column":24}},"52":{"start":{"line":164,"column":2},"end":{"line":168,"column":3}},"53":{"start":{"line":165,"column":3},"end":{"line":165,"column":26}},"54":{"start":{"line":167,"column":3},"end":{"line":167,"column":25}},"55":{"start":{"line":171,"column":2},"end":{"line":179,"column":3}},"56":{"start":{"line":172,"column":3},"end":{"line":172,"column":26}},"57":{"start":{"line":174,"column":3},"end":{"line":174,"column":25}},"58":{"start":{"line":176,"column":3},"end":{"line":176,"column":25}},"59":{"start":{"line":178,"column":3},"end":{"line":178,"column":24}},"60":{"start":{"line":183,"column":0},"end":{"line":183,"column":22}},"61":{"start":{"line":184,"column":0},"end":{"line":184,"column":17}},"62":{"start":{"line":189,"column":0},"end":{"line":192,"column":1}},"63":{"start":{"line":190,"column":1},"end":{"line":190,"column":21}},"64":{"start":{"line":191,"column":1},"end":{"line":191,"column":27}},"65":{"start":{"line":195,"column":0},"end":{"line":195,"column":34}}},"fnMap":{"0":{"name":"(anonymous_0)","decl":{"start":{"line":26,"column":1},"end":{"line":26,"column":2}},"loc":{"start":{"line":26,"column":53},"end":{"line":44,"column":2}},"line":26},"1":{"name":"(anonymous_1)","decl":{"start":{"line":51,"column":1},"end":{"line":51,"column":2}},"loc":{"start":{"line":51,"column":16},"end":{"line":53,"column":2}},"line":51},"2":{"name":"(anonymous_2)","decl":{"start":{"line":60,"column":1},"end":{"line":60,"column":2}},"loc":{"start":{"line":60,"column":17},"end":{"line":62,"column":2}},"line":60},"3":{"name":"(anonymous_3)","decl":{"start":{"line":69,"column":1},"end":{"line":69,"column":2}},"loc":{"start":{"line":69,"column":15},"end":{"line":71,"column":2}},"line":69},"4":{"name":"(anonymous_4)","decl":{"start":{"line":78,"column":1},"end":{"line":78,"column":2}},"loc":{"start":{"line":78,"column":22},"end":{"line":80,"column":2}},"line":78},"5":{"name":"(anonymous_5)","decl":{"start":{"line":82,"column":1},"end":{"line":82,"column":2}},"loc":{"start":{"line":82,"column":24},"end":{"line":84,"column":2}},"line":82},"6":{"name":"(anonymous_6)","decl":{"start":{"line":94,"column":1},"end":{"line":94,"column":2}},"loc":{"start":{"line":94,"column":44},"end":{"line":113,"column":2}},"line":94},"7":{"name":"(anonymous_7)","decl":{"start":{"line":121,"column":1},"end":{"line":121,"column":2}},"loc":{"start":{"line":121,"column":16},"end":{"line":180,"column":2}},"line":121},"8":{"name":"(anonymous_8)","decl":{"start":{"line":155,"column":49},"end":{"line":155,"column":50}},"loc":{"start":{"line":155,"column":59},"end":{"line":155,"column":72}},"line":155},"9":{"name":"(anonymous_9)","decl":{"start":{"line":156,"column":48},"end":{"line":156,"column":49}},"loc":{"start":{"line":156,"column":58},"end":{"line":156,"column":71}},"line":156}},"branchMap":{"0":{"loc":{"start":{"line":26,"column":25},"end":{"line":26,"column":51}},"type":"default-arg","locations":[{"start":{"line":26,"column":49},"end":{"line":26,"column":51}}],"line":26},"1":{"loc":{"start":{"line":32,"column":2},"end":{"line":34,"column":3}},"type":"if","locations":[{"start":{"line":32,"column":2},"end":{"line":34,"column":3}},{"start":{"line":32,"column":2},"end":{"line":34,"column":3}}],"line":32},"2":{"loc":{"start":{"line":36,"column":16},"end":{"line":36,"column":41}},"type":"binary-expr","locations":[{"start":{"line":36,"column":16},"end":{"line":36,"column":35}},{"start":{"line":36,"column":39},"end":{"line":36,"column":41}}],"line":36},"3":{"loc":{"start":{"line":38,"column":23},"end":{"line":38,"column":91}},"type":"binary-expr","locations":[{"start":{"line":38,"column":23},"end":{"line":38,"column":55}},{"start":{"line":38,"column":59},"end":{"line":38,"column":91}}],"line":38},"4":{"loc":{"start":{"line":41,"column":2},"end":{"line":43,"column":3}},"type":"if","locations":[{"start":{"line":41,"column":2},"end":{"line":43,"column":3}},{"start":{"line":41,"column":2},"end":{"line":43,"column":3}}],"line":41},"5":{"loc":{"start":{"line":41,"column":6},"end":{"line":41,"column":29}},"type":"binary-expr","locations":[{"start":{"line":41,"column":6},"end":{"line":41,"column":13}},{"start":{"line":41,"column":17},"end":{"line":41,"column":29}}],"line":41},"6":{"loc":{"start":{"line":42,"column":22},"end":{"line":42,"column":41}},"type":"binary-expr","locations":[{"start":{"line":42,"column":22},"end":{"line":42,"column":29}},{"start":{"line":42,"column":33},"end":{"line":42,"column":41}}],"line":42},"7":{"loc":{"start":{"line":83,"column":43},"end":{"line":83,"column":67}},"type":"binary-expr","locations":[{"start":{"line":83,"column":43},"end":{"line":83,"column":50}},{"start":{"line":83,"column":54},"end":{"line":83,"column":67}}],"line":83},"8":{"loc":{"start":{"line":102,"column":3},"end":{"line":105,"column":4}},"type":"if","locations":[{"start":{"line":102,"column":3},"end":{"line":105,"column":4}},{"start":{"line":102,"column":3},"end":{"line":105,"column":4}}],"line":102},"9":{"loc":{"start":{"line":102,"column":7},"end":{"line":103,"column":15}},"type":"binary-expr","locations":[{"start":{"line":102,"column":7},"end":{"line":102,"column":19}},{"start":{"line":103,"column":5},"end":{"line":103,"column":14}}],"line":102},"10":{"loc":{"start":{"line":129,"column":57},"end":{"line":129,"column":93}},"type":"cond-expr","locations":[{"start":{"line":129,"column":75},"end":{"line":129,"column":82}},{"start":{"line":129,"column":85},"end":{"line":129,"column":93}}],"line":129},"11":{"loc":{"start":{"line":130,"column":56},"end":{"line":130,"column":93}},"type":"cond-expr","locations":[{"start":{"line":130,"column":75},"end":{"line":130,"column":82}},{"start":{"line":130,"column":85},"end":{"line":130,"column":93}}],"line":130},"12":{"loc":{"start":{"line":132,"column":2},"end":{"line":134,"column":3}},"type":"if","locations":[{"start":{"line":132,"column":2},"end":{"line":134,"column":3}},{"start":{"line":132,"column":2},"end":{"line":134,"column":3}}],"line":132},"13":{"loc":{"start":{"line":140,"column":3},"end":{"line":142,"column":4}},"type":"if","locations":[{"start":{"line":140,"column":3},"end":{"line":142,"column":4}},{"start":{"line":140,"column":3},"end":{"line":142,"column":4}}],"line":140},"14":{"loc":{"start":{"line":149,"column":3},"end":{"line":151,"column":4}},"type":"if","locations":[{"start":{"line":149,"column":3},"end":{"line":151,"column":4}},{"start":{"line":149,"column":3},"end":{"line":151,"column":4}}],"line":149},"15":{"loc":{"start":{"line":158,"column":2},"end":{"line":162,"column":3}},"type":"if","locations":[{"start":{"line":158,"column":2},"end":{"line":162,"column":3}},{"start":{"line":158,"column":2},"end":{"line":162,"column":3}}],"line":158},"16":{"loc":{"start":{"line":164,"column":2},"end":{"line":168,"column":3}},"type":"if","locations":[{"start":{"line":164,"column":2},"end":{"line":168,"column":3}},{"start":{"line":164,"column":2},"end":{"line":168,"column":3}}],"line":164},"17":{"loc":{"start":{"line":171,"column":2},"end":{"line":179,"column":3}},"type":"if","locations":[{"start":{"line":171,"column":2},"end":{"line":179,"column":3}},{"start":{"line":171,"column":2},"end":{"line":179,"column":3}}],"line":171}},"s":{"0":119,"1":119,"2":119,"3":119,"4":0,"5":119,"6":119,"7":119,"8":2,"9":77,"10":60,"11":0,"12":0,"13":2,"14":280,"15":280,"16":280,"17":280,"18":3640,"19":3640,"20":700,"21":3640,"22":3640,"23":280,"24":140,"25":140,"26":140,"27":140,"28":140,"29":140,"30":140,"31":140,"32":0,"33":140,"34":140,"35":982,"36":982,"37":982,"38":982,"39":140,"40":140,"41":982,"42":982,"43":982,"44":982,"45":140,"46":982,"47":140,"48":982,"49":140,"50":33,"51":33,"52":107,"53":17,"54":17,"55":90,"56":78,"57":78,"58":12,"59":12,"60":22,"61":22,"62":22,"63":330,"64":330,"65":22},"f":{"0":119,"1":77,"2":60,"3":0,"4":0,"5":2,"6":280,"7":140,"8":982,"9":982},"b":{"0":[1],"1":[0,119],"2":[119,0],"3":[119,118],"4":[2,117],"5":[119,118],"6":[2,1],"7":[2,0],"8":[700,2940],"9":[3640,1450],"10":[33,107],"11":[17,123],"12":[0,140],"13":[982,0],"14":[982,0],"15":[33,107],"16":[17,90],"17":[78,12]},"_coverageSchema":"43e27e138ebf9cfc5966b082cf9a028302ed4184","hash":"3ed2deeac3be814f606fb3d3092c87e5119c0f73"}
,"/Users/feral/Creative-Coding/playa/lib/core/index.js": {"path":"/Users/feral/Creative-Coding/playa/lib/core/index.js","statementMap":{},"fnMap":{},"branchMap":{},"s":{},"f":{},"b":{},"_coverageSchema":"43e27e138ebf9cfc5966b082cf9a028302ed4184","hash":"d8c4cd5f769a51a5bcd5dfa80aeb7f986e5279ee"}
,"/Users/feral/Creative-Coding/playa/lib/core/types.js": {"path":"/Users/feral/Creative-Coding/playa/lib/core/types.js","statementMap":{"0":{"start":{"line":13,"column":0},"end":{"line":13,"column":23}},"1":{"start":{"line":16,"column":0},"end":{"line":16,"column":23}},"2":{"start":{"line":19,"column":0},"end":{"line":19,"column":23}},"3":{"start":{"line":22,"column":0},"end":{"line":22,"column":21}}},"fnMap":{},"branchMap":{},"s":{"0":22,"1":22,"2":22,"3":22},"f":{},"b":{},"_coverageSchema":"43e27e138ebf9cfc5966b082cf9a028302ed4184","hash":"3e2e213a549988e8014611f30ef485711ea9a508"}
,"/Users/feral/Creative-Coding/playa/lib/functional/chord-progression.js": {"path":"/Users/feral/Creative-Coding/playa/lib/functional/chord-progression.js","statementMap":{"0":{"start":{"line":17,"column":20},"end":{"line":17,"column":26}},"1":{"start":{"line":18,"column":20},"end":{"line":18,"column":26}},"2":{"start":{"line":39,"column":21},"end":{"line":39,"column":23}},"3":{"start":{"line":41,"column":1},"end":{"line":117,"column":2}},"4":{"start":{"line":41,"column":18},"end":{"line":41,"column":19}},"5":{"start":{"line":42,"column":45},"end":{"line":42,"column":60}},"6":{"start":{"line":43,"column":20},"end":{"line":43,"column":38}},"7":{"start":{"line":44,"column":16},"end":{"line":44,"column":109}},"8":{"start":{"line":46,"column":2},"end":{"line":48,"column":3}},"9":{"start":{"line":47,"column":3},"end":{"line":47,"column":18}},"10":{"start":{"line":50,"column":17},"end":{"line":50,"column":38}},"11":{"start":{"line":58,"column":2},"end":{"line":76,"column":3}},"12":{"start":{"line":59,"column":3},"end":{"line":59,"column":82}},"13":{"start":{"line":61,"column":2},"end":{"line":76,"column":3}},"14":{"start":{"line":62,"column":17},"end":{"line":62,"column":50}},"15":{"start":{"line":64,"column":3},"end":{"line":75,"column":4}},"16":{"start":{"line":65,"column":4},"end":{"line":67,"column":6}},"17":{"start":{"line":69,"column":4},"end":{"line":74,"column":7}},"18":{"start":{"line":81,"column":16},"end":{"line":81,"column":27}},"19":{"start":{"line":83,"column":20},"end":{"line":83,"column":58}},"20":{"start":{"line":84,"column":19},"end":{"line":84,"column":36}},"21":{"start":{"line":86,"column":2},"end":{"line":90,"column":46}},"22":{"start":{"line":87,"column":3},"end":{"line":87,"column":34}},"23":{"start":{"line":89,"column":3},"end":{"line":89,"column":35}},"24":{"start":{"line":90,"column":12},"end":{"line":90,"column":43}},"25":{"start":{"line":95,"column":2},"end":{"line":114,"column":3}},"26":{"start":{"line":96,"column":3},"end":{"line":103,"column":6}},"27":{"start":{"line":97,"column":4},"end":{"line":102,"column":6}},"28":{"start":{"line":105,"column":2},"end":{"line":114,"column":3}},"29":{"start":{"line":106,"column":3},"end":{"line":113,"column":6}},"30":{"start":{"line":107,"column":4},"end":{"line":112,"column":6}},"31":{"start":{"line":116,"column":2},"end":{"line":116,"column":42}},"32":{"start":{"line":119,"column":1},"end":{"line":119,"column":31}}},"fnMap":{"0":{"name":"createChordProgression","decl":{"start":{"line":27,"column":9},"end":{"line":27,"column":31}},"loc":{"start":{"line":38,"column":9},"end":{"line":120,"column":1}},"line":38},"1":{"name":"(anonymous_1)","decl":{"start":{"line":86,"column":9},"end":{"line":86,"column":10}},"loc":{"start":{"line":86,"column":15},"end":{"line":90,"column":3}},"line":86},"2":{"name":"(anonymous_2)","decl":{"start":{"line":90,"column":5},"end":{"line":90,"column":6}},"loc":{"start":{"line":90,"column":12},"end":{"line":90,"column":43}},"line":90},"3":{"name":"(anonymous_3)","decl":{"start":{"line":96,"column":24},"end":{"line":96,"column":25}},"loc":{"start":{"line":96,"column":38},"end":{"line":103,"column":4}},"line":96},"4":{"name":"(anonymous_4)","decl":{"start":{"line":106,"column":24},"end":{"line":106,"column":25}},"loc":{"start":{"line":106,"column":35},"end":{"line":113,"column":4}},"line":106}},"branchMap":{"0":{"loc":{"start":{"line":29,"column":1},"end":{"line":38,"column":7}},"type":"default-
[...]
,"/Users/feral/Creative-Coding/playa/lib/utils/functional.js": {"path":"/Users/feral/Creative-Coding/playa/lib/utils/functional.js","statementMap":{"0":{"start":{"line":3,"column":22},"end":{"line":9,"column":1}},"1":{"start":{"line":4,"column":1},"end":{"line":8,"column":3}},"2":{"start":{"line":5,"column":2},"end":{"line":7,"column":4}},"3":{"start":{"line":6,"column":3},"end":{"line":6,"column":32}},"4":{"start":{"line":11,"column":27},"end":{"line":13,"column":1}},"5":{"start":{"line":12,"column":1},"end":{"line":12,"column":33}},"6":{"start":{"line":15,"column":19},"end":{"line":15,"column":79}},"7":{"start":{"line":15,"column":43},"end":{"line":15,"column":78}},"8":{"start":{"line":17,"column":23},"end":{"line":17,"column":63}},"9":{"start":{"line":17,"column":34},"end":{"line":17,"column":63}},"10":{"start":{"line":19,"column":22},"end":{"line":19,"column":67}},"11":{"start":{"line":22,"column":22},"end":{"line":22,"column":42}},"12":{"start":{"line":22,"column":29},"end":{"line":22,"column":42}},"13":{"start":{"line":22,"column":37},"end":{"line":22,"column":42}},"14":{"start":{"line":24,"column":27},"end":{"line":24,"column":53}},"15":{"start":{"line":26,"column":23},"end":{"line":26,"column":55}},"16":{"start":{"line":26,"column":34},"end":{"line":26,"column":54}}},"fnMap":{"0":{"name":"(anonymous_0)","decl":{"start":{"line":3,"column":22},"end":{"line":3,"column":23}},"loc":{"start":{"line":3,"column":29},"end":{"line":9,"column":1}},"line":3},"1":{"name":"(anonymous_1)","decl":{"start":{"line":4,"column":8},"end":{"line":4,"column":9}},"loc":{"start":{"line":4,"column":21},"end":{"line":8,"column":2}},"line":4},"2":{"name":"(anonymous_2)","decl":{"start":{"line":5,"column":9},"end":{"line":5,"column":10}},"loc":{"start":{"line":5,"column":24},"end":{"line":7,"column":3}},"line":5},"3":{"name":"(anonymous_3)","decl":{"start":{"line":11,"column":27},"end":{"line":11,"column":28}},"loc":{"start":{"line":11,"column":36},"end":{"line":13,"column":1}},"line":11},"4":{"name":"(anonymous_4)","decl":{"start":{"line":15,"column":27},"end":{"line":15,"column":28}},"loc":{"start":{"line":15,"column":43},"end":{"line":15,"column":78}},"line":15},"5":{"name":"(anonymous_5)","decl":{"start":{"line":17,"column":23},"end":{"line":17,"column":24}},"loc":{"start":{"line":17,"column":34},"end":{"line":17,"column":63}},"line":17},"6":{"name":"(anonymous_6)","decl":{"start":{"line":22,"column":22},"end":{"line":22,"column":23}},"loc":{"start":{"line":22,"column":29},"end":{"line":22,"column":42}},"line":22},"7":{"name":"(anonymous_7)","decl":{"start":{"line":22,"column":29},"end":{"line":22,"column":30}},"loc":{"start":{"line":22,"column":37},"end":{"line":22,"column":42}},"line":22},"8":{"name":"(anonymous_8)","decl":{"start":{"line":26,"column":23},"end":{"line":26,"column":24}},"loc":{"start":{"line":26,"column":34},"end":{"line":26,"column":54}},"line":26}},"branchMap":{"0":{"loc":{"start":{"line":26,"column":34},"end":{"line":26,"column":54}},"type":"binary-expr","locations":[{"start":{"line":26,"column":34},"end":{"line":26,"column":38}},{"start":{"line":26,"column":42},"end":{"line":26,"column":54}}],"line":26}},"s":{"0":21,"1":0,"2":0,"3":0,"4":21,"5":21,"6":21,"7":0,"8":21,"9":22,"10":21,"11":21,"12":4,"13":16,"14":21,"15":21,"16":94},"f":{"0":0,"1":0,"2":0,"3":21,"4":0,"5":22,"6":4,"7":16,"8":94},"b":{"0":[94,94]},"_coverageSchema":"43e27e138ebf9cfc5966b082cf9a028302ed4184","hash":"8f48dcb92739275ebea74c9bbe5bdeca8269de9b"}
,"/Users/feral/Creative-Coding/playa/lib/utils/index.js": {"path":"/Users/feral/Creative-Coding/playa/lib/utils/index.js","statementMap":{},"fnMap":{},"branchMap":{},"s":{},"f":{},"b":{},"_coverageSchema":"43e27e138ebf9cfc5966b082cf9a028302ed4184","hash":"6e679ca8c0b6d0389037ec420bf67661a8cdf4f4"}
,"/Users/feral/Creative-Coding/playa/lib/utils/map.js": {"path":"/Users/feral/Creative-Coding/playa/lib/utils/map.js","statementMap":{"0":{"start":{"line":4,"column":12},"end":{"line":17,"column":1}},"1":{"start":{"line":5,"column":1},"end":{"line":16,"column":4}},"2":{"start":{"line":6,"column":15},"end":{"line":6,"column":30}},"3":{"start":{"line":7,"column":18},"end":{"line":7,"column":31}},"4":{"start":{"line":9,"column":2},"end":{"line":13,"column":3}},"5":{"start":{"line":9,"column":19},"end":{"line":9,"column":20}},"6":{"start":{"line":10,"column":22},"end":{"line":10,"column":33}},"7":{"start":{"line":12,"column":3},"end":{"line":12,"column":37}},"8":{"start":{"line":15,"column":2},"end":{"line":15,"column":19}},"9":{"start":{"line":24,"column":17},"end":{"line":35,"column":2}},"10":{"start":{"line":25,"column":1},"end":{"line":34,"column":2}},"11":{"start":{"line":27,"column":2},"end":{"line":27,"column":25}},"12":{"start":{"line":29,"column":2},"end":{"line":29,"column":25}},"13":{"start":{"line":31,"column":2},"end":{"line":31,"column":25}},"14":{"start":{"line":33,"column":2},"end":{"line":33,"column":15}},"15":{"start":{"line":42,"column":17},"end":{"line":51,"column":2}},"16":{"start":{"line":43,"column":1},"end":{"line":50,"column":2}},"17":{"start":{"line":45,"column":2},"end":{"line":45,"column":40}},"18":{"start":{"line":47,"column":2},"end":{"line":47,"column":29}},"19":{"start":{"line":49,"column":2},"end":{"line":49,"column":15}}},"fnMap":{"0":{"name":"(anonymous_0)","decl":{"start":{"line":4,"column":12},"end":{"line":4,"column":13}},"loc":{"start":{"line":4,"column":28},"end":{"line":17,"column":1}},"line":4},"1":{"name":"(anonymous_1)","decl":{"start":{"line":5,"column":17},"end":{"line":5,"column":18}},"loc":{"start":{"line":5,"column":27},"end":{"line":16,"column":2}},"line":5},"2":{"name":"(anonymous_2)","decl":{"start":{"line":24,"column":25},"end":{"line":24,"column":26}},"loc":{"start":{"line":24,"column":42},"end":{"line":35,"column":1}},"line":24},"3":{"name":"(anonymous_3)","decl":{"start":{"line":42,"column":25},"end":{"line":42,"column":26}},"loc":{"start":{"line":42,"column":46},"end":{"line":51,"column":1}},"line":42}},"branchMap":{"0":{"loc":{"start":{"line":25,"column":1},"end":{"line":34,"column":2}},"type":"switch","locations":[{"start":{"line":26,"column":1},"end":{"line":27,"column":25}},{"start":{"line":28,"column":1},"end":{"line":29,"column":25}},{"start":{"line":30,"column":1},"end":{"line":31,"column":25}},{"start":{"line":32,"column":1},"end":{"line":33,"column":15}}],"line":25},"1":{"loc":{"start":{"line":43,"column":1},"end":{"line":50,"column":2}},"type":"switch","locations":[{"start":{"line":44,"column":1},"end":{"line":45,"column":40}},{"start":{"line":46,"column":1},"end":{"line":47,"column":29}},{"start":{"line":48,"column":1},"end":{"line":49,"column":15}}],"line":43}},"s":{"0":22,"1":99,"2":665,"3":665,"4":665,"5":665,"6":0,"7":0,"8":665,"9":22,"10":166,"11":18,"12":15,"13":66,"14":67,"15":22,"16":0,"17":0,"18":0,"19":0},"f":{"0":99,"1":665,"2":166,"3":0},"b":{"0":[18,15,66,67],"1":[0,0,0]},"_coverageSchema":"43e27e138ebf9cfc5966b082cf9a028302ed4184","hash":"7d6ee8fae759f04523d627dac3927f542f268fd3"}
,"/Users/feral/Creative-Coding/playa/lib/utils/note.js": {"path":"/Users/feral/Creative-Coding/playa/lib/utils/note.js","statementMap":{"0":{"start":{"line":1,"column":24},"end":{"line":1,"column":41}},"1":{"start":{"line":3,"column":29},"end":{"line":7,"column":1}},"2":{"start":{"line":4,"column":14},"end":{"line":4,"column":40}},"3":{"start":{"line":6,"column":1},"end":{"line":6,"column":30}},"4":{"start":{"line":9,"column":23},"end":{"line":15,"column":1}},"5":{"start":{"line":10,"column":1},"end":{"line":12,"column":2}},"6":{"start":{"line":11,"column":2},"end":{"line":11,"column":45}},"7":{"start":{"line":14,"column":1},"end":{"line":14,"column":42}}},"fnMap":{"0":{"name":"(anonymous_0)","decl":{"start":{"line":3,"column":29},"end":{"line":3,"column":30}},"loc":{"start":{"line":3,"column":39},"end":{"line":7,"column":1}},"line":3},"1":{"name":"(anonymous_1)","decl":{"start":{"line":9,"column":23},"end":{"line":9,"column":24}},"loc":{"start":{"line":9,"column":33},"end":{"line":15,"column":1}},"line":9}},"branchMap":{"0":{"loc":{"start":{"line":6,"column":8},"end":{"line":6,"column":29}},"type":"cond-expr","locations":[{"start":{"line":6,"column":15},"end":{"line":6,"column":22}},{"start":{"line":6,"column":25},"end":{"line":6,"column":29}}],"line":6},"1":{"loc":{"start":{"line":10,"column":1},"end":{"line":12,"column":2}},"type":"if","locations":[{"start":{"line":10,"column":1},"end":{"line":12,"column":2}},{"start":{"line":10,"column":1},"end":{"line":12,"column":2}}],"line":10}},"s":{"0":23,"1":23,"2":4787,"3":4787,"4":23,"5":2163,"6":2081,"7":82},"f":{"0":4787,"1":2163},"b":{"0":[4604,183],"1":[2081,82]},"_coverageSchema":"43e27e138ebf9cfc5966b082cf9a028302ed4184","hash":"15f1098dc57b82629c91fb0491b85c23481bf15e"}
,"/Users/feral/Creative-Coding/playa/lib/utils/octaves.js": {"path":"/Users/feral/Creative-Coding/playa/lib/utils/octaves.js","statementMap":{"0":{"start":{"line":4,"column":26},"end":{"line":15,"column":1}},"1":{"start":{"line":5,"column":12},"end":{"line":5,"column":41}},"2":{"start":{"line":7,"column":20},"end":{"line":7,"column":77}},"3":{"start":{"line":9,"column":15},"end":{"line":9,"column":39}},"4":{"start":{"line":11,"column":1},"end":{"line":14,"column":3}},"5":{"start":{"line":29,"column":22},"end":{"line":93,"column":1}},"6":{"start":{"line":30,"column":19},"end":{"line":30,"column":27}},"7":{"start":{"line":31,"column":24},"end":{"line":31,"column":69}},"8":{"start":{"line":32,"column":13},"end":{"line":32,"column":15}},"9":{"start":{"line":34,"column":22},"end":{"line":34,"column":24}},"10":{"start":{"line":35,"column":22},"end":{"line":35,"column":23}},"11":{"start":{"line":37,"column":1},"end":{"line":39,"column":2}},"12":{"start":{"line":38,"column":2},"end":{"line":38,"column":9}},"13":{"start":{"line":41,"column":38},"end":{"line":41,"column":45}},"14":{"start":{"line":43,"column":25},"end":{"line":43,"column":81}},"15":{"start":{"line":45,"column":1},"end":{"line":49,"column":2}},"16":{"start":{"line":46,"column":2},"end":{"line":46,"column":16}},"17":{"start":{"line":48,"column":2},"end":{"line":48,"column":35}},"18":{"start":{"line":51,"column":1},"end":{"line":54,"column":2}},"19":{"start":{"line":52,"column":2},"end":{"line":52,"column":38}},"20":{"start":{"line":53,"column":2},"end":{"line":53,"column":11}},"21":{"start":{"line":56,"column":1},"end":{"line":62,"column":2}},"22":{"start":{"line":57,"column":2},"end":{"line":57,"column":29}},"23":{"start":{"line":59,"column":24},"end":{"line":59,"column":54}},"24":{"start":{"line":61,"column":2},"end":{"line":61,"column":51}},"25":{"start":{"line":64,"column":18},"end":{"line":64,"column":19}},"26":{"start":{"line":67,"column":1},"end":{"line":83,"column":4}},"27":{"start":{"line":68,"column":24},"end":{"line":68,"column":37}},"28":{"start":{"line":69,"column":15},"end":{"line":69,"column":25}},"29":{"start":{"line":70,"column":15},"end":{"line":70,"column":37}},"30":{"start":{"line":72,"column":2},"end":{"line":82,"column":3}},"31":{"start":{"line":73,"column":22},"end":{"line":73,"column":42}},"32":{"start":{"line":75,"column":3},"end":{"line":75,"column":24}},"33":{"start":{"line":77,"column":3},"end":{"line":77,"column":16}},"34":{"start":{"line":79,"column":3},"end":{"line":81,"column":4}},"35":{"start":{"line":80,"column":4},"end":{"line":80,"column":19}},"36":{"start":{"line":86,"column":1},"end":{"line":90,"column":2}},"37":{"start":{"line":87,"column":17},"end":{"line":87,"column":42}},"38":{"start":{"line":89,"column":2},"end":{"line":89,"column":30}},"39":{"start":{"line":92,"column":1},"end":{"line":92,"column":12}}},"fnMap":{"0":{"name":"(anonymous_0)","decl":{"start":{"line":4,"column":26},"end":{"line":4,"column":27}},"loc":{"start":{"line":4,"column":59},"end":{"line":15,"column":1}},"line":4},"1":{"name":"(anonymous_1)","decl":{"start":{"line":29,"column":22},"end":{"line":29,"column":23}},"loc":{"start":{"line":29,"column":98},"end":{"line":93,"column":1}},"line":29},"2":{"name":"(anonymous_2)","decl":{"start":{"line":67,"column":22},"end":{"line":67,"column":23}},"loc":{"start":{"line":67,"column":36},"end":{"line":83,"column":2}},"line":67}},"branchMap":{"0":{"loc":{"start":{"line":29,"column":30},"end":{"line":29,"column":50}},"type":"default-arg","locations":[{"start":{"line":29,"column":40},"end":{"line":29,"column":50}}],"line":29},"1":{"loc":{"start":{"line":29,"column":52},"end":{"line":29,"column":93}},"type":"default-arg","locations":[{"start":{"line":29,"column":91},"end":{"line":29,"column":93}}],"line":29},"2":{"loc":{"start":{"line":29,"column":54},"end":{"line":29,"column":68}},"type":"default-arg","locations":[{"start":{"line":29,"column":61},"end":{"line":29,"column":68}}],"line":29},"3":{"loc":{"start":{"line":29,"column":70},"end":{"line":29,"column":86}},"type":"default-arg","locations":[{"start":{"line":29,"column":81},"end":{"line":29,"column":86}}],"line":29},"4":{"loc":{"start":{"line":31,"column":24},"end":{"line":31,"column":69}},"type":"cond-expr","locations":[{"start":{"line":31,"column":55},"end":{"line":31,"column":60}},{"start":{"line":31,"column":63},"end":{"line":31,"column":69}}],"line":31},"5":{"loc":{"start":{"line":31,"column":24},"end":{"line":31,"column":52}},"type":"binary-expr","locations":[{"start":{"line":31,"column":24},"end":{"line":31,"column":40}},{"start":{"line":31,"column":44},"end":{"line":31,"column":52}}],"line":31},"6":{"loc":{"start":{"line":37,"column":1},"end":{"line":39,"column":2}},"type":"if","locations":[{"start":{"line":37,"column":1},"end":{"line":39,"column":2}},{"start":{"line":37,"column":1},"end":{"line":39,"column":2}}],"line":37},"7":{"loc":{"start":{"line":41,"column":19},"end":{"line":41,"column":33}},"type":"default-arg","locations":[{"start":{"line":41,"column":32},"end":{"line":41,"column":33}}],"line":41},"8":{"loc":{"start":{"line":45,"column":1},"end":{"line":49,"column":2}},"type":"if","locations":[{"start":{"line":45,"column":1},"end":{"line":49,"column":2}},{"start":{"line":45,"column":1},"end":{"line":49,"column":2}}],"line":45},"9":{"loc":{"start":{"line":51,"column":1},"end":{"line":54,"column":2}},"type":"if","locations":[{"start":{"line":51,"column":1},"end":{"line":54,"column":2}},{"start":{"line":51,"column":1},"end":{"line":54,"column":2}}],"line":51},"10":{"loc":{"start":{"line":72,"column":2},"end":{"line":82,"column":3}},"type":"if","locations":[{"start":{"line":72,"column":2},"end":{"line":82,"column":3}},{"start":{"line":72,"column":2},"end":{"line":82,"column":3}}],"line":72},"11":{"loc":{"start":{"line":79,"column":3},"end":{"line":81,"column":4}},"type":"if","locations":[{"start":{"line":79,"column":3},"end":{"line":81,"column":4}},{"start":{"line":79,"column":3},"end":{"line":81,"column":4}}],"line":79},"12":{"loc":{"start":{"line":86,"column":1},"end":{"line":90,"column":2}},"type":"if","locations":[{"start":{"line":86,"column":1},"end":{"line":90,"column":2}},{"start":{"line":86,"column":1},"end":{"line":90,"column":2}}],"line":86}},"s":{"0":22,"1":104,"2":104,"3":104,"4":104,"5":22,"6":104,"7":104,"8":104,"9":104,"10":104,"11":104,"12":0,"13":104,"14":104,"15":104,"16":81,"17":81,"18":104,"19":2,"20":2,"21":104,"22":3644,"23":3644,"24":3644,"25":104,"26":104,"27":3646,"28":3646,"29":3646,"30":3646,"31":1387,"32":1387,"33":1387,"34":1387,"35":258,"36":104,"37":81,"38":81,"39":23},"f":{"0":104,"1":104,"2":3646},"b":{"0":[2],"1":[5],"2":[5],"3":[7],"4":[39,65],"5":[104,73],"6":[0,104],"7":[3],"8":[81,23],"9":[2,102],"10":[1387,2259],"11":[258,1129],"12":[81,23]},"_coverageSchema":"43e27e138ebf9cfc5966b082cf9a028302ed4184","hash":"cfc6c6307894ca10fd5289f47d31c0948ad937a8"}
,"/Users/feral/Creative-Coding/playa/lib/utils/whilst.js": {"path":"/Users/feral/Creative-Coding/playa/lib/utils/whilst.js","statementMap":{"0":{"start":{"line":1,"column":18},"end":{"line":1,"column":22}},"1":{"start":{"line":3,"column":15},"end":{"line":15,"column":1}},"2":{"start":{"line":4,"column":17},"end":{"line":4,"column":18}},"3":{"start":{"line":6,"column":1},"end":{"line":14,"column":2}},"4":{"start":{"line":7,"column":2},"end":{"line":7,"column":7}},"5":{"start":{"line":9,"column":2},"end":{"line":9,"column":14}},"6":{"start":{"line":11,"column":2},"end":{"line":13,"column":3}},"7":{"start":{"line":12,"column":3},"end":{"line":12,"column":53}}},"fnMap":{"0":{"name":"(anonymous_0)","decl":{"start":{"line":3,"column":15},"end":{"line":3,"column":16}},"loc":{"start":{"line":3,"column":56},"end":{"line":15,"column":1}},"line":3}},"branchMap":{"0":{"loc":{"start":{"line":3,"column":31},"end":{"line":3,"column":51}},"type":"default-arg","locations":[{"start":{"line":3,"column":42},"end":{"line":3,"column":51}}],"line":3},"1":{"loc":{"start":{"line":11,"column":2},"end":{"line":13,"column":3}},"type":"if","locations":[{"start":{"line":11,"column":2},"end":{"line":13,"column":3}},{"start":{"line":11,"column":2},"end":{"line":13,"column":3}}],"line":11}},"s":{"0":23,"1":23,"2":128,"3":128,"4":2087,"5":2087,"6":2087,"7":1},"f":{"0":128},"b":{"0":[96],"1":[1,2086]},"_coverageSchema":"43e27e138ebf9cfc5966b082cf9a028302ed4184","hash":"7d76f46c13ff7fd4e82f911e593eac169ac7fd42"}
,"/Users/feral/Creative-Coding/playa/test/helpers.js": {"path":"/Users/feral/Creative-Coding/playa/test/helpers.js","statementMap":{"0":{"start":{"line":4,"column":33},"end":{"line":7,"column":1}}},"fnMap":{},"branchMap":{},"s":{"0":1},"f":{},"b":{},"_coverageSchema":"43e27e138ebf9cfc5966b082cf9a028302ed4184","hash":"2c88a18a2c7438deab86ea0519ce26c3a2f0a096"}
,"/Users/feral/Creative-Coding/playa/test/utils/combinations.js": {"path":"/Users/feral/Creative-Coding/playa/test/utils/combinations.js","statementMap":{"0":{"start":{"line":3,"column":0},"end":{"line":52,"column":3}},"1":{"start":{"line":4,"column":1},"end":{"line":20,"column":4}},"2":{"start":{"line":5,"column":16},"end":{"line":5,"column":17}},"3":{"start":{"line":7,"column":23},"end":{"line":7,"column":49}},"4":{"start":{"line":9,"column":2},"end":{"line":19,"column":5}},"5":{"start":{"line":22,"column":1},"end":{"line":51,"column":4}},"6":{"start":{"line":23,"column":16},"end":{"line":23,"column":17}},"7":{"start":{"line":25,"column":23},"end":{"line":25,"column":52}},"8":{"start":{"line":27,"column":2},"end":{"line":50,"column":5}}},"fnMap":{"0":{"name":"(anonymous_0)","decl":{"start":{"line":3,"column":40},"end":{"line":3,"column":41}},"loc":{"start":{"line":3,"column":46},"end":{"line":52,"column":1}},"line":3},"1":{"name":"(anonymous_1)","decl":{"start":{"line":4,"column":32},"end":{"line":4,"column":33}},"loc":{"start":{"line":4,"column":38},"end":{"line":20,"column":2}},"line":4},"2":{"name":"(anonymous_2)","decl":{"start":{"line":22,"column":48},"end":{"line":22,"column":49}},"loc":{"start":{"line":22,"column":54},"end":{"line":51,"column":2}},"line":22}},"branchMap":{},"s":{"0":0,"1":0,"2":0,"3":0,"4":0,"5":0,"6":0,"7":0,"8":0},"f":{"0":0,"1":0,"2":0},"b":{}}
}
