TN:
SF:/Users/feral/Creative-Coding/playa/lib/index.js
FNF:0
FNH:0
LF:0
LH:0
BRF:0
BRH:0
end_of_record
TN:
SF:/Users/feral/Creative-Coding/playa/lib/core/Chord.js
FN:30,(anonymous_0)
FN:71,(anonymous_1)
FN:80,(anonymous_2)
FN:89,(anonymous_3)
FN:96,(anonymous_4)
FN:105,(anonymous_5)
FN:109,(anonymous_6)
FN:119,(anonymous_7)
FN:130,(anonymous_8)
FN:135,(anonymous_9)
FN:136,(anonymous_10)
FN:161,(anonymous_11)
FN:189,(anonymous_12)
FN:227,(anonymous_13)
FN:257,(anonymous_14)
FN:282,(anonymous_15)
FN:300,(anonymous_16)
FN:309,(anonymous_17)
FNF:18
FNH:17
FNDA:70,(anonymous_0)
FNDA:91,(anonymous_1)
FNDA:79,(anonymous_2)
FNDA:0,(anonymous_3)
FNDA:79,(anonymous_4)
FNDA:2,(anonymous_5)
FNDA:79,(anonymous_6)
FNDA:7,(anonymous_7)
FNDA:10,(anonymous_8)
FNDA:48,(anonymous_9)
FNDA:48,(anonymous_10)
FNDA:10,(anonymous_11)
FNDA:60,(anonymous_12)
FNDA:64,(anonymous_13)
FNDA:1,(anonymous_14)
FNDA:64,(anonymous_15)
FNDA:1007,(anonymous_16)
FNDA:1013,(anonymous_17)
DA:31,70
DA:32,70
DA:38,70
DA:41,70
DA:43,70
DA:44,70
DA:45,70
DA:46,70
DA:47,70
DA:49,70
DA:50,70
DA:51,10
DA:53,10
DA:55,60
DA:59,70
DA:60,0
DA:63,70
DA:72,91
DA:81,79
DA:90,0
DA:97,79
DA:106,2
DA:110,79
DA:111,2
DA:114,79
DA:116,79
DA:120,7
DA:122,7
DA:131,10
DA:132,10
DA:135,48
DA:136,48
DA:138,10
DA:139,5
DA:142,10
DA:143,1
DA:147,10
DA:148,10
DA:150,0
DA:162,10
DA:163,10
DA:165,10
DA:166,10
DA:168,10
DA:170,10
DA:171,38
DA:173,38
DA:175,38
DA:179,10
DA:190,60
DA:191,60
DA:192,60
DA:194,60
DA:196,60
DA:198,60
DA:200,60
DA:201,60
DA:203,60
DA:207,60
DA:208,1
DA:210,1
DA:211,1
DA:214,60
DA:215,0
DA:218,60
DA:220,60
DA:222,60
DA:224,60
DA:228,64
DA:229,64
DA:230,64
DA:232,64
DA:233,261
DA:234,261
DA:235,261
DA:236,261
DA:238,261
DA:239,21
DA:240,21
DA:242,21
DA:243,6
DA:246,15
DA:247,15
DA:250,255
DA:251,255
DA:254,64
DA:258,1
DA:262,1
DA:263,4
DA:264,4
DA:266,4
DA:268,4
DA:269,4
DA:271,4
DA:272,1
DA:274,3
DA:275,3
DA:279,1
DA:285,64
DA:286,891
DA:287,57
DA:290,834
DA:291,59
DA:295,64
DA:296,7
DA:297,7
DA:299,7
DA:300,7
DA:301,1007
DA:302,1007
DA:304,1007
DA:305,26182
DA:306,6
DA:309,1013
DA:311,6
DA:313,1
DA:317,63
DA:321,9
DA:326,9
DA:327,225
DA:330,9
DA:335,9
DA:336,63
DA:341,9
LF:124
LH:120
BRDA:30,0,0,7
BRDA:38,1,0,10
BRDA:38,1,1,60
BRDA:45,2,0,70
BRDA:45,2,1,50
BRDA:49,3,0,70
BRDA:49,3,1,0
BRDA:49,4,0,70
BRDA:49,4,1,70
BRDA:50,5,0,10
BRDA:50,5,1,60
BRDA:59,6,0,0
BRDA:59,6,1,70
BRDA:110,7,0,2
BRDA:110,7,1,77
BRDA:120,8,0,7
BRDA:120,8,1,4
BRDA:138,9,0,5
BRDA:138,9,1,5
BRDA:142,10,0,1
BRDA:142,10,1,9
BRDA:147,11,0,10
BRDA:147,11,1,0
BRDA:189,12,0,2
BRDA:194,13,0,1
BRDA:194,13,1,59
BRDA:207,14,0,1
BRDA:207,14,1,59
BRDA:214,15,0,0
BRDA:214,15,1,60
BRDA:238,16,0,21
BRDA:238,16,1,240
BRDA:242,17,0,6
BRDA:242,17,1,15
BRDA:271,18,0,1
BRDA:271,18,1,3
BRDA:286,19,0,57
BRDA:286,19,1,834
BRDA:290,20,0,59
BRDA:290,20,1,775
BRDA:295,21,0,7
BRDA:295,21,1,57
BRDA:305,22,0,6
BRDA:305,22,1,26176
BRF:44
BRH:40
end_of_record
TN:
SF:/Users/feral/Creative-Coding/playa/lib/core/HarmonyBase.js
FN:19,(anonymous_0)
FN:36,(anonymous_1)
FN:45,(anonymous_2)
FN:61,(anonymous_3)
FNF:4
FNH:4
FNDA:189,(anonymous_0)
FNDA:106,(anonymous_1)
FNDA:159,(anonymous_2)
FNDA:134,(anonymous_3)
DA:20,189
DA:21,0
DA:23,189
DA:26,189
DA:27,189
DA:28,189
DA:37,106
DA:46,159
DA:47,159
DA:49,159
DA:50,0
DA:53,159
DA:62,134
LF:13
LH:11
BRDA:20,0,0,0
BRDA:20,0,1,189
BRDA:28,1,0,189
BRDA:28,1,1,8
BRDA:49,2,0,0
BRDA:49,2,1,159
BRF:6
BRH:4
end_of_record
TN:
SF:/Users/feral/Creative-Coding/playa/lib/core/Key.js
FN:27,(anonymous_0)
FN:33,(anonymous_1)
FN:45,(anonymous_2)
FN:60,(anonymous_3)
FN:77,(anonymous_4)
FN:101,(anonymous_5)
FN:122,(anonymous_6)
FN:134,(anonymous_7)
FN:146,(anonymous_8)
FN:156,(anonymous_9)
FN:184,(anonymous_10)
FN:216,(anonymous_11)
FN:220,(anonymous_12)
FNF:13
FNH:12
FNDA:21,(anonymous_0)
FNDA:1005,(anonymous_1)
FNDA:14,(anonymous_2)
FNDA:40,(anonymous_3)
FNDA:21,(anonymous_4)
FNDA:35,(anonymous_5)
FNDA:53,(anonymous_6)
FNDA:5,(anonymous_7)
FNDA:0,(anonymous_8)
FNDA:23,(anonymous_9)
FNDA:23,(anonymous_10)
FNDA:23,(anonymous_11)
FNDA:83,(anonymous_12)
DA:6,8
DA:8,8
DA:28,21
DA:30,21
DA:32,21
DA:34,1005
DA:35,975
DA:38,30
DA:39,2
DA:41,2
DA:42,2
DA:45,2
DA:46,14
DA:49,2
DA:61,40
DA:63,40
DA:64,21
DA:67,40
DA:78,21
DA:79,21
DA:81,21
DA:82,0
DA:87,21
DA:88,4
DA:91,21
DA:92,17
DA:95,21
DA:96,21
DA:98,21
DA:102,35
DA:103,35
DA:105,35
DA:106,35
DA:108,35
DA:109,35
DA:111,35
DA:113,35
DA:123,53
DA:125,53
DA:135,5
DA:136,5
DA:137,5
DA:139,5
DA:140,5
DA:143,5
DA:147,0
DA:157,23
DA:158,23
DA:160,23
DA:161,0
DA:164,23
DA:165,14
DA:168,23
DA:170,23
DA:172,23
DA:185,23
DA:188,23
DA:190,23
DA:192,23
DA:193,23
DA:195,23
DA:196,161
DA:198,161
DA:202,23
DA:204,23
DA:206,23
DA:217,23
DA:221,83
DA:222,309
DA:223,83
DA:226,0
DA:230,8
DA:231,8
DA:232,8
DA:234,8
LF:75
LH:71
BRDA:27,0,0,0
BRDA:30,1,0,21
BRDA:30,1,1,21
BRDA:34,2,0,975
BRDA:34,2,1,30
BRDA:38,3,0,2
BRDA:38,3,1,28
BRDA:41,4,0,2
BRDA:41,4,1,0
BRDA:63,5,0,21
BRDA:63,5,1,19
BRDA:77,6,0,2
BRDA:81,7,0,0
BRDA:81,7,1,21
BRDA:81,8,0,21
BRDA:81,8,1,21
BRDA:87,9,0,4
BRDA:87,9,1,17
BRDA:91,10,0,17
BRDA:91,10,1,4
BRDA:125,11,0,53
BRDA:125,11,1,0
BRDA:139,12,0,5
BRDA:139,12,1,0
BRDA:160,13,0,0
BRDA:160,13,1,23
BRDA:160,14,0,23
BRDA:160,14,1,9
BRDA:164,15,0,14
BRDA:164,15,1,9
BRDA:165,16,0,12
BRDA:165,16,1,2
BRDA:222,17,0,83
BRDA:222,17,1,226
BRDA:222,18,0,309
BRDA:222,18,1,309
BRF:36
BRH:30
end_of_record
TN:
SF:/Users/feral/Creative-Coding/playa/lib/core/Mode.js
FN:18,(anonymous_0)
FN:28,(anonymous_1)
FN:51,(anonymous_2)
FN:64,(anonymous_3)
FNF:4
FNH:0
FNDA:0,(anonymous_0)
FNDA:0,(anonymous_1)
FNDA:0,(anonymous_2)
FNDA:0,(anonymous_3)
DA:19,0
DA:29,0
DA:30,0
DA:32,0
DA:33,0
DA:34,0
DA:37,0
DA:39,0
DA:42,0
DA:52,0
DA:53,0
DA:54,0
DA:55,0
DA:57,0
DA:58,0
DA:61,0
DA:65,0
DA:66,0
DA:67,0
DA:70,0
DA:75,0
DA:88,0
DA:89,0
DA:92,0
LF:24
LH:0
BRDA:18,0,0,0
BRDA:32,1,0,0
BRDA:32,1,1,0
BRDA:57,2,0,0
BRDA:57,2,1,0
BRDA:66,3,0,0
BRDA:66,3,1,0
BRDA:66,4,0,0
BRDA:66,4,1,0
BRF:9
BRH:0
end_of_record
TN:
SF:/Users/feral/Creative-Coding/playa/lib/core/Note.js
FN:17,(anonymous_0)
FN:55,(anonymous_1)
FN:72,(anonymous_2)
FN:81,(anonymous_3)
FN:89,(anonymous_4)
FN:98,(anonymous_5)
FN:113,(anonymous_6)
FN:117,(anonymous_7)
FN:126,(anonymous_8)
FN:142,(anonymous_9)
FN:151,(anonymous_10)
FN:166,(anonymous_11)
FN:175,(anonymous_12)
FN:185,(anonymous_13)
FN:195,(anonymous_14)
FN:205,(anonymous_15)
FN:217,(anonymous_16)
FN:228,(anonymous_17)
FN:261,(anonymous_18)
FNF:19
FNH:16
FNDA:10114,(anonymous_0)
FNDA:3165,(anonymous_1)
FNDA:7793,(anonymous_2)
FNDA:882,(anonymous_3)
FNDA:0,(anonymous_4)
FNDA:1,(anonymous_5)
FNDA:4017,(anonymous_6)
FNDA:0,(anonymous_7)
FNDA:129,(anonymous_8)
FNDA:0,(anonymous_9)
FNDA:105,(anonymous_10)
FNDA:3644,(anonymous_11)
FNDA:4,(anonymous_12)
FNDA:825,(anonymous_13)
FNDA:71,(anonymous_14)
FNDA:3917,(anonymous_15)
FNDA:5050,(anonymous_16)
FNDA:4787,(anonymous_17)
FNDA:10001,(anonymous_18)
DA:4,23
DA:18,10114
DA:20,10114
DA:22,10114
DA:23,10114
DA:24,10114
DA:26,10114
DA:27,5038
DA:30,10114
DA:31,5038
DA:33,5038
DA:36,10114
DA:37,4695
DA:40,10114
DA:41,113
DA:44,10001
DA:46,10001
DA:47,10001
DA:56,3165
DA:57,3165
DA:59,3165
DA:60,366
DA:63,2799
DA:64,2787
DA:67,12
DA:69,12
DA:73,7793
DA:82,882
DA:83,92
DA:86,790
DA:90,0
DA:100,1
DA:102,1
DA:103,0
DA:105,1
DA:114,4017
DA:118,0
DA:127,129
DA:129,129
DA:130,129
DA:133,0
DA:134,0
DA:137,0
DA:139,0
DA:143,0
DA:152,105
DA:154,105
DA:155,31
DA:158,105
DA:167,3644
DA:176,4
DA:186,825
DA:196,71
DA:206,3917
DA:218,5050
DA:229,4787
DA:231,4787
DA:232,183
DA:235,4604
DA:236,13798
DA:237,13798
DA:239,13798
DA:240,4582
DA:242,4582
DA:243,4582
DA:247,4604
DA:248,22
DA:251,4582
DA:262,10001
DA:264,10001
DA:265,1741
DA:268,10001
DA:272,10001
DA:273,10001
DA:275,10001
DA:282,23
DA:283,23
LF:77
LH:69
BRDA:20,0,0,4695
BRDA:20,0,1,5419
BRDA:26,1,0,5038
BRDA:26,1,1,5076
BRDA:26,2,0,10114
BRDA:26,2,1,5076
BRDA:30,3,0,5038
BRDA:30,3,1,5076
BRDA:36,4,0,4695
BRDA:36,4,1,5419
BRDA:40,5,0,113
BRDA:40,5,1,10001
BRDA:59,6,0,366
BRDA:59,6,1,2799
BRDA:63,7,0,2787
BRDA:63,7,1,12
BRDA:63,8,0,2799
BRDA:63,8,1,12
BRDA:82,9,0,92
BRDA:82,9,1,790
BRDA:102,10,0,0
BRDA:102,10,1,1
BRDA:129,11,0,129
BRDA:129,11,1,0
BRDA:133,12,0,0
BRDA:133,12,1,0
BRDA:154,13,0,31
BRDA:154,13,1,74
BRDA:231,14,0,183
BRDA:231,14,1,4604
BRDA:239,15,0,4582
BRDA:239,15,1,9216
BRDA:240,16,0,2841
BRDA:240,16,1,1741
BRDA:247,17,0,22
BRDA:247,17,1,4582
BRDA:264,18,0,1741
BRDA:264,18,1,8260
BRDA:276,19,0,812
BRDA:276,19,1,9189
BRDA:277,20,0,782
BRDA:277,20,1,9219
BRF:42
BRH:38
end_of_record
TN:
SF:/Users/feral/Creative-Coding/playa/lib/core/Scale.js
FN:26,(anonymous_0)
FN:51,(anonymous_1)
FN:60,(anonymous_2)
FN:69,(anonymous_3)
FN:78,(anonymous_4)
FN:82,(anonymous_5)
FN:94,(anonymous_6)
FN:121,(anonymous_7)
FN:155,(anonymous_8)
FN:156,(anonymous_9)
FNF:10
FNH:8
FNDA:119,(anonymous_0)
FNDA:77,(anonymous_1)
FNDA:60,(anonymous_2)
FNDA:0,(anonymous_3)
FNDA:0,(anonymous_4)
FNDA:2,(anonymous_5)
FNDA:280,(anonymous_6)
FNDA:140,(anonymous_7)
FNDA:982,(anonymous_8)
FNDA:982,(anonymous_9)
DA:27,119
DA:29,119
DA:30,119
DA:32,119
DA:33,0
DA:36,119
DA:38,119
DA:41,119
DA:42,2
DA:52,77
DA:61,60
DA:70,0
DA:79,0
DA:83,2
DA:95,280
DA:97,280
DA:99,280
DA:100,3640
DA:102,3640
DA:104,700
DA:107,3640
DA:109,3640
DA:112,280
DA:122,140
DA:123,140
DA:125,140
DA:126,140
DA:127,140
DA:129,140
DA:130,140
DA:132,140
DA:133,0
DA:136,140
DA:137,982
DA:138,982
DA:140,982
DA:141,982
DA:145,140
DA:146,982
DA:147,982
DA:149,982
DA:150,982
DA:155,982
DA:156,982
DA:158,140
DA:159,33
DA:161,33
DA:164,107
DA:165,17
DA:167,17
DA:171,90
DA:172,78
DA:174,78
DA:176,12
DA:178,12
DA:183,22
DA:184,22
DA:189,22
DA:190,330
DA:191,330
DA:195,22
LF:61
LH:57
BRDA:26,0,0,1
BRDA:32,1,0,0
BRDA:32,1,1,119
BRDA:36,2,0,119
BRDA:36,2,1,0
BRDA:38,3,0,119
BRDA:38,3,1,118
BRDA:41,4,0,2
BRDA:41,4,1,117
BRDA:41,5,0,119
BRDA:41,5,1,118
BRDA:42,6,0,2
BRDA:42,6,1,1
BRDA:83,7,0,2
BRDA:83,7,1,0
BRDA:102,8,0,700
BRDA:102,8,1,2940
BRDA:102,9,0,3640
BRDA:102,9,1,1450
BRDA:129,10,0,33
BRDA:129,10,1,107
BRDA:130,11,0,17
BRDA:130,11,1,123
BRDA:132,12,0,0
BRDA:132,12,1,140
BRDA:140,13,0,982
BRDA:140,13,1,0
BRDA:149,14,0,982
BRDA:149,14,1,0
BRDA:158,15,0,33
BRDA:158,15,1,107
BRDA:164,16,0,17
BRDA:164,16,1,90
BRDA:171,17,0,78
BRDA:171,17,1,12
BRF:35
BRH:29
end_of_record
TN:
SF:/Users/feral/Creative-Coding/playa/lib/core/index.js
FNF:0
FNH:0
LF:0
LH:0
BRF:0
BRH:0
end_of_record
TN:
SF:/Users/feral/Creative-Coding/playa/lib/core/types.js
FNF:0
FNH:0
DA:13,22
DA:16,22
DA:19,22
DA:22,22
LF:4
LH:4
BRF:0
BRH:0
end_of_record
TN:
SF:/Users/feral/Creative-Coding/playa/lib/functional/chord-progression.js
FN:27,createChordProgression
FN:86,(anonymous_1)
FN:90,(anonymous_2)
FN:96,(anonymous_3)
FN:106,(anonymous_4)
FNF:5
FNH:5
FNDA:3,createChordProgression
FNDA:173,(anonymous_1)
FNDA:191,(anonymous_2)
FNDA:36,(anonymous_3)
FNDA:22,(anonymous_4)
DA:17,3
DA:18,3
DA:39,3
DA:41,3
DA:42,18
DA:43,18
DA:44,18
DA:46,18
DA:47,3
DA:50,18
DA:58,18
DA:59,12
DA:61,6
DA:62,6
DA:64,6
DA:65,0
DA:69,6
DA:81,18
DA:83,18
DA:84,18
DA:86,18
DA:87,173
DA:89,173
DA:90,191
DA:95,18
DA:96,12
DA:97,36
DA:105,6
DA:106,6
DA:107,22
DA:116,18
DA:119,3
LF:32
LH:31
BRDA:29,0,0,0
BRDA:30,1,0,2
BRDA:31,2,0,2
BRDA:32,3,0,2
BRDA:33,4,0,3
BRDA:34,5,0,2
BRDA:35,6,0,2
BRDA:36,7,0,0
BRDA:37,8,0,2
BRDA:46,9,0,3
BRDA:46,9,1,15
BRDA:58,10,0,12
BRDA:58,10,1,6
BRDA:61,11,0,6
BRDA:61,11,1,0
BRDA:64,12,0,0
BRDA:64,12,1,6
BRDA:95,13,0,12
BRDA:95,13,1,6
BRDA:105,14,0,6
BRDA:105,14,1,0
BRF:21
BRH:16
end_of_record
TN:
SF:/Users/feral/Creative-Coding/playa/lib/functional/chord.js
FN:13,chord
FNF:1
FNH:0
FNDA:0,chord
DA:16,0
DA:17,0
DA:18,0
DA:20,0
DA:23,0
DA:24,0
DA:26,0
LF:7
LH:0
BRDA:16,0,0,0
BRDA:16,0,1,0
BRDA:23,1,0,0
BRDA:23,1,1,0
BRF:4
BRH:0
end_of_record
TN:
SF:/Users/feral/Creative-Coding/playa/lib/functional/drums.js
FN:24,drums
FN:36,(anonymous_1)
FN:51,(anonymous_2)
FNF:3
FNH:3
FNDA:3,drums
FNDA:5,(anonymous_1)
FNDA:8,(anonymous_2)
DA:15,1
DA:25,3
DA:26,3
DA:28,3
DA:29,0
DA:32,3
DA:34,3
DA:36,3
DA:37,5
DA:39,5
DA:41,5
DA:42,13
DA:43,13
DA:45,13
DA:47,13
DA:50,5
DA:51,8
DA:53,3
LF:18
LH:17
BRDA:24,0,0,0
BRDA:28,1,0,0
BRDA:28,1,1,3
BRDA:43,2,0,7
BRDA:43,2,1,6
BRF:5
BRH:3
end_of_record
TN:
SF:/Users/feral/Creative-Coding/playa/lib/functional/index.js
FNF:0
FNH:0
LF:0
LH:0
BRF:0
BRH:0
end_of_record
TN:
SF:/Users/feral/Creative-Coding/playa/lib/functional/melodies.js
FN:27,createMelodies
FN:55,(anonymous_1)
FN:88,(anonymous_2)
FN:95,(anonymous_3)
FNF:4
FNH:4
FNDA:3,createMelodies
FNDA:16,(anonymous_1)
FNDA:20,(anonymous_2)
FNDA:56,(anonymous_3)
DA:17,3
DA:18,3
DA:39,3
DA:40,3
DA:42,3
DA:43,20
DA:51,20
DA:52,6
DA:53,5
DA:55,5
DA:56,16
DA:64,5
DA:66,5
DA:73,15
DA:75,15
DA:76,10
DA:78,5
DA:79,5
DA:80,5
DA:81,5
DA:83,5
DA:88,20
DA:91,15
DA:93,15
DA:95,15
DA:96,56
DA:97,4
DA:104,52
DA:107,15
DA:108,5
DA:111,15
DA:113,15
DA:116,3
LF:33
LH:33
BRDA:29,0,0,1
BRDA:30,1,0,2
BRDA:31,2,0,2
BRDA:32,3,0,2
BRDA:33,4,0,2
BRDA:34,5,0,3
BRDA:35,6,0,2
BRDA:36,7,0,3
BRDA:51,8,0,6
BRDA:51,8,1,14
BRDA:51,9,0,20
BRDA:51,9,1,17
BRDA:52,10,0,5
BRDA:52,10,1,1
BRDA:75,11,0,10
BRDA:75,11,1,5
BRDA:78,12,0,5
BRDA:78,12,1,0
BRDA:96,13,0,4
BRDA:96,13,1,52
BRDA:107,14,0,5
BRDA:107,14,1,10
BRF:22
BRH:21
end_of_record
TN:
SF:/Users/feral/Creative-Coding/playa/lib/functional/motif.js
FN:30,motif
FN:34,(anonymous_1)
FNF:2
FNH:2
FNDA:21,motif
FNDA:99,(anonymous_1)
DA:34,21
DA:35,99
DA:37,99
DA:45,21
DA:46,0
DA:49,21
LF:6
LH:5
BRDA:30,0,0,0
BRDA:30,1,0,4
BRDA:30,2,0,6
BRDA:30,3,0,21
BRDA:30,4,0,6
BRDA:45,5,0,0
BRDA:45,5,1,21
BRF:7
BRH:5
end_of_record
TN:
SF:/Users/feral/Creative-Coding/playa/lib/functional/movement.js
FN:36,modulate
FN:43,(anonymous_1)
FN:75,(anonymous_2)
FN:93,movement
FN:113,(anonymous_4)
FN:136,(anonymous_5)
FN:161,(anonymous_6)
FNF:7
FNH:7
FNDA:17,modulate
FNDA:85,(anonymous_1)
FNDA:50,(anonymous_2)
FNDA:8,movement
FNDA:104,(anonymous_4)
FNDA:50,(anonymous_5)
FNDA:44,(anonymous_6)
DA:14,3
DA:15,3
DA:16,3
DA:18,3
DA:37,17
DA:38,17
DA:39,17
DA:43,17
DA:46,85
DA:47,17
DA:49,17
DA:51,68
DA:52,68
DA:54,68
DA:56,68
DA:60,17
DA:62,17
DA:64,17
DA:72,17
DA:75,50
DA:100,8
DA:101,8
DA:102,8
DA:104,8
DA:111,8
DA:112,7
DA:114,104
DA:116,104
DA:117,44
DA:124,1
DA:125,1
DA:136,8
DA:137,50
DA:138,17
DA:140,17
DA:142,33
DA:144,33
DA:146,33
DA:154,50
DA:157,8
DA:161,7
DA:162,44
DA:164,44
DA:165,37
DA:167,7
DA:170,44
DA:174,8
LF:47
LH:47
BRDA:46,0,0,17
BRDA:46,0,1,68
BRDA:97,1,0,7
BRDA:111,2,0,7
BRDA:111,2,1,1
BRDA:116,3,0,44
BRDA:116,3,1,60
BRDA:124,4,0,1
BRDA:124,4,1,0
BRDA:137,5,0,17
BRDA:137,5,1,33
BRDA:157,6,0,7
BRDA:157,6,1,1
BRDA:164,7,0,37
BRDA:164,7,1,7
BRF:15
BRH:14
end_of_record
TN:
SF:/Users/feral/Creative-Coding/playa/lib/functional/scale.js
FN:14,scale
FNF:1
FNH:1
FNDA:15,scale
DA:15,15
DA:16,15
DA:17,15
DA:19,15
LF:4
LH:4
BRDA:17,0,0,15
BRDA:17,0,1,1
BRF:2
BRH:2
end_of_record
TN:
SF:/Users/feral/Creative-Coding/playa/lib/tools/choose.js
FN:10,(anonymous_0)
FNF:1
FNH:1
FNDA:383,(anonymous_0)
DA:10,21
DA:11,383
DA:12,383
DA:14,383
LF:4
LH:4
BRF:0
BRH:0
end_of_record
TN:
SF:/Users/feral/Creative-Coding/playa/lib/tools/distance.js
FN:8,(anonymous_0)
FN:16,(anonymous_1)
FN:28,(anonymous_2)
FN:46,(anonymous_3)
FN:53,(anonymous_4)
FN:99,(anonymous_5)
FN:110,(anonymous_6)
FNF:7
FNH:7
FNDA:391,(anonymous_0)
FNDA:239,(anonymous_1)
FNDA:84,(anonymous_2)
FNDA:76,(anonymous_3)
FNDA:71,(anonymous_4)
FNDA:48,(anonymous_5)
FNDA:23,(anonymous_6)
DA:8,391
DA:16,21
DA:17,239
DA:28,21
DA:29,84
DA:30,84
DA:32,84
DA:33,84
DA:35,84
DA:46,21
DA:47,76
DA:48,76
DA:50,76
DA:53,21
DA:54,71
DA:60,71
DA:61,71
DA:63,71
DA:64,0
DA:67,71
DA:68,71
DA:69,71
DA:71,71
DA:72,48
DA:73,48
DA:76,71
DA:77,23
DA:78,23
DA:81,71
DA:82,71
DA:84,71
DA:85,6
DA:88,65
DA:99,48
DA:110,23
LF:35
LH:34
BRDA:8,0,0,173
BRDA:8,0,1,218
BRDA:17,1,0,59
BRDA:17,1,1,180
BRDA:35,2,0,33
BRDA:35,2,1,51
BRDA:63,3,0,0
BRDA:63,3,1,71
BRDA:67,4,0,46
BRDA:67,4,1,25
BRDA:71,5,0,48
BRDA:71,5,1,23
BRDA:76,6,0,23
BRDA:76,6,1,48
BRDA:84,7,0,6
BRDA:84,7,1,65
BRDA:84,8,0,71
BRDA:84,8,1,32
BRF:18
BRH:17
end_of_record
TN:
SF:/Users/feral/Creative-Coding/playa/lib/tools/distribute.js
FN:3,(anonymous_0)
FN:5,(anonymous_1)
FN:6,(anonymous_2)
FN:8,(anonymous_3)
FN:11,(anonymous_4)
FN:31,(anonymous_5)
FNF:6
FNH:6
FNDA:2868,(anonymous_0)
FNDA:188,(anonymous_1)
FNDA:717,(anonymous_2)
FNDA:717,(anonymous_3)
FNDA:167,(anonymous_4)
FNDA:13,(anonymous_5)
DA:3,2868
DA:5,21
DA:6,717
DA:8,717
DA:11,21
DA:12,167
DA:14,167
DA:16,167
DA:17,167
DA:19,167
DA:20,618
DA:22,618
DA:24,618
DA:25,618
DA:28,167
DA:31,21
DA:32,13
DA:34,13
DA:35,13
DA:37,13
LF:20
LH:20
BRDA:12,0,0,143
BRDA:12,0,1,24
BRDA:32,1,0,11
BRDA:32,1,1,2
BRF:4
BRH:4
end_of_record
TN:
SF:/Users/feral/Creative-Coding/playa/lib/tools/euclidean.js
FN:14,(anonymous_0)
FN:36,(anonymous_1)
FNF:2
FNH:2
FNDA:27,(anonymous_0)
FNDA:3,(anonymous_1)
DA:4,23
DA:5,23
DA:14,23
DA:15,27
DA:16,27
DA:19,27
DA:20,267
DA:22,267
DA:24,267
DA:27,27
DA:36,23
DA:37,3
DA:38,3
DA:40,3
DA:42,3
DA:43,19
DA:45,19
DA:48,3
LF:18
LH:18
BRDA:22,0,0,112
BRDA:22,0,1,155
BRF:2
BRH:2
end_of_record
TN:
SF:/Users/feral/Creative-Coding/playa/lib/tools/friendly.js
FN:24,(anonymous_0)
FN:27,(anonymous_1)
FN:30,(anonymous_2)
FN:47,(anonymous_3)
FN:56,(anonymous_4)
FN:64,(anonymous_5)
FN:65,(anonymous_6)
FN:86,(anonymous_7)
FN:115,(anonymous_8)
FN:121,(anonymous_9)
FN:149,(anonymous_10)
FN:189,(anonymous_11)
FN:201,(anonymous_12)
FNF:13
FNH:13
FNDA:22,(anonymous_0)
FNDA:330,(anonymous_1)
FNDA:2178,(anonymous_2)
FNDA:70,(anonymous_3)
FNDA:70,(anonymous_4)
FNDA:16,(anonymous_5)
FNDA:28,(anonymous_6)
FNDA:8,(anonymous_7)
FNDA:13,(anonymous_8)
FNDA:21,(anonymous_9)
FNDA:5,(anonymous_10)
FNDA:16,(anonymous_11)
FNDA:117,(anonymous_12)
DA:8,21
DA:10,21
DA:13,21
DA:24,21
DA:25,22
DA:27,22
DA:28,330
DA:30,330
DA:31,2178
DA:32,1848
DA:37,22
DA:40,21
DA:41,21
DA:43,21
DA:47,70
DA:50,21
DA:56,70
DA:58,21
DA:64,21
DA:66,28
DA:68,28
DA:69,2
DA:72,26
DA:86,21
DA:87,8
DA:89,8
DA:91,8
DA:92,0
DA:95,8
DA:96,20
DA:98,20
DA:99,4
DA:100,4
DA:102,16
DA:103,3
DA:104,3
DA:108,8
DA:109,1
DA:113,8
DA:115,8
DA:116,13
DA:117,8
DA:119,5
DA:121,21
DA:123,8
DA:124,20
DA:126,20
DA:127,12
DA:129,8
DA:131,8
DA:135,8
DA:149,21
DA:151,5
DA:152,5
DA:154,5
DA:156,5
DA:157,1
DA:161,4
DA:163,4
DA:165,16
DA:167,16
DA:169,16
DA:178,4
DA:181,4
DA:184,4
DA:189,4
DA:190,16
DA:192,16
DA:194,16
DA:196,16
DA:197,0
DA:201,16
DA:202,117
DA:204,117
DA:206,117
DA:211,117
DA:220,4
LF:77
LH:75
BRDA:31,0,0,1848
BRDA:31,0,1,330
BRDA:66,1,0,12
BRDA:66,1,1,16
BRDA:68,2,0,2
BRDA:68,2,1,26
BRDA:91,3,0,0
BRDA:91,3,1,8
BRDA:98,4,0,4
BRDA:98,4,1,16
BRDA:102,5,0,3
BRDA:102,5,1,13
BRDA:108,6,0,1
BRDA:108,6,1,7
BRDA:116,7,0,8
BRDA:116,7,1,5
BRDA:126,8,0,12
BRDA:126,8,1,8
BRDA:149,9,0,5
BRDA:154,10,0,5
BRDA:154,10,1,5
BRDA:156,11,0,1
BRDA:156,11,1,4
BRDA:156,12,0,5
BRDA:156,12,1,5
BRDA:196,13,0,0
BRDA:196,13,1,16
BRF:27
BRH:25
end_of_record
TN:
SF:/Users/feral/Creative-Coding/playa/lib/tools/index.js
FNF:0
FNH:0
LF:0
LH:0
BRF:0
BRH:0
end_of_record
TN:
SF:/Users/feral/Creative-Coding/playa/lib/tools/interval.js
FN:10,(anonymous_0)
FN:33,(anonymous_1)
FN:47,(anonymous_2)
FN:67,(anonymous_3)
FN:92,(anonymous_4)
FN:107,(anonymous_5)
FN:110,(anonymous_6)
FN:113,(anonymous_7)
FNF:8
FNH:7
FNDA:84,(anonymous_0)
FNDA:1979,(anonymous_1)
FNDA:3,(anonymous_2)
FNDA:3,(anonymous_3)
FNDA:2,(anonymous_4)
FNDA:0,(anonymous_5)
FNDA:78,(anonymous_6)
FNDA:1968,(anonymous_7)
DA:10,22
DA:11,84
DA:13,84
DA:14,1764
DA:15,96
DA:19,84
DA:20,2
DA:23,82
DA:33,22
DA:34,1979
DA:35,1
DA:38,1978
DA:47,22
DA:48,3
DA:50,3
DA:51,1
DA:54,2
DA:67,22
DA:68,3
DA:69,3
DA:72,3
DA:73,0
DA:76,3
DA:79,0
DA:92,22
DA:93,2
DA:94,2
DA:97,2
DA:98,1
DA:101,1
DA:104,0
DA:107,22
DA:111,78
DA:114,1968
DA:122,1968
LF:35
LH:32
BRDA:14,0,0,96
BRDA:14,0,1,1668
BRDA:19,1,0,2
BRDA:19,1,1,82
BRDA:34,2,0,1
BRDA:34,2,1,1978
BRDA:50,3,0,1
BRDA:50,3,1,2
BRDA:68,4,0,3
BRDA:68,4,1,0
BRDA:68,5,0,3
BRDA:68,5,1,3
BRDA:72,6,0,0
BRDA:72,6,1,3
BRDA:93,7,0,2
BRDA:93,7,1,0
BRDA:93,8,0,2
BRDA:93,8,1,2
BRDA:97,9,0,1
BRDA:97,9,1,1
BRF:20
BRH:17
end_of_record
TN:
SF:/Users/feral/Creative-Coding/playa/lib/tools/random.js
FN:16,(anonymous_0)
FN:34,(anonymous_1)
FN:55,(anonymous_2)
FNF:3
FNH:3
FNDA:41,(anonymous_0)
FNDA:1638,(anonymous_1)
FNDA:476,(anonymous_2)
DA:16,22
DA:17,41
DA:19,41
DA:21,41
DA:23,41
DA:24,41
DA:34,22
DA:35,1638
DA:36,0
DA:39,1638
DA:41,1638
DA:42,1638
DA:44,1638
DA:55,476
LF:14
LH:13
BRDA:19,0,0,41
BRDA:19,0,1,41
BRDA:35,1,0,0
BRDA:35,1,1,1638
BRDA:55,2,0,387
BRF:5
BRH:4
end_of_record
TN:
SF:/Users/feral/Creative-Coding/playa/lib/tools/ring.js
FN:2,(anonymous_0)
FN:5,(anonymous_1)
FN:13,(anonymous_2)
FN:33,(anonymous_3)
FN:38,(anonymous_4)
FNF:5
FNH:2
FNDA:0,(anonymous_0)
FNDA:1041,(anonymous_1)
FNDA:0,(anonymous_2)
FNDA:0,(anonymous_3)
FNDA:166,(anonymous_4)
DA:1,23
DA:3,0
DA:6,1041
DA:8,1041
DA:9,191
DA:10,191
DA:13,0
DA:14,0
DA:18,850
DA:19,16
DA:22,834
DA:24,834
DA:25,35
DA:27,799
DA:28,87
DA:31,834
DA:34,0
DA:38,23
DA:39,166
DA:41,166
DA:42,0
DA:45,166
LF:22
LH:17
BRDA:8,0,0,191
BRDA:8,0,1,850
BRDA:9,1,0,191
BRDA:9,1,1,0
BRDA:18,2,0,16
BRDA:18,2,1,834
BRDA:24,3,0,35
BRDA:24,3,1,799
BRDA:27,4,0,87
BRDA:27,4,1,712
BRDA:41,5,0,0
BRDA:41,5,1,166
BRF:12
BRH:10
end_of_record
TN:
SF:/Users/feral/Creative-Coding/playa/lib/tools/roll.js
FN:10,(anonymous_0)
FNF:1
FNH:1
FNDA:361,(anonymous_0)
DA:10,21
DA:11,361
DA:14,361
DA:15,868
DA:17,868
DA:18,361
DA:20,361
DA:24,361
LF:8
LH:8
BRDA:17,0,0,361
BRDA:17,0,1,507
BRF:2
BRH:2
end_of_record
TN:
SF:/Users/feral/Creative-Coding/playa/lib/tools/rotate.js
FN:3,(anonymous_0)
FNF:1
FNH:1
FNDA:9,(anonymous_0)
DA:3,21
DA:4,9
DA:6,9
DA:7,20
DA:10,9
LF:5
LH:5
BRDA:3,0,0,1
BRF:1
BRH:1
end_of_record
TN:
SF:/Users/feral/Creative-Coding/playa/lib/tools/shuffle.js
FN:4,(anonymous_0)
FN:9,(anonymous_1)
FNF:2
FNH:2
FNDA:26,(anonymous_0)
FNDA:660,(anonymous_1)
DA:4,21
DA:5,26
DA:6,26
DA:8,26
DA:9,660
DA:12,26
DA:13,157
DA:15,157
DA:18,26
LF:9
LH:9
BRDA:4,0,0,26
BRF:1
BRH:1
end_of_record
TN:
SF:/Users/feral/Creative-Coding/playa/lib/tools/time.js
FN:22,(anonymous_0)
FN:34,(anonymous_1)
FN:59,(anonymous_2)
FN:80,(anonymous_3)
FN:80,(anonymous_4)
FN:106,(anonymous_5)
FN:123,(anonymous_6)
FN:127,(anonymous_7)
FN:145,(anonymous_8)
FN:149,(anonymous_9)
FNF:10
FNH:5
FNDA:43,(anonymous_0)
FNDA:42,(anonymous_1)
FNDA:8,(anonymous_2)
FNDA:44,(anonymous_3)
FNDA:173,(anonymous_4)
FNDA:0,(anonymous_5)
FNDA:0,(anonymous_6)
FNDA:0,(anonymous_7)
FNDA:0,(anonymous_8)
FNDA:0,(anonymous_9)
DA:4,21
DA:5,21
DA:7,21
DA:9,21
DA:15,21
DA:22,21
DA:23,43
DA:24,43
DA:26,43
DA:30,0
DA:34,21
DA:36,42
DA:37,42
DA:39,42
DA:40,42
DA:42,42
DA:46,42
DA:47,3
DA:49,39
DA:52,42
DA:59,21
DA:60,8
DA:61,8
DA:63,8
DA:65,8
DA:80,44
DA:81,173
DA:82,56
DA:85,173
DA:86,44
DA:89,129
DA:91,129
DA:93,129
DA:94,129
DA:96,129
DA:99,129
DA:106,21
DA:107,0
DA:109,0
DA:110,0
DA:112,0
DA:114,0
DA:116,0
DA:118,0
DA:120,0
DA:123,21
DA:124,0
DA:127,21
DA:128,0
DA:130,0
DA:131,0
DA:133,0
DA:145,21
DA:146,0
DA:149,21
DA:150,0
LF:56
LH:40
BRDA:34,0,0,42
BRDA:40,1,0,35
BRDA:40,1,1,7
BRDA:46,2,0,3
BRDA:46,2,1,39
BRDA:63,3,0,4
BRDA:63,3,1,4
BRDA:80,4,0,23
BRDA:81,5,0,56
BRDA:81,5,1,117
BRDA:85,6,0,44
BRDA:85,6,1,129
BRDA:89,7,0,129
BRDA:89,7,1,0
BRDA:91,8,0,129
BRDA:91,8,1,0
BRDA:93,9,0,129
BRDA:93,9,1,0
BRDA:93,10,0,129
BRDA:93,10,1,11
BRDA:94,11,0,92
BRDA:94,11,1,37
BRDA:106,12,0,0
BRDA:106,13,0,0
BRDA:123,14,0,0
BRDA:127,15,0,0
BRDA:145,16,0,0
BRDA:149,17,0,0
BRF:28
BRH:19
end_of_record
TN:
SF:/Users/feral/Creative-Coding/playa/lib/tools/rhythm/free.js
FN:15,(anonymous_0)
FN:24,(anonymous_1)
FN:45,(anonymous_2)
FNF:3
FNH:3
FNDA:32,(anonymous_0)
FNDA:282,(anonymous_1)
FNDA:314,(anonymous_2)
DA:16,32
DA:18,32
DA:19,32
DA:20,32
DA:21,32
DA:23,32
DA:24,32
DA:25,282
DA:27,282
DA:29,282
DA:30,188
DA:32,188
DA:34,94
DA:36,94
DA:38,94
DA:39,12
DA:40,12
DA:41,12
DA:42,12
DA:45,314
DA:47,0
DA:51,32
LF:22
LH:21
BRDA:16,0,0,4
BRDA:16,0,1,28
BRDA:27,1,0,282
BRDA:27,1,1,0
BRDA:29,2,0,188
BRDA:29,2,1,94
BRDA:38,3,0,12
BRDA:38,3,1,82
BRF:8
BRH:7
end_of_record
TN:
SF:/Users/feral/Creative-Coding/playa/lib/tools/rhythm/grid.js
FN:5,(anonymous_0)
FN:11,(anonymous_1)
FNF:2
FNH:2
FNDA:36,(anonymous_0)
FNDA:18,(anonymous_1)
DA:5,21
DA:6,36
DA:8,36
DA:12,18
DA:13,18
DA:14,18
DA:15,18
DA:16,18
DA:18,18
DA:20,18
DA:21,224
DA:27,18
DA:29,18
DA:30,150
DA:31,150
DA:33,150
DA:34,76
DA:36,74
DA:43,18
LF:19
LH:19
BRDA:33,0,0,76
BRDA:33,0,1,74
BRF:2
BRH:2
end_of_record
TN:
SF:/Users/feral/Creative-Coding/playa/lib/tools/rhythm/index.js
FNF:0
FNH:0
LF:0
LH:0
BRF:0
BRH:0
end_of_record
TN:
SF:/Users/feral/Creative-Coding/playa/lib/tools/rhythm/turn.js
FN:12,(anonymous_0)
FN:18,(anonymous_1)
FN:42,(anonymous_2)
FN:74,(anonymous_3)
FN:115,(anonymous_4)
FN:123,(anonymous_5)
FNF:6
FNH:5
FNDA:0,(anonymous_0)
FNDA:16,(anonymous_1)
FNDA:80,(anonymous_2)
FNDA:16,(anonymous_3)
FNDA:5,(anonymous_4)
FNDA:63,(anonymous_5)
DA:10,21
DA:12,21
DA:13,0
DA:16,21
DA:18,21
DA:19,16
DA:21,16
DA:22,14
DA:23,14
DA:26,16
DA:27,1
DA:30,16
DA:31,0
DA:34,16
DA:35,16
DA:37,16
DA:39,16
DA:42,21
DA:43,80
DA:45,80
DA:46,16
DA:49,80
DA:75,16
DA:76,0
DA:79,16
DA:81,16
DA:83,16
DA:85,16
DA:86,0
DA:89,16
DA:94,16
DA:95,16
DA:96,16
DA:98,16
DA:100,16
DA:101,44
DA:103,44
DA:105,44
DA:107,44
DA:108,19
DA:111,44
DA:112,75
DA:114,75
DA:115,58
DA:116,5
DA:117,0
DA:119,5
DA:122,5
DA:123,63
DA:126,75
DA:127,75
DA:129,75
DA:130,0
DA:141,75
DA:142,75
DA:146,16
DA:148,16
DA:149,0
DA:150,0
DA:151,0
DA:154,16
LF:61
LH:52
BRDA:12,0,0,0
BRDA:18,1,0,0
BRDA:21,2,0,14
BRDA:21,2,1,2
BRDA:26,3,0,1
BRDA:26,3,1,15
BRDA:30,4,0,0
BRDA:30,4,1,16
BRDA:45,5,0,16
BRDA:45,5,1,64
BRDA:74,6,0,0
BRDA:74,7,0,2
BRDA:74,8,0,1
BRDA:74,9,0,16
BRDA:75,10,0,0
BRDA:75,10,1,16
BRDA:79,11,0,15
BRDA:79,11,1,1
BRDA:85,12,0,0
BRDA:85,12,1,16
BRDA:107,13,0,19
BRDA:107,13,1,25
BRDA:107,14,0,44
BRDA:107,14,1,28
BRDA:114,15,0,58
BRDA:114,15,1,17
BRDA:116,16,0,0
BRDA:116,16,1,5
BRDA:129,17,0,0
BRDA:129,17,1,75
BRDA:148,18,0,0
BRDA:148,18,1,16
BRF:32
BRH:23
end_of_record
TN:
SF:/Users/feral/Creative-Coding/playa/lib/utils/chord.js
FN:5,(anonymous_0)
FNF:1
FNH:1
FNDA:10,(anonymous_0)
DA:5,9
DA:6,10
DA:8,10
DA:10,10
DA:11,10
DA:13,10
LF:6
LH:6
BRF:0
BRH:0
end_of_record
TN:
SF:/Users/feral/Creative-Coding/playa/lib/utils/combinations.js
FN:11,combinationSumRecursive
FN:63,(anonymous_1)
FN:63,(anonymous_2)
FN:75,combinationSum
FNF:4
FNH:4
FNDA:818,combinationSumRecursive
FNDA:16,(anonymous_1)
FNDA:106,(anonymous_2)
FNDA:16,combinationSum
DA:18,818
DA:21,498
DA:24,320
DA:28,106
DA:30,106
DA:35,214
DA:36,802
DA:39,802
DA:42,802
DA:52,802
DA:55,214
DA:63,21
DA:64,106
DA:65,106
DA:76,16
DA:78,16
LF:16
LH:16
BRDA:14,0,0,16
BRDA:15,1,0,16
BRDA:16,2,0,16
BRDA:18,3,0,498
BRDA:18,3,1,320
BRDA:24,4,0,106
BRDA:24,4,1,214
BRDA:75,5,0,16
BRF:8
BRH:8
end_of_record
TN:
SF:/Users/feral/Creative-Coding/playa/lib/utils/functional.js
FN:3,(anonymous_0)
FN:4,(anonymous_1)
FN:5,(anonymous_2)
FN:11,(anonymous_3)
FN:15,(anonymous_4)
FN:17,(anonymous_5)
FN:22,(anonymous_6)
FN:22,(anonymous_7)
FN:26,(anonymous_8)
FNF:9
FNH:5
FNDA:0,(anonymous_0)
FNDA:0,(anonymous_1)
FNDA:0,(anonymous_2)
FNDA:21,(anonymous_3)
FNDA:0,(anonymous_4)
FNDA:22,(anonymous_5)
FNDA:4,(anonymous_6)
FNDA:16,(anonymous_7)
FNDA:94,(anonymous_8)
DA:3,21
DA:4,0
DA:5,0
DA:6,0
DA:11,21
DA:12,21
DA:15,21
DA:17,22
DA:19,21
DA:22,21
DA:24,21
DA:26,94
LF:12
LH:9
BRDA:26,0,0,94
BRDA:26,0,1,94
BRF:2
BRH:2
end_of_record
TN:
SF:/Users/feral/Creative-Coding/playa/lib/utils/index.js
FNF:0
FNH:0
LF:0
LH:0
BRF:0
BRH:0
end_of_record
TN:
SF:/Users/feral/Creative-Coding/playa/lib/utils/map.js
FN:4,(anonymous_0)
FN:5,(anonymous_1)
FN:24,(anonymous_2)
FN:42,(anonymous_3)
FNF:4
FNH:3
FNDA:99,(anonymous_0)
FNDA:665,(anonymous_1)
FNDA:166,(anonymous_2)
FNDA:0,(anonymous_3)
DA:4,22
DA:5,99
DA:6,665
DA:7,665
DA:9,665
DA:10,0
DA:12,0
DA:15,665
DA:24,22
DA:25,166
DA:27,18
DA:29,15
DA:31,66
DA:33,67
DA:42,22
DA:43,0
DA:45,0
DA:47,0
DA:49,0
LF:19
LH:13
BRDA:25,0,0,18
BRDA:25,0,1,15
BRDA:25,0,2,66
BRDA:25,0,3,67
BRDA:43,1,0,0
BRDA:43,1,1,0
BRDA:43,1,2,0
BRF:7
BRH:4
end_of_record
TN:
SF:/Users/feral/Creative-Coding/playa/lib/utils/note.js
FN:3,(anonymous_0)
FN:9,(anonymous_1)
FNF:2
FNH:2
FNDA:4787,(anonymous_0)
FNDA:2163,(anonymous_1)
DA:1,23
DA:3,23
DA:4,4787
DA:6,4787
DA:9,23
DA:10,2163
DA:11,2081
DA:14,82
LF:8
LH:8
BRDA:6,0,0,4604
BRDA:6,0,1,183
BRDA:10,1,0,2081
BRDA:10,1,1,82
BRF:4
BRH:4
end_of_record
TN:
SF:/Users/feral/Creative-Coding/playa/lib/utils/octaves.js
FN:4,(anonymous_0)
FN:29,(anonymous_1)
FN:67,(anonymous_2)
FNF:3
FNH:3
FNDA:104,(anonymous_0)
FNDA:104,(anonymous_1)
FNDA:3646,(anonymous_2)
DA:4,22
DA:5,104
DA:7,104
DA:9,104
DA:11,104
DA:29,22
DA:30,104
DA:31,104
DA:32,104
DA:34,104
DA:35,104
DA:37,104
DA:38,0
DA:41,104
DA:43,104
DA:45,104
DA:46,81
DA:48,81
DA:51,104
DA:52,2
DA:53,2
DA:56,104
DA:57,3644
DA:59,3644
DA:61,3644
DA:64,104
DA:67,104
DA:68,3646
DA:69,3646
DA:70,3646
DA:72,3646
DA:73,1387
DA:75,1387
DA:77,1387
DA:79,1387
DA:80,258
DA:86,104
DA:87,81
DA:89,81
DA:92,23
LF:40
LH:39
BRDA:29,0,0,2
BRDA:29,1,0,5
BRDA:29,2,0,5
BRDA:29,3,0,7
BRDA:31,4,0,39
BRDA:31,4,1,65
BRDA:31,5,0,104
BRDA:31,5,1,73
BRDA:37,6,0,0
BRDA:37,6,1,104
BRDA:41,7,0,3
BRDA:45,8,0,81
BRDA:45,8,1,23
BRDA:51,9,0,2
BRDA:51,9,1,102
BRDA:72,10,0,1387
BRDA:72,10,1,2259
BRDA:79,11,0,258
BRDA:79,11,1,1129
BRDA:86,12,0,81
BRDA:86,12,1,23
BRF:21
BRH:20
end_of_record
TN:
SF:/Users/feral/Creative-Coding/playa/lib/utils/whilst.js
FN:3,(anonymous_0)
FNF:1
FNH:1
FNDA:128,(anonymous_0)
DA:1,23
DA:3,23
DA:4,128
DA:6,128
DA:7,2087
DA:9,2087
DA:11,2087
DA:12,1
LF:8
LH:8
BRDA:3,0,0,96
BRDA:11,1,0,1
BRDA:11,1,1,2086
BRF:3
BRH:3
end_of_record
