{"/Users/phoenix/Projects/js/audio/playa/lib/analysis/index.ts": {"path":"/Users/phoenix/Projects/js/audio/playa/lib/analysis/index.ts","all":true,"statementMap":{"0":{"start":{"line":1,"column":0},"end":{"line":1,"column":38}}},"s":{"0":0},"branchMap":{"0":{"type":"branch","line":1,"loc":{"start":{"line":1,"column":213},"end":{"line":4,"column":46}},"locations":[{"start":{"line":1,"column":213},"end":{"line":4,"column":46}}]}},"b":{"0":[0]},"fnMap":{"0":{"name":"(empty-report)","decl":{"start":{"line":1,"column":213},"end":{"line":4,"column":46}},"loc":{"start":{"line":1,"column":213},"end":{"line":4,"column":46}},"line":1}},"f":{"0":0}}
,"/Users/phoenix/Projects/js/audio/playa/lib/analysis/matches.ts": {"path":"/Users/phoenix/Projects/js/audio/playa/lib/analysis/matches.ts","all":false,"statementMap":{"0":{"start":{"line":1,"column":0},"end":{"line":1,"column":27}},"13":{"start":{"line":14,"column":0},"end":{"line":14,"column":16}},"23":{"start":{"line":24,"column":0},"end":{"line":24,"column":90}},"25":{"start":{"line":26,"column":0},"end":{"line":26,"column":75}},"29":{"start":{"line":30,"column":0},"end":{"line":30,"column":71}},"30":{"start":{"line":31,"column":0},"end":{"line":31,"column":57}},"32":{"start":{"line":33,"column":0},"end":{"line":33,"column":89}},"33":{"start":{"line":34,"column":0},"end":{"line":34,"column":71}},"34":{"start":{"line":35,"column":0},"end":{"line":35,"column":69}},"36":{"start":{"line":37,"column":0},"end":{"line":37,"column":98}},"37":{"start":{"line":38,"column":0},"end":{"line":38,"column":2}},"42":{"start":{"line":43,"column":0},"end":{"line":43,"column":74}},"43":{"start":{"line":44,"column":0},"end":{"line":44,"column":99}},"45":{"start":{"line":46,"column":0},"end":{"line":46,"column":43}},"46":{"start":{"line":47,"column":0},"end":{"line":47,"column":64}},"48":{"start":{"line":49,"column":0},"end":{"line":49,"column":38}},"49":{"start":{"line":50,"column":0},"end":{"line":50,"column":40}},"50":{"start":{"line":51,"column":0},"end":{"line":51,"column":65}},"51":{"start":{"line":52,"column":0},"end":{"line":52,"column":4}},"52":{"start":{"line":53,"column":0},"end":{"line":53,"column":5}},"53":{"start":{"line":54,"column":0},"end":{"line":54,"column":4}},"55":{"start":{"line":56,"column":0},"end":{"line":56,"column":16}},"56":{"start":{"line":57,"column":0},"end":{"line":57,"column":2}},"58":{"start":{"line":59,"column":0},"end":{"line":59,"column":61}},"59":{"start":{"line":60,"column":0},"end":{"line":60,"column":67}},"62":{"start":{"line":63,"column":0},"end":{"line":63,"column":55}},"63":{"start":{"line":64,"column":0},"end":{"line":64,"column":42}},"64":{"start":{"line":65,"column":0},"end":{"line":65,"column":71}},"65":{"start":{"line":66,"column":0},"end":{"line":66,"column":2}},"74":{"start":{"line":75,"column":0},"end":{"line":75,"column":73}},"75":{"start":{"line":76,"column":0},"end":{"line":76,"column":109}},"77":{"start":{"line":78,"column":0},"end":{"line":78,"column":52}},"78":{"start":{"line":79,"column":0},"end":{"line":79,"column":2}},"80":{"start":{"line":81,"column":0},"end":{"line":81,"column":111}},"84":{"start":{"line":85,"column":0},"end":{"line":85,"column":71}},"85":{"start":{"line":86,"column":0},"end":{"line":86,"column":44}},"86":{"start":{"line":87,"column":0},"end":{"line":87,"column":48}},"88":{"start":{"line":89,"column":0},"end":{"line":89,"column":55}},"89":{"start":{"line":90,"column":0},"end":{"line":90,"column":2}},"91":{"start":{"line":92,"column":0},"end":{"line":92,"column":101}},"92":{"start":{"line":93,"column":0},"end":{"line":93,"column":92}},"93":{"start":{"line":94,"column":0},"end":{"line":94,"column":47}},"94":{"start":{"line":95,"column":0},"end":{"line":95,"column":2}},"105":{"start":{"line":106,"column":0},"end":{"line":106,"column":58}},"106":{"start":{"line":107,"column":0},"end":{"line":107,"column":33}},"107":{"start":{"line":108,"column":0},"end":{"line":108,"column":22}},"108":{"start":{"line":109,"column":0},"end":{"line":109,"column":35}},"109":{"start":{"line":110,"column":0},"end":{"line":110,"column":22}},"111":{"start":{"line":112,"column":0},"end":{"line":112,"column":32}},"113":{"start":{"line":114,"column":0},"end":{"line":114,"column":21}},"114":{"start":{"line":115,"column":0},"end":{"line":115,"column":22}},"115":{"start":{"line":116,"column":0},"end":{"line":116,"column":2}},"117":{"start":{"line":118,"column":0},"end":{"line":118,"column":53}},"118":{"start":{"line":119,"column":0},"end":{"line":119,"column":38}},"120":{"start":{"line":121,"column":0},"end":{"line":121,"column":21}},"121":{"start":{"line":122,"column":0},"end":{"line":122,"column":39}},"122":{"start":{"line":123,"column":0},"end":{"line":123,"column":9}},"123":{"start":{"line":124,"column":0},"end":{"line":124,"column":27}},"124":{"start":{"line":125,"column":0},"end":{"line":125,"column":38}},"125":{"start":{"line":126,"column":0},"end":{"line":126,"column":9}},"126":{"start":{"line":127,"column":0},"end":{"line":127,"column":3}},"127":{"start":{"line":128,"column":0},"end":{"line":128,"column":2}},"129":{"start":{"line":130,"column":0},"end":{"line":130,"column":33}},"130":{"start":{"line":131,"column":0},"end":{"line":131,"column":45}},"131":{"start":{"line":132,"column":0},"end":{"line":132,"column":2}},"134":{"start":{"line":135,"column":0},"end":{"line":135,"column":49}},"136":{"start":{"line":137,"column":0},"end":{"line":137,"column":8}},"137":{"start":{"line":138,"column":0},"end":{"line":138,"column":9}},"138":{"start":{"line":139,"column":0},"end":{"line":139,"column":60}},"139":{"start":{"line":140,"column":0},"end":{"line":140,"column":47}},"140":{"start":{"line":141,"column":0},"end":{"line":141,"column":11}},"141":{"start":{"line":142,"column":0},"end":{"line":142,"column":19}},"142":{"start":{"line":143,"column":0},"end":{"line":143,"column":4}},"143":{"start":{"line":144,"column":0},"end":{"line":144,"column":4}},"144":{"start":{"line":145,"column":0},"end":{"line":145,"column":20}},"145":{"start":{"line":146,"column":0},"end":{"line":146,"column":3}},"147":{"start":{"line":148,"column":0},"end":{"line":148,"column":59}},"148":{"start":{"line":149,"column":0},"end":{"line":149,"column":34}},"150":{"start":{"line":151,"column":0},"end":{"line":151,"column":29}},"151":{"start":{"line":152,"column":0},"end":{"line":152,"column":27}},"152":{"start":{"line":153,"column":0},"end":{"line":153,"column":10}},"153":{"start":{"line":154,"column":0},"end":{"line":154,"column":84}},"155":{"start":{"line":156,"column":0},"end":{"line":156,"column":9}},"156":{"start":{"line":157,"column":0},"end":{"line":157,"column":3}},"157":{"start":{"line":158,"column":0},"end":{"line":158,"column":2}},"159":{"start":{"line":160,"column":0},"end":{"line":160,"column":21}},"160":{"start":{"line":161,"column":0},"end":{"line":161,"column":2}},"220":{"start":{"line":221,"column":0},"end":{"line":221,"column":72}},"222":{"start":{"line":223,"column":0},"end":{"line":223,"column":48}},"223":{"start":{"line":224,"column":0},"end":{"line":224,"column":41}},"225":{"start":{"line":226,"column":0},"end":{"line":226,"column":24}},"226":{"start":{"line":227,"column":0},"end":{"line":227,"column":12}},"227":{"start":{"line":228,"column":0},"end":{"line":228,"column":2}},"229":{"start":{"line":230,"column":0},"end":{"line":230,"column":56}},"232":{"start":{"line":233,"column":0},"end":{"line":233,"column":52}},"234":{"start":{"line":235,"column":0},"end":{"line":235,"column":60}},"236":{"start":{"line":237,"column":0},"end":{"line":237,"column":120}},"238":{"start":{"line":239,"column":0},"end":{"line":239,"column":40}},"240":{"start":{"line":241,"column":0},"end":{"line":241,"column":38}},"241":{"start":{"line":242,"column":0},"end":{"line":242,"column":2}},"249":{"start":{"line":250,"column":0},"end":{"line":250,"column":62}},"252":{"start":{"line":253,"column":0},"end":{"line":253,"column":60}},"254":{"start":{"line":255,"column":0},"end":{"line":255,"column":45}},"255":{"start":{"line":256,"column":0},"end":{"line":256,"column":50}},"257":{"start":{"line":258,"column":0},"end":{"line":258,"column":50}},"259":{"start":{"line":260,"column":0},"end":{"line":260,"column":121}},"261":{"start":{"line":262,"column":0},"end":{"line":262,"column":39}},"262":{"start":{"line":263,"column":0},"end":{"line":263,"column":10}},"263":{"start":{"line":264,"column":0},"end":{"line":264,"column":3}},"266":{"start":{"line":267,"column":0},"end":{"line":267,"column":64}},"267":{"start":{"line":268,"column":0},"end":{"line":268,"column":40}},"269":{"start":{"line":270,"column":0},"end":{"line":270,"column":42}},"270":{"start":{"line":271,"column":0},"end":{"line":271,"column":89}},"272":{"start":{"line":273,"column":0},"end":{"line":273,"column":58}},"274":{"start":{"line":275,"column":0},"end":{"line":275,"column":11}},"275":{"start":{"line":276,"column":0},"end":{"line":276,"column":10}},"276":{"start":{"line":277,"column":0},"end":{"line":277,"column":10}},"277":{"start":{"line":278,"column":0},"end":{"line":278,"column":9}},"278":{"start":{"line":279,"column":0},"end":{"line":279,"column":50}},"279":{"start":{"line":280,"column":0},"end":{"line":280,"column":44}},"280":{"start":{"line":281,"column":0},"end":{"line":281,"column":5}},"281":{"start":{"line":282,"column":0},"end":{"line":282,"column":5}},"283":{"start":{"line":284,"column":0},"end":{"line":284,"column":49}},"284":{"start":{"line":285,"column":0},"end":{"line":285,"column":4}},"286":{"start":{"line":287,"column":0},"end":{"line":287,"column":59}},"287":{"start":{"line":288,"column":0},"end":{"line":288,"column":2}},"301":{"start":{"line":302,"column":0},"end":{"line":302,"column":35}},"302":{"start":{"line":303,"column":0},"end":{"line":303,"column":53}},"303":{"start":{"line":304,"column":0},"end":{"line":304,"column":27}},"304":{"start":{"line":305,"column":0},"end":{"line":305,"column":22}},"305":{"start":{"line":306,"column":0},"end":{"line":306,"column":42}},"306":{"start":{"line":307,"column":0},"end":{"line":307,"column":50}},"307":{"start":{"line":308,"column":0},"end":{"line":308,"column":52}},"309":{"start":{"line":310,"column":0},"end":{"line":310,"column":83}},"310":{"start":{"line":311,"column":0},"end":{"line":311,"column":31}},"311":{"start":{"line":312,"column":0},"end":{"line":312,"column":39}},"312":{"start":{"line":313,"column":0},"end":{"line":313,"column":45}},"314":{"start":{"line":315,"column":0},"end":{"line":315,"column":86}},"315":{"start":{"line":316,"column":0},"end":{"line":316,"column":4}},"317":{"start":{"line":318,"column":0},"end":{"line":318,"column":70}},"319":{"start":{"line":320,"column":0},"end":{"line":320,"column":44}},"320":{"start":{"line":321,"column":0},"end":{"line":321,"column":35}},"321":{"start":{"line":322,"column":0},"end":{"line":322,"column":4}},"323":{"start":{"line":324,"column":0},"end":{"line":324,"column":80}},"325":{"start":{"line":326,"column":0},"end":{"line":326,"column":50}},"326":{"start":{"line":327,"column":0},"end":{"line":327,"column":39}},"327":{"start":{"line":328,"column":0},"end":{"line":328,"column":4}},"329":{"start":{"line":330,"column":0},"end":{"line":330,"column":46}},"330":{"start":{"line":331,"column":0},"end":{"line":331,"column":2}},"340":{"start":{"line":341,"column":0},"end":{"line":341,"column":83}},"341":{"start":{"line":342,"column":0},"end":{"line":342,"column":71}},"342":{"start":{"line":343,"column":0},"end":{"line":343,"column":56}},"343":{"start":{"line":344,"column":0},"end":{"line":344,"column":2}}},"s":{"0":1,"13":1,"23":1,"25":1,"29":1,"30":4,"32":4,"33":4,"34":4,"36":4,"37":4,"42":1,"43":3,"45":3,"46":45,"48":45,"49":297,"50":252,"51":252,"52":45,"53":3,"55":3,"56":3,"58":1,"59":1,"62":1,"63":590,"64":590,"65":590,"74":1,"75":111,"77":111,"78":111,"80":1,"84":1,"85":111,"86":111,"88":111,"89":111,"91":1,"92":590,"93":590,"94":590,"105":1,"106":115,"107":115,"108":115,"109":115,"111":115,"113":115,"114":0,"115":0,"117":115,"118":334,"120":334,"121":46,"122":46,"123":334,"124":47,"125":47,"126":47,"127":334,"129":115,"130":22,"131":22,"134":115,"136":115,"137":115,"138":228,"139":115,"140":228,"141":113,"142":113,"143":228,"144":115,"145":115,"147":115,"148":300,"150":300,"151":185,"152":300,"153":115,"155":115,"156":115,"157":300,"159":115,"160":115,"220":1,"222":112,"223":112,"225":112,"226":1,"227":1,"229":111,"232":111,"234":112,"236":590,"238":590,"240":590,"241":590,"249":111,"252":111,"254":111,"255":590,"257":590,"259":590,"261":590,"262":0,"263":0,"266":590,"267":7164,"269":7164,"270":7164,"272":7164,"274":7164,"275":7164,"276":7164,"277":7164,"278":7164,"279":7164,"280":7164,"281":590,"283":590,"284":111,"286":111,"287":111,"301":1,"302":2,"303":2,"304":2,"305":2,"306":2,"307":2,"309":2,"310":69,"311":69,"312":69,"314":69,"315":2,"317":2,"319":2,"320":69,"321":2,"323":2,"325":2,"326":5,"327":2,"329":2,"330":2,"340":1,"341":101,"342":101,"343":101},"branchMap":{"0":{"type":"branch","line":30,"loc":{"start":{"line":30,"column":29},"end":{"line":38,"column":2}},"locations":[{"start":{"line":30,"column":29},"end":{"line":38,"column":2}}]},"1":{"type":"branch","line":43,"loc":{"start":{"line":43,"column":26},"end":{"line":57,"column":2}},"locations":[{"start":{"line":43,"column":26},"end":{"line":57,"column":2}}]},"2":{"type":"branch","line":46,"loc":{"start":{"line":46,"column":22},"end":{"line":54,"column":2}},"locations":[{"start":{"line":46,"column":22},"end":{"line":54,"column":2}}]},"3":{"type":"branch","line":49,"loc":{"start":{"line":49,"column":23},"end":{"line":53,"column":3}},"locations":[{"start":{"line":49,"column":23},"end":{"line":53,"column":3}}]},"4":{"type":"branch","line":50,"loc":{"start":{"line":50,"column":39},"end":{"line":52,"column":4}},"locations":[{"start":{"line":50,"column":39},"end":{"line":52,"column":4}}]},"5":{"type":"branch","line":63,"loc":{"start":{"line":63,"column":21},"end":{"line":66,"column":2}},"locations":[{"start":{"line":63,"column":21},"end":{"line":66,"column":2}}]},"6":{"type":"branch","line":65,"loc":{"start":{"line":65,"column":18},"end":{"line":65,"column":51}},"locations":[{"start":{"line":65,"column":18},"end":{"line":65,"column":51}}]},"7":{"type":"branch","line":75,"loc":{"start":{"line":75,"column":32},"end":{"line":79,"column":2}},"locations":[{"start":{"line":75,"column":32},"end":{"line":79,"column":2}}]},"8":{"type":"branch","line":78,"loc":{"start":{"line":78,"column":26},"end":{"line":78,"column":50}},"locations":[{"start":{"line":78,"column":26},"end":{"line":78,"column":50}}]},"9":{"type":"branch","line":81,"loc":{"start":{"line":81,"column":36},"end":{"line":81,"column":104}},"locations":[{"start":{"line":81,"column":36},"end":{"line":81,"column":104}}]},"10":{"type":"branch","line":85,"loc":{"start":{"line":85,"column":29},"end":{"line":90,"column":2}},"locations":[{"start":{"line":85,"column":29},"end":{"line":90,"column":2}}]},"11":{"type":"branch","line":92,"loc":{"start":{"line":92,"column":27},"end":{"line":95,"column":2}},"locations":[{"start":{"line":92,"column":27},"end":{"line":95,"column":2}}]},"12":{"type":"branch","line":106,"loc":{"start":{"line":106,"column":26},"end":{"line":161,"column":2}},"locations":[{"start":{"line":106,"column":26},"end":{"line":161,"column":2}}]},"13":{"type":"branch","line":114,"loc":{"start":{"line":114,"column":20},"end":{"line":116,"column":2}},"locations":[{"start":{"line":114,"column":20},"end":{"line":116,"column":2}}]},"14":{"type":"branch","line":118,"loc":{"start":{"line":118,"column":52},"end":{"line":128,"column":2}},"locations":[{"start":{"line":118,"column":52},"end":{"line":128,"column":2}}]},"15":{"type":"branch","line":121,"loc":{"start":{"line":121,"column":20},"end":{"line":124,"column":13}},"locations":[{"start":{"line":121,"column":20},"end":{"line":124,"column":13}}]},"16":{"type":"branch","line":124,"loc":{"start":{"line":124,"column":2},"end":{"line":127,"column":3}},"locations":[{"start":{"line":124,"column":2},"end":{"line":127,"column":3}}]},"17":{"type":"branch","line":124,"loc":{"start":{"line":124,"column":26},"end":{"line":127,"column":3}},"locations":[{"start":{"line":124,"column":26},"end":{"line":127,"column":3}}]},"18":{"type":"branch","line":130,"loc":{"start":{"line":130,"column":32},"end":{"line":132,"column":2}},"locations":[{"start":{"line":130,"column":32},"end":{"line":132,"column":2}}]},"19":{"type":"branch","line":148,"loc":{"start":{"line":148,"column":58},"end":{"line":158,"column":2}},"locations":[{"start":{"line":148,"column":58},"end":{"line":158,"column":2}}]},"20":{"type":"branch","line":151,"loc":{"start":{"line":151,"column":28},"end":{"line":153,"column":9}},"locations":[{"start":{"line":151,"column":28},"end":{"line":153,"column":9}}]},"21":{"type":"branch","line":153,"loc":{"start":{"line":153,"column":2},"end":{"line":157,"column":3}},"locations":[{"start":{"line":153,"column":2},"end":{"line":157,"column":3}}]},"22":{"type":"branch","line":138,"loc":{"start":{"line":138,"column":2},"end":{"line":144,"column":4}},"locations":[{"start":{"line":138,"column":2},"end":{"line":144,"column":4}}]},"23":{"type":"branch","line":139,"loc":{"start":{"line":139,"column":59},"end":{"line":141,"column":10}},"locations":[{"start":{"line":139,"column":59},"end":{"line":141,"column":10}}]},"24":{"type":"branch","line":141,"loc":{"start":{"line":141,"column":3},"end":{"line":143,"column":4}},"locations":[{"start":{"line":141,"column":3},"end":{"line":143,"column":4}}]},"25":{"type":"branch","line":145,"loc":{"start":{"line":145,"column":2},"end":{"line":145,"column":20}},"locations":[{"start":{"line":145,"column":2},"end":{"line":145,"column":20}}]},"26":{"type":"branch","line":221,"loc":{"start":{"line":221,"column":32},"end":{"line":288,"column":2}},"locations":[{"start":{"line":221,"column":32},"end":{"line":288,"column":2}}]},"27":{"type":"branch","line":226,"loc":{"start":{"line":226,"column":23},"end":{"line":228,"column":2}},"locations":[{"start":{"line":226,"column":23},"end":{"line":228,"column":2}}]},"28":{"type":"branch","line":228,"loc":{"start":{"line":228,"column":1},"end":{"line":235,"column":59}},"locations":[{"start":{"line":228,"column":1},"end":{"line":235,"column":59}}]},"29":{"type":"branch","line":235,"loc":{"start":{"line":235,"column":59},"end":{"line":242,"column":2}},"locations":[{"start":{"line":235,"column":59},"end":{"line":242,"column":2}}]},"30":{"type":"branch","line":242,"loc":{"start":{"line":242,"column":1},"end":{"line":288,"column":2}},"locations":[{"start":{"line":242,"column":1},"end":{"line":288,"column":2}}]},"31":{"type":"branch","line":230,"loc":{"start":{"line":230,"column":31},"end":{"line":230,"column":54}},"locations":[{"start":{"line":230,"column":31},"end":{"line":230,"column":54}}]},"32":{"type":"branch","line":255,"loc":{"start":{"line":255,"column":26},"end":{"line":285,"column":2}},"locations":[{"start":{"line":255,"column":26},"end":{"line":285,"column":2}}]},"33":{"type":"branch","line":262,"loc":{"start":{"line":262,"column":38},"end":{"line":264,"column":3}},"locations":[{"start":{"line":262,"column":38},"end":{"line":264,"column":3}}]},"34":{"type":"branch","line":267,"loc":{"start":{"line":267,"column":52},"end":{"line":282,"column":3}},"locations":[{"start":{"line":267,"column":52},"end":{"line":282,"column":3}}]},"35":{"type":"branch","line":302,"loc":{"start":{"line":302,"column":34},"end":{"line":331,"column":2}},"locations":[{"start":{"line":302,"column":34},"end":{"line":331,"column":2}}]},"36":{"type":"branch","line":308,"loc":{"start":{"line":308,"column":31},"end":{"line":308,"column":50}},"locations":[{"start":{"line":308,"column":31},"end":{"line":308,"column":50}}]},"37":{"type":"branch","line":310,"loc":{"start":{"line":310,"column":75},"end":{"line":316,"column":2}},"locations":[{"start":{"line":310,"column":75},"end":{"line":316,"column":2}}]},"38":{"type":"branch","line":313,"loc":{"start":{"line":313,"column":24},"end":{"line":313,"column":43}},"locations":[{"start":{"line":313,"column":24},"end":{"line":313,"column":43}}]},"39":{"type":"branch","line":320,"loc":{"start":{"line":320,"column":36},"end":{"line":322,"column":2}},"locations":[{"start":{"line":320,"column":36},"end":{"line":322,"column":2}}]},"40":{"type":"branch","line":326,"loc":{"start":{"line":326,"column":42},"end":{"line":328,"column":2}},"locations":[{"start":{"line":326,"column":42},"end":{"line":328,"column":2}}]},"41":{"type":"branch","line":330,"loc":{"start":{"line":330,"column":25},"end":{"line":330,"column":44}},"locations":[{"start":{"line":330,"column":25},"end":{"line":330,"column":44}}]},"42":{"type":"branch","line":341,"loc":{"start":{"line":341,"column":36},"end":{"line":344,"column":2}},"locations":[{"start":{"line":341,"column":36},"end":{"line":344,"column":2}}]}},"b":{"0":[4],"1":[3],"2":[45],"3":[297],"4":[252],"5":[590],"6":[3418],"7":[111],"8":[590],"9":[3418],"10":[111],"11":[590],"12":[115],"13":[0],"14":[334],"15":[46],"16":[288],"17":[47],"18":[22],"19":[300],"20":[185],"21":[115],"22":[228],"23":[115],"24":[113],"25":[343],"26":[112],"27":[1],"28":[111],"29":[590],"30":[111],"31":[591],"32":[590],"33":[0],"34":[7164],"35":[2],"36":[14],"37":[69],"38":[455],"39":[69],"40":[5],"41":[3],"42":[101]},"fnMap":{"0":{"name":"rankIntervals","decl":{"start":{"line":30,"column":29},"end":{"line":38,"column":2}},"loc":{"start":{"line":30,"column":29},"end":{"line":38,"column":2}},"line":30},"1":{"name":"rankScales","decl":{"start":{"line":43,"column":26},"end":{"line":57,"column":2}},"loc":{"start":{"line":43,"column":26},"end":{"line":57,"column":2}},"line":43},"2":{"name":"getIntervals","decl":{"start":{"line":63,"column":21},"end":{"line":66,"column":2}},"loc":{"start":{"line":63,"column":21},"end":{"line":66,"column":2}},"line":63},"3":{"name":"getOrderedScoreRankings","decl":{"start":{"line":75,"column":32},"end":{"line":79,"column":2}},"loc":{"start":{"line":75,"column":32},"end":{"line":79,"column":2}},"line":75},"4":{"name":"calcIntervalRankings","decl":{"start":{"line":85,"column":29},"end":{"line":90,"column":2}},"loc":{"start":{"line":85,"column":29},"end":{"line":90,"column":2}},"line":85},"5":{"name":"findPossibleScales","decl":{"start":{"line":92,"column":27},"end":{"line":95,"column":2}},"loc":{"start":{"line":92,"column":27},"end":{"line":95,"column":2}},"line":92},"6":{"name":"orderNotes","decl":{"start":{"line":106,"column":26},"end":{"line":161,"column":2}},"loc":{"start":{"line":106,"column":26},"end":{"line":161,"column":2}},"line":106},"7":{"name":"index","decl":{"start":{"line":138,"column":2},"end":{"line":144,"column":4}},"loc":{"start":{"line":138,"column":2},"end":{"line":144,"column":4}},"line":138},"8":{"name":"findMatchingKeys","decl":{"start":{"line":221,"column":32},"end":{"line":288,"column":2}},"loc":{"start":{"line":221,"column":32},"end":{"line":288,"column":2}},"line":221},"9":{"name":"findClosestMatches","decl":{"start":{"line":302,"column":34},"end":{"line":331,"column":2}},"loc":{"start":{"line":302,"column":34},"end":{"line":331,"column":2}},"line":302},"10":{"name":"filterHighestMatches","decl":{"start":{"line":341,"column":36},"end":{"line":344,"column":2}},"loc":{"start":{"line":341,"column":36},"end":{"line":344,"column":2}},"line":341}},"f":{"0":4,"1":3,"2":590,"3":111,"4":111,"5":590,"6":115,"7":228,"8":112,"9":2,"10":101}}
,"/Users/phoenix/Projects/js/audio/playa/lib/analysis/song.ts": {"path":"/Users/phoenix/Projects/js/audio/playa/lib/analysis/song.ts","all":false,"statementMap":{"0":{"start":{"line":1,"column":0},"end":{"line":1,"column":27}},"26":{"start":{"line":27,"column":0},"end":{"line":27,"column":27}},"27":{"start":{"line":28,"column":0},"end":{"line":28,"column":48}},"29":{"start":{"line":30,"column":0},"end":{"line":30,"column":43}},"31":{"start":{"line":32,"column":0},"end":{"line":32,"column":19}},"32":{"start":{"line":33,"column":0},"end":{"line":33,"column":52}},"34":{"start":{"line":35,"column":0},"end":{"line":35,"column":33}},"43":{"start":{"line":44,"column":0},"end":{"line":44,"column":39}},"44":{"start":{"line":45,"column":0},"end":{"line":45,"column":103}},"46":{"start":{"line":47,"column":0},"end":{"line":47,"column":62}},"48":{"start":{"line":49,"column":0},"end":{"line":49,"column":32}},"49":{"start":{"line":50,"column":0},"end":{"line":50,"column":2}},"57":{"start":{"line":58,"column":0},"end":{"line":58,"column":34}},"58":{"start":{"line":59,"column":0},"end":{"line":59,"column":15}},"59":{"start":{"line":60,"column":0},"end":{"line":60,"column":34}},"60":{"start":{"line":61,"column":0},"end":{"line":61,"column":89}},"61":{"start":{"line":62,"column":0},"end":{"line":62,"column":6}},"62":{"start":{"line":63,"column":0},"end":{"line":63,"column":43}},"63":{"start":{"line":64,"column":0},"end":{"line":64,"column":4}},"64":{"start":{"line":65,"column":0},"end":{"line":65,"column":2}},"73":{"start":{"line":74,"column":0},"end":{"line":74,"column":29}},"74":{"start":{"line":75,"column":0},"end":{"line":75,"column":20}},"75":{"start":{"line":76,"column":0},"end":{"line":76,"column":2}},"77":{"start":{"line":78,"column":0},"end":{"line":78,"column":35}},"78":{"start":{"line":79,"column":0},"end":{"line":79,"column":10}},"79":{"start":{"line":80,"column":0},"end":{"line":80,"column":13}},"80":{"start":{"line":81,"column":0},"end":{"line":81,"column":12}},"81":{"start":{"line":82,"column":0},"end":{"line":82,"column":10}},"82":{"start":{"line":83,"column":0},"end":{"line":83,"column":15}},"83":{"start":{"line":84,"column":0},"end":{"line":84,"column":14}},"84":{"start":{"line":85,"column":0},"end":{"line":85,"column":4}},"85":{"start":{"line":86,"column":0},"end":{"line":86,"column":2}},"87":{"start":{"line":88,"column":0},"end":{"line":88,"column":43}},"88":{"start":{"line":89,"column":0},"end":{"line":89,"column":16}},"89":{"start":{"line":90,"column":0},"end":{"line":90,"column":15}},"91":{"start":{"line":92,"column":0},"end":{"line":92,"column":44}},"92":{"start":{"line":93,"column":0},"end":{"line":93,"column":41}},"93":{"start":{"line":94,"column":0},"end":{"line":94,"column":36}},"95":{"start":{"line":96,"column":0},"end":{"line":96,"column":25}},"97":{"start":{"line":98,"column":0},"end":{"line":98,"column":39}},"99":{"start":{"line":100,"column":0},"end":{"line":100,"column":34}},"101":{"start":{"line":102,"column":0},"end":{"line":102,"column":46}},"103":{"start":{"line":104,"column":0},"end":{"line":104,"column":77}},"105":{"start":{"line":106,"column":0},"end":{"line":106,"column":33}},"107":{"start":{"line":108,"column":0},"end":{"line":108,"column":37}},"110":{"start":{"line":111,"column":0},"end":{"line":111,"column":38}},"111":{"start":{"line":112,"column":0},"end":{"line":112,"column":26}},"113":{"start":{"line":114,"column":0},"end":{"line":114,"column":13}},"114":{"start":{"line":115,"column":0},"end":{"line":115,"column":4}},"117":{"start":{"line":118,"column":0},"end":{"line":118,"column":68}},"119":{"start":{"line":120,"column":0},"end":{"line":120,"column":37}},"120":{"start":{"line":121,"column":0},"end":{"line":121,"column":28}},"121":{"start":{"line":122,"column":0},"end":{"line":122,"column":29}},"123":{"start":{"line":124,"column":0},"end":{"line":124,"column":30}},"125":{"start":{"line":126,"column":0},"end":{"line":126,"column":38}},"127":{"start":{"line":128,"column":0},"end":{"line":128,"column":35}},"128":{"start":{"line":129,"column":0},"end":{"line":129,"column":39}},"130":{"start":{"line":131,"column":0},"end":{"line":131,"column":31}},"132":{"start":{"line":133,"column":0},"end":{"line":133,"column":33}},"133":{"start":{"line":134,"column":0},"end":{"line":134,"column":19}},"134":{"start":{"line":135,"column":0},"end":{"line":135,"column":11}},"135":{"start":{"line":136,"column":0},"end":{"line":136,"column":26}},"136":{"start":{"line":137,"column":0},"end":{"line":137,"column":4}},"137":{"start":{"line":138,"column":0},"end":{"line":138,"column":3}},"139":{"start":{"line":140,"column":0},"end":{"line":140,"column":25}},"141":{"start":{"line":142,"column":0},"end":{"line":142,"column":41}},"143":{"start":{"line":144,"column":0},"end":{"line":144,"column":35}},"144":{"start":{"line":145,"column":0},"end":{"line":145,"column":76}},"145":{"start":{"line":146,"column":0},"end":{"line":146,"column":79}},"147":{"start":{"line":148,"column":0},"end":{"line":148,"column":67}},"148":{"start":{"line":149,"column":0},"end":{"line":149,"column":4}},"150":{"start":{"line":151,"column":0},"end":{"line":151,"column":72}},"152":{"start":{"line":153,"column":0},"end":{"line":153,"column":28}},"153":{"start":{"line":154,"column":0},"end":{"line":154,"column":5}},"154":{"start":{"line":155,"column":0},"end":{"line":155,"column":2}},"156":{"start":{"line":157,"column":0},"end":{"line":157,"column":45}},"157":{"start":{"line":158,"column":0},"end":{"line":158,"column":63}},"158":{"start":{"line":159,"column":0},"end":{"line":159,"column":75}},"159":{"start":{"line":160,"column":0},"end":{"line":160,"column":90}},"160":{"start":{"line":161,"column":0},"end":{"line":161,"column":3}},"162":{"start":{"line":163,"column":0},"end":{"line":163,"column":15}},"163":{"start":{"line":164,"column":0},"end":{"line":164,"column":2}},"165":{"start":{"line":166,"column":0},"end":{"line":166,"column":42}},"166":{"start":{"line":167,"column":0},"end":{"line":167,"column":56}},"167":{"start":{"line":168,"column":0},"end":{"line":168,"column":88}},"169":{"start":{"line":170,"column":0},"end":{"line":170,"column":41}},"171":{"start":{"line":172,"column":0},"end":{"line":172,"column":15}},"172":{"start":{"line":173,"column":0},"end":{"line":173,"column":2}},"174":{"start":{"line":175,"column":0},"end":{"line":175,"column":53}},"175":{"start":{"line":176,"column":0},"end":{"line":176,"column":36}},"176":{"start":{"line":177,"column":0},"end":{"line":177,"column":37}},"179":{"start":{"line":180,"column":0},"end":{"line":180,"column":37}},"180":{"start":{"line":181,"column":0},"end":{"line":181,"column":10}},"181":{"start":{"line":182,"column":0},"end":{"line":182,"column":3}},"183":{"start":{"line":184,"column":0},"end":{"line":184,"column":28}},"184":{"start":{"line":185,"column":0},"end":{"line":185,"column":2}},"186":{"start":{"line":187,"column":0},"end":{"line":187,"column":31}},"187":{"start":{"line":188,"column":0},"end":{"line":188,"column":39}},"190":{"start":{"line":191,"column":0},"end":{"line":191,"column":22}},"191":{"start":{"line":192,"column":0},"end":{"line":192,"column":16}},"192":{"start":{"line":193,"column":0},"end":{"line":193,"column":29}},"194":{"start":{"line":195,"column":0},"end":{"line":195,"column":72}},"195":{"start":{"line":196,"column":0},"end":{"line":196,"column":5}},"196":{"start":{"line":197,"column":0},"end":{"line":197,"column":22}},"199":{"start":{"line":200,"column":0},"end":{"line":200,"column":21}},"200":{"start":{"line":201,"column":0},"end":{"line":201,"column":16}},"201":{"start":{"line":202,"column":0},"end":{"line":202,"column":29}},"203":{"start":{"line":204,"column":0},"end":{"line":204,"column":71}},"204":{"start":{"line":205,"column":0},"end":{"line":205,"column":5}},"205":{"start":{"line":206,"column":0},"end":{"line":206,"column":22}},"207":{"start":{"line":208,"column":0},"end":{"line":208,"column":70}},"208":{"start":{"line":209,"column":0},"end":{"line":209,"column":68}},"210":{"start":{"line":211,"column":0},"end":{"line":211,"column":33}},"211":{"start":{"line":212,"column":0},"end":{"line":212,"column":30}},"212":{"start":{"line":213,"column":0},"end":{"line":213,"column":25}},"213":{"start":{"line":214,"column":0},"end":{"line":214,"column":3}},"215":{"start":{"line":216,"column":0},"end":{"line":216,"column":33}},"216":{"start":{"line":217,"column":0},"end":{"line":217,"column":29}},"217":{"start":{"line":218,"column":0},"end":{"line":218,"column":26}},"218":{"start":{"line":219,"column":0},"end":{"line":219,"column":3}},"219":{"start":{"line":220,"column":0},"end":{"line":220,"column":2}},"220":{"start":{"line":221,"column":0},"end":{"line":221,"column":1}}},"s":{"0":1,"26":1,"27":6,"29":6,"31":6,"32":6,"34":6,"43":6,"44":6,"46":6,"48":6,"49":6,"57":6,"58":7,"59":7,"60":476,"61":7,"62":7,"63":7,"64":7,"73":6,"74":0,"75":0,"77":6,"78":16,"79":16,"80":16,"81":16,"82":16,"83":16,"84":16,"85":16,"87":6,"88":6,"89":6,"91":6,"92":1206,"93":1206,"95":1206,"97":1206,"99":107,"101":107,"103":85,"105":85,"107":85,"110":1206,"111":15,"113":15,"114":15,"117":1206,"119":10,"120":10,"121":10,"123":10,"125":10,"127":10,"128":10,"130":10,"132":10,"133":10,"134":1206,"135":60,"136":60,"137":1206,"139":6,"141":6,"143":16,"144":0,"145":0,"147":0,"148":0,"150":16,"152":16,"153":6,"154":6,"156":6,"157":61,"158":11,"159":11,"160":11,"162":50,"163":61,"165":6,"166":1206,"167":1206,"169":1206,"171":107,"172":1206,"174":6,"175":117,"176":117,"179":117,"180":32,"181":32,"183":85,"184":117,"186":6,"187":95,"190":95,"191":95,"192":509,"194":509,"195":95,"196":95,"199":95,"200":95,"201":509,"203":509,"204":95,"205":95,"207":95,"208":95,"210":95,"211":32,"212":32,"213":32,"215":95,"216":30,"217":30,"218":30,"219":95,"220":6},"branchMap":{"0":{"type":"branch","line":27,"loc":{"start":{"line":27,"column":7},"end":{"line":221,"column":1}},"locations":[{"start":{"line":27,"column":7},"end":{"line":221,"column":1}}]},"1":{"type":"branch","line":44,"loc":{"start":{"line":44,"column":1},"end":{"line":50,"column":2}},"locations":[{"start":{"line":44,"column":1},"end":{"line":50,"column":2}}]},"2":{"type":"branch","line":45,"loc":{"start":{"line":45,"column":29},"end":{"line":45,"column":103}},"locations":[{"start":{"line":45,"column":29},"end":{"line":45,"column":103}}]},"3":{"type":"branch","line":58,"loc":{"start":{"line":58,"column":1},"end":{"line":65,"column":2}},"locations":[{"start":{"line":58,"column":1},"end":{"line":65,"column":2}}]},"4":{"type":"branch","line":60,"loc":{"start":{"line":60,"column":12},"end":{"line":62,"column":4}},"locations":[{"start":{"line":60,"column":12},"end":{"line":62,"column":4}}]},"5":{"type":"branch","line":61,"loc":{"start":{"line":61,"column":29},"end":{"line":61,"column":87}},"locations":[{"start":{"line":61,"column":29},"end":{"line":61,"column":87}}]},"6":{"type":"branch","line":61,"loc":{"start":{"line":61,"column":72},"end":{"line":61,"column":89}},"locations":[{"start":{"line":61,"column":72},"end":{"line":61,"column":89}}]},"7":{"type":"branch","line":63,"loc":{"start":{"line":63,"column":18},"end":{"line":63,"column":42}},"locations":[{"start":{"line":63,"column":18},"end":{"line":63,"column":42}}]},"8":{"type":"branch","line":78,"loc":{"start":{"line":78,"column":9},"end":{"line":86,"column":2}},"locations":[{"start":{"line":78,"column":9},"end":{"line":86,"column":2}}]},"9":{"type":"branch","line":88,"loc":{"start":{"line":88,"column":9},"end":{"line":155,"column":2}},"locations":[{"start":{"line":88,"column":9},"end":{"line":155,"column":2}}]},"10":{"type":"branch","line":92,"loc":{"start":{"line":92,"column":43},"end":{"line":138,"column":3}},"locations":[{"start":{"line":92,"column":43},"end":{"line":138,"column":3}}]},"11":{"type":"branch","line":98,"loc":{"start":{"line":98,"column":30},"end":{"line":98,"column":39}},"locations":[{"start":{"line":98,"column":30},"end":{"line":98,"column":39}}]},"12":{"type":"branch","line":98,"loc":{"start":{"line":98,"column":30},"end":{"line":102,"column":46}},"locations":[{"start":{"line":98,"column":30},"end":{"line":102,"column":46}}]},"13":{"type":"branch","line":102,"loc":{"start":{"line":102,"column":37},"end":{"line":102,"column":46}},"locations":[{"start":{"line":102,"column":37},"end":{"line":102,"column":46}}]},"14":{"type":"branch","line":102,"loc":{"start":{"line":102,"column":37},"end":{"line":106,"column":33}},"locations":[{"start":{"line":102,"column":37},"end":{"line":106,"column":33}}]},"15":{"type":"branch","line":106,"loc":{"start":{"line":106,"column":24},"end":{"line":106,"column":33}},"locations":[{"start":{"line":106,"column":24},"end":{"line":106,"column":33}}]},"16":{"type":"branch","line":106,"loc":{"start":{"line":106,"column":24},"end":{"line":111,"column":37}},"locations":[{"start":{"line":106,"column":24},"end":{"line":111,"column":37}}]},"17":{"type":"branch","line":111,"loc":{"start":{"line":111,"column":37},"end":{"line":115,"column":4}},"locations":[{"start":{"line":111,"column":37},"end":{"line":115,"column":4}}]},"18":{"type":"branch","line":115,"loc":{"start":{"line":115,"column":3},"end":{"line":118,"column":32}},"locations":[{"start":{"line":115,"column":3},"end":{"line":118,"column":32}}]},"19":{"type":"branch","line":118,"loc":{"start":{"line":118,"column":23},"end":{"line":118,"column":67}},"locations":[{"start":{"line":118,"column":23},"end":{"line":118,"column":67}}]},"20":{"type":"branch","line":118,"loc":{"start":{"line":118,"column":67},"end":{"line":135,"column":10}},"locations":[{"start":{"line":118,"column":67},"end":{"line":135,"column":10}}]},"21":{"type":"branch","line":135,"loc":{"start":{"line":135,"column":3},"end":{"line":137,"column":4}},"locations":[{"start":{"line":135,"column":3},"end":{"line":137,"column":4}}]},"22":{"type":"branch","line":142,"loc":{"start":{"line":142,"column":21},"end":{"line":154,"column":3}},"locations":[{"start":{"line":142,"column":21},"end":{"line":154,"column":3}}]},"23":{"type":"branch","line":144,"loc":{"start":{"line":144,"column":34},"end":{"line":149,"column":4}},"locations":[{"start":{"line":144,"column":34},"end":{"line":149,"column":4}}]},"24":{"type":"branch","line":157,"loc":{"start":{"line":157,"column":9},"end":{"line":164,"column":2}},"locations":[{"start":{"line":157,"column":9},"end":{"line":164,"column":2}}]},"25":{"type":"branch","line":158,"loc":{"start":{"line":158,"column":12},"end":{"line":158,"column":62}},"locations":[{"start":{"line":158,"column":12},"end":{"line":158,"column":62}}]},"26":{"type":"branch","line":158,"loc":{"start":{"line":158,"column":62},"end":{"line":161,"column":3}},"locations":[{"start":{"line":158,"column":62},"end":{"line":161,"column":3}}]},"27":{"type":"branch","line":159,"loc":{"start":{"line":159,"column":37},"end":{"line":159,"column":65}},"locations":[{"start":{"line":159,"column":37},"end":{"line":159,"column":65}}]},"28":{"type":"branch","line":159,"loc":{"start":{"line":159,"column":52},"end":{"line":159,"column":75}},"locations":[{"start":{"line":159,"column":52},"end":{"line":159,"column":75}}]},"29":{"type":"branch","line":161,"loc":{"start":{"line":161,"column":2},"end":{"line":163,"column":15}},"locations":[{"start":{"line":161,"column":2},"end":{"line":163,"column":15}}]},"30":{"type":"branch","line":166,"loc":{"start":{"line":166,"column":9},"end":{"line":173,"column":2}},"locations":[{"start":{"line":166,"column":9},"end":{"line":173,"column":2}}]},"31":{"type":"branch","line":170,"loc":{"start":{"line":170,"column":6},"end":{"line":170,"column":29}},"locations":[{"start":{"line":170,"column":6},"end":{"line":170,"column":29}}]},"32":{"type":"branch","line":170,"loc":{"start":{"line":170,"column":29},"end":{"line":170,"column":41}},"locations":[{"start":{"line":170,"column":29},"end":{"line":170,"column":41}}]},"33":{"type":"branch","line":170,"loc":{"start":{"line":170,"column":36},"end":{"line":172,"column":15}},"locations":[{"start":{"line":170,"column":36},"end":{"line":172,"column":15}}]},"34":{"type":"branch","line":175,"loc":{"start":{"line":175,"column":9},"end":{"line":185,"column":2}},"locations":[{"start":{"line":175,"column":9},"end":{"line":185,"column":2}}]},"35":{"type":"branch","line":180,"loc":{"start":{"line":180,"column":36},"end":{"line":182,"column":3}},"locations":[{"start":{"line":180,"column":36},"end":{"line":182,"column":3}}]},"36":{"type":"branch","line":182,"loc":{"start":{"line":182,"column":2},"end":{"line":184,"column":28}},"locations":[{"start":{"line":182,"column":2},"end":{"line":184,"column":28}}]},"37":{"type":"branch","line":187,"loc":{"start":{"line":187,"column":9},"end":{"line":220,"column":2}},"locations":[{"start":{"line":187,"column":9},"end":{"line":220,"column":2}}]},"38":{"type":"branch","line":211,"loc":{"start":{"line":211,"column":32},"end":{"line":214,"column":3}},"locations":[{"start":{"line":211,"column":32},"end":{"line":214,"column":3}}]},"39":{"type":"branch","line":216,"loc":{"start":{"line":216,"column":32},"end":{"line":219,"column":3}},"locations":[{"start":{"line":216,"column":32},"end":{"line":219,"column":3}}]},"40":{"type":"branch","line":192,"loc":{"start":{"line":192,"column":8},"end":{"line":196,"column":4}},"locations":[{"start":{"line":192,"column":8},"end":{"line":196,"column":4}}]},"41":{"type":"branch","line":195,"loc":{"start":{"line":195,"column":16},"end":{"line":195,"column":44}},"locations":[{"start":{"line":195,"column":16},"end":{"line":195,"column":44}}]},"42":{"type":"branch","line":195,"loc":{"start":{"line":195,"column":34},"end":{"line":195,"column":56}},"locations":[{"start":{"line":195,"column":34},"end":{"line":195,"column":56}}]},"43":{"type":"branch","line":195,"loc":{"start":{"line":195,"column":49},"end":{"line":195,"column":72}},"locations":[{"start":{"line":195,"column":49},"end":{"line":195,"column":72}}]},"44":{"type":"branch","line":201,"loc":{"start":{"line":201,"column":8},"end":{"line":205,"column":4}},"locations":[{"start":{"line":201,"column":8},"end":{"line":205,"column":4}}]},"45":{"type":"branch","line":204,"loc":{"start":{"line":204,"column":16},"end":{"line":204,"column":43}},"locations":[{"start":{"line":204,"column":16},"end":{"line":204,"column":43}}]},"46":{"type":"branch","line":204,"loc":{"start":{"line":204,"column":34},"end":{"line":204,"column":55}},"locations":[{"start":{"line":204,"column":34},"end":{"line":204,"column":55}}]},"47":{"type":"branch","line":204,"loc":{"start":{"line":204,"column":48},"end":{"line":204,"column":71}},"locations":[{"start":{"line":204,"column":48},"end":{"line":204,"column":71}}]}},"b":{"0":[6],"1":[6],"2":[0],"3":[7],"4":[476],"5":[462],"6":[14],"7":[17],"8":[16],"9":[6],"10":[1206],"11":[1099],"12":[107],"13":[22],"14":[85],"15":[0],"16":[85],"17":[15],"18":[70],"19":[61],"20":[10],"21":[60],"22":[16],"23":[0],"24":[61],"25":[13],"26":[11],"27":[5],"28":[6],"29":[50],"30":[1206],"31":[307],"32":[1099],"33":[107],"34":[117],"35":[32],"36":[85],"37":[95],"38":[32],"39":[30],"40":[509],"41":[155],"42":[430],"43":[79],"44":[509],"45":[155],"46":[433],"47":[76]},"fnMap":{"0":{"name":"<instance_members_initializer>","decl":{"start":{"line":27,"column":7},"end":{"line":221,"column":1}},"loc":{"start":{"line":27,"column":7},"end":{"line":221,"column":1}},"line":27},"1":{"name":"SongAnalysis","decl":{"start":{"line":44,"column":1},"end":{"line":50,"column":2}},"loc":{"start":{"line":44,"column":1},"end":{"line":50,"column":2}},"line":44},"2":{"name":"get matches","decl":{"start":{"line":58,"column":1},"end":{"line":65,"column":2}},"loc":{"start":{"line":58,"column":1},"end":{"line":65,"column":2}},"line":58},"3":{"name":"get analysis","decl":{"start":{"line":74,"column":1},"end":{"line":76,"column":2}},"loc":{"start":{"line":74,"column":1},"end":{"line":76,"column":2}},"line":74},"4":{"name":"createMemory","decl":{"start":{"line":78,"column":9},"end":{"line":86,"column":2}},"loc":{"start":{"line":78,"column":9},"end":{"line":86,"column":2}},"line":78},"5":{"name":"analyse","decl":{"start":{"line":88,"column":9},"end":{"line":155,"column":2}},"loc":{"start":{"line":88,"column":9},"end":{"line":155,"column":2}},"line":88},"6":{"name":"hasDifferentAccidental","decl":{"start":{"line":157,"column":9},"end":{"line":164,"column":2}},"loc":{"start":{"line":157,"column":9},"end":{"line":164,"column":2}},"line":157},"7":{"name":"isInMemory","decl":{"start":{"line":166,"column":9},"end":{"line":173,"column":2}},"loc":{"start":{"line":166,"column":9},"end":{"line":173,"column":2}},"line":166},"8":{"name":"memorise","decl":{"start":{"line":175,"column":9},"end":{"line":185,"column":2}},"loc":{"start":{"line":175,"column":9},"end":{"line":185,"column":2}},"line":175},"9":{"name":"validateAccidental","decl":{"start":{"line":187,"column":9},"end":{"line":220,"column":2}},"loc":{"start":{"line":187,"column":9},"end":{"line":220,"column":2}},"line":187}},"f":{"0":6,"1":6,"2":7,"3":0,"4":16,"5":6,"6":61,"7":1206,"8":117,"9":95}}
,"/Users/phoenix/Projects/js/audio/playa/lib/common/types.ts": {"path":"/Users/phoenix/Projects/js/audio/playa/lib/common/types.ts","all":false,"statementMap":{"0":{"start":{"line":1,"column":0},"end":{"line":1,"column":25}},"1":{"start":{"line":2,"column":0},"end":{"line":2,"column":10}},"2":{"start":{"line":3,"column":0},"end":{"line":3,"column":9}},"7":{"start":{"line":8,"column":0},"end":{"line":8,"column":24}},"8":{"start":{"line":9,"column":0},"end":{"line":9,"column":15}},"9":{"start":{"line":10,"column":0},"end":{"line":10,"column":15}},"14":{"start":{"line":15,"column":0},"end":{"line":15,"column":25}},"15":{"start":{"line":16,"column":0},"end":{"line":16,"column":15}},"16":{"start":{"line":17,"column":0},"end":{"line":17,"column":21}}},"s":{"0":1,"1":1,"2":1,"7":1,"8":1,"9":1,"14":1,"15":1,"16":1},"branchMap":{"0":{"type":"branch","line":1,"loc":{"start":{"line":1,"column":7},"end":{"line":1,"column":25}},"locations":[{"start":{"line":1,"column":7},"end":{"line":1,"column":25}}]},"1":{"type":"branch","line":8,"loc":{"start":{"line":8,"column":7},"end":{"line":8,"column":24}},"locations":[{"start":{"line":8,"column":7},"end":{"line":8,"column":24}}]},"2":{"type":"branch","line":15,"loc":{"start":{"line":15,"column":7},"end":{"line":15,"column":25}},"locations":[{"start":{"line":15,"column":7},"end":{"line":15,"column":25}}]}},"b":{"0":[32],"1":[32],"2":[32]},"fnMap":{},"f":{}}
,"/Users/phoenix/Projects/js/audio/playa/lib/composition/arp.ts": {"path":"/Users/phoenix/Projects/js/audio/playa/lib/composition/arp.ts","all":false,"statementMap":{"0":{"start":{"line":1,"column":0},"end":{"line":1,"column":39}},"14":{"start":{"line":15,"column":0},"end":{"line":15,"column":66}},"15":{"start":{"line":16,"column":0},"end":{"line":16,"column":43}},"17":{"start":{"line":18,"column":0},"end":{"line":18,"column":126}},"18":{"start":{"line":19,"column":0},"end":{"line":19,"column":1}},"36":{"start":{"line":37,"column":0},"end":{"line":37,"column":51}},"37":{"start":{"line":38,"column":0},"end":{"line":38,"column":13}},"38":{"start":{"line":39,"column":0},"end":{"line":39,"column":23}},"39":{"start":{"line":40,"column":0},"end":{"line":40,"column":28}},"40":{"start":{"line":41,"column":0},"end":{"line":41,"column":26}},"41":{"start":{"line":42,"column":0},"end":{"line":42,"column":16}},"43":{"start":{"line":44,"column":0},"end":{"line":44,"column":35}},"45":{"start":{"line":46,"column":0},"end":{"line":46,"column":29}},"46":{"start":{"line":47,"column":0},"end":{"line":47,"column":23}},"47":{"start":{"line":48,"column":0},"end":{"line":48,"column":63}},"49":{"start":{"line":50,"column":0},"end":{"line":50,"column":57}},"51":{"start":{"line":52,"column":0},"end":{"line":52,"column":75}},"52":{"start":{"line":53,"column":0},"end":{"line":53,"column":4}},"53":{"start":{"line":54,"column":0},"end":{"line":54,"column":3}},"54":{"start":{"line":55,"column":0},"end":{"line":55,"column":60}},"56":{"start":{"line":57,"column":0},"end":{"line":57,"column":23}},"57":{"start":{"line":58,"column":0},"end":{"line":58,"column":70}},"58":{"start":{"line":59,"column":0},"end":{"line":59,"column":9}},"59":{"start":{"line":60,"column":0},"end":{"line":60,"column":32}},"60":{"start":{"line":61,"column":0},"end":{"line":61,"column":2}},"62":{"start":{"line":63,"column":0},"end":{"line":63,"column":37}},"63":{"start":{"line":64,"column":0},"end":{"line":64,"column":31}},"65":{"start":{"line":66,"column":0},"end":{"line":66,"column":41}},"66":{"start":{"line":67,"column":0},"end":{"line":67,"column":2}},"68":{"start":{"line":69,"column":0},"end":{"line":69,"column":33}},"69":{"start":{"line":70,"column":0},"end":{"line":70,"column":21}},"71":{"start":{"line":72,"column":0},"end":{"line":72,"column":46}},"72":{"start":{"line":73,"column":0},"end":{"line":73,"column":27}},"73":{"start":{"line":74,"column":0},"end":{"line":74,"column":38}},"75":{"start":{"line":76,"column":0},"end":{"line":76,"column":17}},"76":{"start":{"line":77,"column":0},"end":{"line":77,"column":18}},"77":{"start":{"line":78,"column":0},"end":{"line":78,"column":20}},"78":{"start":{"line":79,"column":0},"end":{"line":79,"column":16}},"79":{"start":{"line":80,"column":0},"end":{"line":80,"column":5}},"80":{"start":{"line":81,"column":0},"end":{"line":81,"column":2}},"82":{"start":{"line":83,"column":0},"end":{"line":83,"column":64}},"83":{"start":{"line":84,"column":0},"end":{"line":84,"column":1}}},"s":{"0":1,"14":1,"15":1,"17":1,"18":1,"36":1,"37":7,"38":7,"39":7,"40":7,"41":7,"43":7,"45":7,"46":7,"47":27,"49":27,"51":27,"52":7,"53":7,"54":7,"56":7,"57":2,"58":7,"59":5,"60":5,"62":7,"63":3,"65":3,"66":3,"68":7,"69":7,"71":7,"72":36,"73":36,"75":36,"76":36,"77":36,"78":36,"79":36,"80":36,"82":7,"83":7},"branchMap":{"0":{"type":"branch","line":15,"loc":{"start":{"line":15,"column":7},"end":{"line":19,"column":1}},"locations":[{"start":{"line":15,"column":7},"end":{"line":19,"column":1}}]},"1":{"type":"branch","line":18,"loc":{"start":{"line":18,"column":16},"end":{"line":18,"column":119}},"locations":[{"start":{"line":18,"column":16},"end":{"line":18,"column":119}}]},"2":{"type":"branch","line":37,"loc":{"start":{"line":37,"column":7},"end":{"line":84,"column":1}},"locations":[{"start":{"line":37,"column":7},"end":{"line":84,"column":1}}]},"3":{"type":"branch","line":57,"loc":{"start":{"line":57,"column":22},"end":{"line":59,"column":8}},"locations":[{"start":{"line":57,"column":22},"end":{"line":59,"column":8}}]},"4":{"type":"branch","line":59,"loc":{"start":{"line":59,"column":1},"end":{"line":61,"column":2}},"locations":[{"start":{"line":59,"column":1},"end":{"line":61,"column":2}}]},"5":{"type":"branch","line":63,"loc":{"start":{"line":63,"column":36},"end":{"line":67,"column":2}},"locations":[{"start":{"line":63,"column":36},"end":{"line":67,"column":2}}]},"6":{"type":"branch","line":72,"loc":{"start":{"line":72,"column":45},"end":{"line":81,"column":2}},"locations":[{"start":{"line":72,"column":45},"end":{"line":81,"column":2}}]},"7":{"type":"branch","line":47,"loc":{"start":{"line":47,"column":11},"end":{"line":53,"column":3}},"locations":[{"start":{"line":47,"column":11},"end":{"line":53,"column":3}}]}},"b":{"0":[1],"1":[10],"2":[7],"3":[2],"4":[5],"5":[3],"6":[36],"7":[27]},"fnMap":{"0":{"name":"genHarmonicShift","decl":{"start":{"line":15,"column":7},"end":{"line":19,"column":1}},"loc":{"start":{"line":15,"column":7},"end":{"line":19,"column":1}},"line":15},"1":{"name":"createArp","decl":{"start":{"line":37,"column":7},"end":{"line":84,"column":1}},"loc":{"start":{"line":37,"column":7},"end":{"line":84,"column":1}},"line":37}},"f":{"0":1,"1":7}}
,"/Users/phoenix/Projects/js/audio/playa/lib/composition/chord-progression.ts": {"path":"/Users/phoenix/Projects/js/audio/playa/lib/composition/chord-progression.ts","all":false,"statementMap":{"0":{"start":{"line":1,"column":0},"end":{"line":1,"column":27}},"15":{"start":{"line":16,"column":0},"end":{"line":16,"column":20}},"17":{"start":{"line":18,"column":0},"end":{"line":18,"column":37}},"85":{"start":{"line":86,"column":0},"end":{"line":86,"column":39}},"86":{"start":{"line":87,"column":0},"end":{"line":87,"column":27}},"87":{"start":{"line":88,"column":0},"end":{"line":88,"column":2}},"88":{"start":{"line":89,"column":0},"end":{"line":89,"column":44}},"89":{"start":{"line":90,"column":0},"end":{"line":90,"column":18}},"90":{"start":{"line":91,"column":0},"end":{"line":91,"column":45}},"91":{"start":{"line":92,"column":0},"end":{"line":92,"column":39}},"92":{"start":{"line":93,"column":0},"end":{"line":93,"column":17}},"93":{"start":{"line":94,"column":0},"end":{"line":94,"column":22}},"94":{"start":{"line":95,"column":0},"end":{"line":95,"column":21}},"95":{"start":{"line":96,"column":0},"end":{"line":96,"column":35}},"96":{"start":{"line":97,"column":0},"end":{"line":97,"column":20}},"97":{"start":{"line":98,"column":0},"end":{"line":98,"column":31}},"98":{"start":{"line":99,"column":0},"end":{"line":99,"column":41}},"99":{"start":{"line":100,"column":0},"end":{"line":100,"column":18}},"100":{"start":{"line":101,"column":0},"end":{"line":101,"column":20}},"101":{"start":{"line":102,"column":0},"end":{"line":102,"column":32}},"102":{"start":{"line":103,"column":0},"end":{"line":103,"column":21}},"103":{"start":{"line":104,"column":0},"end":{"line":104,"column":24}},"104":{"start":{"line":105,"column":0},"end":{"line":105,"column":19}},"105":{"start":{"line":106,"column":0},"end":{"line":106,"column":60}},"107":{"start":{"line":108,"column":0},"end":{"line":108,"column":15}},"109":{"start":{"line":110,"column":0},"end":{"line":110,"column":56}},"110":{"start":{"line":111,"column":0},"end":{"line":111,"column":9}},"111":{"start":{"line":112,"column":0},"end":{"line":112,"column":8}},"112":{"start":{"line":113,"column":0},"end":{"line":113,"column":7}},"113":{"start":{"line":114,"column":0},"end":{"line":114,"column":24}},"114":{"start":{"line":115,"column":0},"end":{"line":115,"column":22}},"115":{"start":{"line":116,"column":0},"end":{"line":116,"column":67}},"116":{"start":{"line":117,"column":0},"end":{"line":117,"column":35}},"118":{"start":{"line":119,"column":0},"end":{"line":119,"column":35}},"120":{"start":{"line":121,"column":0},"end":{"line":121,"column":27}},"121":{"start":{"line":122,"column":0},"end":{"line":122,"column":14}},"126":{"start":{"line":127,"column":0},"end":{"line":127,"column":39}},"127":{"start":{"line":128,"column":0},"end":{"line":128,"column":77}},"128":{"start":{"line":129,"column":0},"end":{"line":129,"column":46}},"129":{"start":{"line":130,"column":0},"end":{"line":130,"column":51}},"131":{"start":{"line":132,"column":0},"end":{"line":132,"column":20}},"132":{"start":{"line":133,"column":0},"end":{"line":133,"column":16}},"133":{"start":{"line":134,"column":0},"end":{"line":134,"column":12}},"134":{"start":{"line":135,"column":0},"end":{"line":135,"column":10}},"135":{"start":{"line":136,"column":0},"end":{"line":136,"column":7}},"136":{"start":{"line":137,"column":0},"end":{"line":137,"column":6}},"137":{"start":{"line":138,"column":0},"end":{"line":138,"column":11}},"138":{"start":{"line":139,"column":0},"end":{"line":139,"column":38}},"139":{"start":{"line":140,"column":0},"end":{"line":140,"column":21}},"140":{"start":{"line":141,"column":0},"end":{"line":141,"column":19}},"141":{"start":{"line":142,"column":0},"end":{"line":142,"column":25}},"142":{"start":{"line":143,"column":0},"end":{"line":143,"column":7}},"143":{"start":{"line":144,"column":0},"end":{"line":144,"column":7}},"144":{"start":{"line":145,"column":0},"end":{"line":145,"column":4}},"145":{"start":{"line":146,"column":0},"end":{"line":146,"column":3}},"150":{"start":{"line":151,"column":0},"end":{"line":151,"column":19}},"151":{"start":{"line":152,"column":0},"end":{"line":152,"column":27}},"152":{"start":{"line":153,"column":0},"end":{"line":153,"column":32}},"154":{"start":{"line":155,"column":0},"end":{"line":155,"column":46}},"155":{"start":{"line":156,"column":0},"end":{"line":156,"column":72}},"156":{"start":{"line":157,"column":0},"end":{"line":157,"column":22}},"157":{"start":{"line":158,"column":0},"end":{"line":158,"column":32}},"159":{"start":{"line":160,"column":0},"end":{"line":160,"column":36}},"160":{"start":{"line":161,"column":0},"end":{"line":161,"column":44}},"161":{"start":{"line":162,"column":0},"end":{"line":162,"column":81}},"162":{"start":{"line":163,"column":0},"end":{"line":163,"column":78}},"163":{"start":{"line":164,"column":0},"end":{"line":164,"column":4}},"165":{"start":{"line":166,"column":0},"end":{"line":166,"column":42}},"167":{"start":{"line":168,"column":0},"end":{"line":168,"column":45}},"168":{"start":{"line":169,"column":0},"end":{"line":169,"column":52}},"169":{"start":{"line":170,"column":0},"end":{"line":170,"column":4}},"171":{"start":{"line":172,"column":0},"end":{"line":172,"column":8}},"172":{"start":{"line":173,"column":0},"end":{"line":173,"column":11}},"173":{"start":{"line":174,"column":0},"end":{"line":174,"column":12}},"174":{"start":{"line":175,"column":0},"end":{"line":175,"column":37}},"176":{"start":{"line":177,"column":0},"end":{"line":177,"column":38}},"177":{"start":{"line":178,"column":0},"end":{"line":178,"column":7}},"178":{"start":{"line":179,"column":0},"end":{"line":179,"column":42}},"179":{"start":{"line":180,"column":0},"end":{"line":180,"column":6}},"180":{"start":{"line":181,"column":0},"end":{"line":181,"column":20}},"181":{"start":{"line":182,"column":0},"end":{"line":182,"column":75}},"182":{"start":{"line":183,"column":0},"end":{"line":183,"column":11}},"183":{"start":{"line":184,"column":0},"end":{"line":184,"column":11}},"184":{"start":{"line":185,"column":0},"end":{"line":185,"column":15}},"185":{"start":{"line":186,"column":0},"end":{"line":186,"column":16}},"186":{"start":{"line":187,"column":0},"end":{"line":187,"column":7}},"187":{"start":{"line":188,"column":0},"end":{"line":188,"column":4}},"188":{"start":{"line":189,"column":0},"end":{"line":189,"column":3}},"190":{"start":{"line":191,"column":0},"end":{"line":191,"column":49}},"191":{"start":{"line":192,"column":0},"end":{"line":192,"column":22}},"192":{"start":{"line":193,"column":0},"end":{"line":193,"column":72}},"194":{"start":{"line":195,"column":0},"end":{"line":195,"column":28}},"195":{"start":{"line":196,"column":0},"end":{"line":196,"column":11}},"196":{"start":{"line":197,"column":0},"end":{"line":197,"column":40}},"198":{"start":{"line":199,"column":0},"end":{"line":199,"column":56}},"200":{"start":{"line":201,"column":0},"end":{"line":201,"column":85}},"201":{"start":{"line":202,"column":0},"end":{"line":202,"column":4}},"202":{"start":{"line":203,"column":0},"end":{"line":203,"column":3}},"204":{"start":{"line":205,"column":0},"end":{"line":205,"column":59}},"205":{"start":{"line":206,"column":0},"end":{"line":206,"column":61}},"207":{"start":{"line":208,"column":0},"end":{"line":208,"column":26}},"212":{"start":{"line":213,"column":0},"end":{"line":213,"column":35}},"213":{"start":{"line":214,"column":0},"end":{"line":214,"column":22}},"214":{"start":{"line":215,"column":0},"end":{"line":215,"column":23}},"215":{"start":{"line":216,"column":0},"end":{"line":216,"column":37}},"216":{"start":{"line":217,"column":0},"end":{"line":217,"column":7}},"217":{"start":{"line":218,"column":0},"end":{"line":218,"column":4}},"219":{"start":{"line":220,"column":0},"end":{"line":220,"column":22}},"220":{"start":{"line":221,"column":0},"end":{"line":221,"column":36}},"221":{"start":{"line":222,"column":0},"end":{"line":222,"column":22}},"222":{"start":{"line":223,"column":0},"end":{"line":223,"column":26}},"223":{"start":{"line":224,"column":0},"end":{"line":224,"column":6}},"224":{"start":{"line":225,"column":0},"end":{"line":225,"column":5}},"226":{"start":{"line":227,"column":0},"end":{"line":227,"column":30}},"227":{"start":{"line":228,"column":0},"end":{"line":228,"column":57}},"228":{"start":{"line":229,"column":0},"end":{"line":229,"column":23}},"229":{"start":{"line":230,"column":0},"end":{"line":230,"column":14}},"230":{"start":{"line":231,"column":0},"end":{"line":231,"column":18}},"231":{"start":{"line":232,"column":0},"end":{"line":232,"column":15}},"232":{"start":{"line":233,"column":0},"end":{"line":233,"column":19}},"233":{"start":{"line":234,"column":0},"end":{"line":234,"column":7}},"234":{"start":{"line":235,"column":0},"end":{"line":235,"column":4}},"235":{"start":{"line":236,"column":0},"end":{"line":236,"column":16}},"236":{"start":{"line":237,"column":0},"end":{"line":237,"column":14}},"238":{"start":{"line":239,"column":0},"end":{"line":239,"column":28}},"239":{"start":{"line":240,"column":0},"end":{"line":240,"column":2}},"240":{"start":{"line":241,"column":0},"end":{"line":241,"column":14}},"242":{"start":{"line":243,"column":0},"end":{"line":243,"column":66}},"243":{"start":{"line":244,"column":0},"end":{"line":244,"column":1}},"245":{"start":{"line":246,"column":0},"end":{"line":246,"column":38}}},"s":{"0":1,"15":1,"17":1,"85":1,"86":9,"87":9,"88":9,"89":9,"90":9,"91":9,"92":9,"93":9,"94":9,"95":9,"96":9,"97":9,"98":9,"99":9,"100":9,"101":9,"102":9,"103":9,"104":9,"105":9,"107":9,"109":9,"110":40,"111":40,"112":40,"113":40,"114":40,"115":40,"116":40,"118":40,"120":40,"121":40,"126":40,"127":34,"128":40,"129":6,"131":6,"132":0,"133":0,"134":0,"135":0,"136":0,"137":6,"138":6,"139":6,"140":6,"141":6,"142":6,"143":6,"144":6,"145":6,"150":40,"151":40,"152":40,"154":40,"155":8,"156":8,"157":8,"159":8,"160":8,"161":8,"162":8,"163":8,"165":8,"167":8,"168":3,"169":3,"171":8,"172":8,"173":8,"174":28,"176":28,"177":28,"178":8,"179":8,"180":8,"181":0,"182":0,"183":0,"184":0,"185":0,"186":0,"187":0,"188":8,"190":40,"191":32,"192":8,"194":8,"195":32,"196":24,"198":24,"200":24,"201":24,"202":32,"204":40,"205":40,"207":40,"212":40,"213":283,"214":0,"215":0,"216":0,"217":0,"219":283,"220":283,"221":283,"222":283,"223":283,"224":40,"226":40,"227":283,"228":2,"229":2,"230":2,"231":2,"232":2,"233":2,"234":2,"235":281,"236":40,"238":40,"239":40,"240":40,"242":40,"243":40,"245":1},"branchMap":{"0":{"type":"branch","line":86,"loc":{"start":{"line":86,"column":7},"end":{"line":244,"column":1}},"locations":[{"start":{"line":86,"column":7},"end":{"line":244,"column":1}}]},"1":{"type":"branch","line":110,"loc":{"start":{"line":110,"column":55},"end":{"line":244,"column":1}},"locations":[{"start":{"line":110,"column":55},"end":{"line":244,"column":1}}]},"2":{"type":"branch","line":127,"loc":{"start":{"line":127,"column":38},"end":{"line":129,"column":13}},"locations":[{"start":{"line":127,"column":38},"end":{"line":129,"column":13}}]},"3":{"type":"branch","line":129,"loc":{"start":{"line":129,"column":2},"end":{"line":146,"column":3}},"locations":[{"start":{"line":129,"column":2},"end":{"line":146,"column":3}}]},"4":{"type":"branch","line":132,"loc":{"start":{"line":132,"column":19},"end":{"line":138,"column":10}},"locations":[{"start":{"line":132,"column":19},"end":{"line":138,"column":10}}]},"5":{"type":"branch","line":155,"loc":{"start":{"line":155,"column":45},"end":{"line":189,"column":3}},"locations":[{"start":{"line":155,"column":45},"end":{"line":189,"column":3}}]},"6":{"type":"branch","line":162,"loc":{"start":{"line":162,"column":37},"end":{"line":162,"column":55}},"locations":[{"start":{"line":162,"column":37},"end":{"line":162,"column":55}}]},"7":{"type":"branch","line":168,"loc":{"start":{"line":168,"column":44},"end":{"line":170,"column":4}},"locations":[{"start":{"line":168,"column":44},"end":{"line":170,"column":4}}]},"8":{"type":"branch","line":181,"loc":{"start":{"line":181,"column":3},"end":{"line":188,"column":4}},"locations":[{"start":{"line":181,"column":3},"end":{"line":188,"column":4}}]},"9":{"type":"branch","line":191,"loc":{"start":{"line":191,"column":48},"end":{"line":203,"column":3}},"locations":[{"start":{"line":191,"column":48},"end":{"line":203,"column":3}}]},"10":{"type":"branch","line":192,"loc":{"start":{"line":192,"column":21},"end":{"line":196,"column":10}},"locations":[{"start":{"line":192,"column":21},"end":{"line":196,"column":10}}]},"11":{"type":"branch","line":196,"loc":{"start":{"line":196,"column":3},"end":{"line":202,"column":4}},"locations":[{"start":{"line":196,"column":3},"end":{"line":202,"column":4}}]},"12":{"type":"branch","line":174,"loc":{"start":{"line":174,"column":5},"end":{"line":178,"column":7}},"locations":[{"start":{"line":174,"column":5},"end":{"line":178,"column":7}}]},"13":{"type":"branch","line":179,"loc":{"start":{"line":179,"column":5},"end":{"line":179,"column":42}},"locations":[{"start":{"line":179,"column":5},"end":{"line":179,"column":42}}]},"14":{"type":"branch","line":213,"loc":{"start":{"line":213,"column":23},"end":{"line":225,"column":3}},"locations":[{"start":{"line":213,"column":23},"end":{"line":225,"column":3}}]},"15":{"type":"branch","line":214,"loc":{"start":{"line":214,"column":21},"end":{"line":218,"column":4}},"locations":[{"start":{"line":214,"column":21},"end":{"line":218,"column":4}}]},"16":{"type":"branch","line":227,"loc":{"start":{"line":227,"column":18},"end":{"line":237,"column":5}},"locations":[{"start":{"line":227,"column":18},"end":{"line":237,"column":5}}]},"17":{"type":"branch","line":228,"loc":{"start":{"line":228,"column":56},"end":{"line":235,"column":4}},"locations":[{"start":{"line":228,"column":56},"end":{"line":235,"column":4}}]},"18":{"type":"branch","line":235,"loc":{"start":{"line":235,"column":3},"end":{"line":236,"column":16}},"locations":[{"start":{"line":235,"column":3},"end":{"line":236,"column":16}}]}},"b":{"0":[9],"1":[40],"2":[34],"3":[6],"4":[0],"5":[8],"6":[0],"7":[3],"8":[0],"9":[32],"10":[8],"11":[24],"12":[28],"13":[36],"14":[283],"15":[0],"16":[283],"17":[2],"18":[281]},"fnMap":{"0":{"name":"createChordProgression","decl":{"start":{"line":86,"column":7},"end":{"line":244,"column":1}},"loc":{"start":{"line":86,"column":7},"end":{"line":244,"column":1}},"line":86},"1":{"name":"__vite_ssr_import_6__.PlayaError.error.error","decl":{"start":{"line":174,"column":5},"end":{"line":178,"column":7}},"loc":{"start":{"line":174,"column":5},"end":{"line":178,"column":7}},"line":174}},"f":{"0":9,"1":28}}
,"/Users/phoenix/Projects/js/audio/playa/lib/composition/index.ts": {"path":"/Users/phoenix/Projects/js/audio/playa/lib/composition/index.ts","all":false,"statementMap":{"0":{"start":{"line":1,"column":0},"end":{"line":1,"column":38}}},"s":{"0":1},"branchMap":{},"b":{},"fnMap":{},"f":{}}
,"/Users/phoenix/Projects/js/audio/playa/lib/composition/melodies.ts": {"path":"/Users/phoenix/Projects/js/audio/playa/lib/composition/melodies.ts","all":false,"statementMap":{"0":{"start":{"line":1,"column":0},"end":{"line":1,"column":27}},"14":{"start":{"line":15,"column":0},"end":{"line":15,"column":20}},"48":{"start":{"line":49,"column":0},"end":{"line":49,"column":31}},"49":{"start":{"line":50,"column":0},"end":{"line":50,"column":27}},"50":{"start":{"line":51,"column":0},"end":{"line":51,"column":2}},"51":{"start":{"line":52,"column":0},"end":{"line":52,"column":38}},"52":{"start":{"line":53,"column":0},"end":{"line":53,"column":18}},"53":{"start":{"line":54,"column":0},"end":{"line":54,"column":39}},"54":{"start":{"line":55,"column":0},"end":{"line":55,"column":17}},"55":{"start":{"line":56,"column":0},"end":{"line":56,"column":21}},"56":{"start":{"line":57,"column":0},"end":{"line":57,"column":13}},"57":{"start":{"line":58,"column":0},"end":{"line":58,"column":10}},"58":{"start":{"line":59,"column":0},"end":{"line":59,"column":10}},"59":{"start":{"line":60,"column":0},"end":{"line":60,"column":4}},"60":{"start":{"line":61,"column":0},"end":{"line":61,"column":31}},"61":{"start":{"line":62,"column":0},"end":{"line":62,"column":25}},"62":{"start":{"line":63,"column":0},"end":{"line":63,"column":22}},"63":{"start":{"line":64,"column":0},"end":{"line":64,"column":16}},"64":{"start":{"line":65,"column":0},"end":{"line":65,"column":21}},"65":{"start":{"line":66,"column":0},"end":{"line":66,"column":53}},"67":{"start":{"line":68,"column":0},"end":{"line":68,"column":56}},"68":{"start":{"line":69,"column":0},"end":{"line":69,"column":45}},"70":{"start":{"line":71,"column":0},"end":{"line":71,"column":62}},"72":{"start":{"line":73,"column":0},"end":{"line":73,"column":25}},"73":{"start":{"line":74,"column":0},"end":{"line":74,"column":27}},"75":{"start":{"line":76,"column":0},"end":{"line":76,"column":16}},"80":{"start":{"line":81,"column":0},"end":{"line":81,"column":62}},"81":{"start":{"line":82,"column":0},"end":{"line":82,"column":26}},"82":{"start":{"line":83,"column":0},"end":{"line":83,"column":110}},"84":{"start":{"line":85,"column":0},"end":{"line":85,"column":35}},"87":{"start":{"line":88,"column":0},"end":{"line":88,"column":20}},"88":{"start":{"line":89,"column":0},"end":{"line":89,"column":30}},"90":{"start":{"line":91,"column":0},"end":{"line":91,"column":46}},"92":{"start":{"line":93,"column":0},"end":{"line":93,"column":43}},"93":{"start":{"line":94,"column":0},"end":{"line":94,"column":39}},"94":{"start":{"line":95,"column":0},"end":{"line":95,"column":44}},"95":{"start":{"line":96,"column":0},"end":{"line":96,"column":44}},"96":{"start":{"line":97,"column":0},"end":{"line":97,"column":9}},"97":{"start":{"line":98,"column":0},"end":{"line":98,"column":8}},"99":{"start":{"line":100,"column":0},"end":{"line":100,"column":28}},"101":{"start":{"line":102,"column":0},"end":{"line":102,"column":14}},"102":{"start":{"line":103,"column":0},"end":{"line":103,"column":5}},"103":{"start":{"line":104,"column":0},"end":{"line":104,"column":4}},"104":{"start":{"line":105,"column":0},"end":{"line":105,"column":3}},"109":{"start":{"line":110,"column":0},"end":{"line":110,"column":32}},"111":{"start":{"line":112,"column":0},"end":{"line":112,"column":39}},"112":{"start":{"line":113,"column":0},"end":{"line":113,"column":77}},"113":{"start":{"line":114,"column":0},"end":{"line":114,"column":46}},"114":{"start":{"line":115,"column":0},"end":{"line":115,"column":80}},"115":{"start":{"line":116,"column":0},"end":{"line":116,"column":73}},"116":{"start":{"line":117,"column":0},"end":{"line":117,"column":64}},"117":{"start":{"line":118,"column":0},"end":{"line":118,"column":65}},"119":{"start":{"line":120,"column":0},"end":{"line":120,"column":37}},"120":{"start":{"line":121,"column":0},"end":{"line":121,"column":17}},"121":{"start":{"line":122,"column":0},"end":{"line":122,"column":18}},"122":{"start":{"line":123,"column":0},"end":{"line":123,"column":24}},"123":{"start":{"line":124,"column":0},"end":{"line":124,"column":6}},"124":{"start":{"line":125,"column":0},"end":{"line":125,"column":6}},"125":{"start":{"line":126,"column":0},"end":{"line":126,"column":3}},"127":{"start":{"line":128,"column":0},"end":{"line":128,"column":49}},"129":{"start":{"line":130,"column":0},"end":{"line":130,"column":28}},"130":{"start":{"line":131,"column":0},"end":{"line":131,"column":40}},"131":{"start":{"line":132,"column":0},"end":{"line":132,"column":22}},"132":{"start":{"line":133,"column":0},"end":{"line":133,"column":14}},"133":{"start":{"line":134,"column":0},"end":{"line":134,"column":14}},"134":{"start":{"line":135,"column":0},"end":{"line":135,"column":14}},"135":{"start":{"line":136,"column":0},"end":{"line":136,"column":18}},"136":{"start":{"line":137,"column":0},"end":{"line":137,"column":7}},"137":{"start":{"line":138,"column":0},"end":{"line":138,"column":4}},"138":{"start":{"line":139,"column":0},"end":{"line":139,"column":16}},"139":{"start":{"line":140,"column":0},"end":{"line":140,"column":12}},"141":{"start":{"line":142,"column":0},"end":{"line":142,"column":26}},"142":{"start":{"line":143,"column":0},"end":{"line":143,"column":25}},"143":{"start":{"line":144,"column":0},"end":{"line":144,"column":3}},"145":{"start":{"line":146,"column":0},"end":{"line":146,"column":25}},"146":{"start":{"line":147,"column":0},"end":{"line":147,"column":17}},"147":{"start":{"line":148,"column":0},"end":{"line":148,"column":7}},"148":{"start":{"line":149,"column":0},"end":{"line":149,"column":5}},"150":{"start":{"line":151,"column":0},"end":{"line":151,"column":23}},"151":{"start":{"line":152,"column":0},"end":{"line":152,"column":2}},"153":{"start":{"line":154,"column":0},"end":{"line":154,"column":14}},"155":{"start":{"line":156,"column":0},"end":{"line":156,"column":28}},"156":{"start":{"line":157,"column":0},"end":{"line":157,"column":1}}},"s":{"0":1,"14":1,"48":1,"49":9,"50":9,"51":9,"52":9,"53":9,"54":9,"55":9,"56":9,"57":9,"58":9,"59":9,"60":9,"61":9,"62":9,"63":9,"64":9,"65":9,"67":9,"68":42,"70":42,"72":42,"73":42,"75":42,"80":42,"81":30,"82":28,"84":28,"87":28,"88":19,"90":19,"92":19,"93":78,"94":78,"95":78,"96":78,"97":19,"99":19,"101":19,"102":19,"103":28,"104":30,"109":23,"111":38,"112":21,"113":42,"114":2,"115":2,"116":2,"117":2,"119":2,"120":2,"121":2,"122":2,"123":2,"124":2,"125":2,"127":23,"129":23,"130":418,"131":0,"132":0,"133":0,"134":0,"135":0,"136":0,"137":0,"138":418,"139":23,"141":42,"142":11,"143":11,"145":23,"146":23,"147":23,"148":23,"150":23,"151":23,"153":42,"155":42,"156":42},"branchMap":{"0":{"type":"branch","line":49,"loc":{"start":{"line":49,"column":7},"end":{"line":157,"column":1}},"locations":[{"start":{"line":49,"column":7},"end":{"line":157,"column":1}}]},"1":{"type":"branch","line":68,"loc":{"start":{"line":68,"column":55},"end":{"line":157,"column":1}},"locations":[{"start":{"line":68,"column":55},"end":{"line":157,"column":1}}]},"2":{"type":"branch","line":81,"loc":{"start":{"line":81,"column":15},"end":{"line":81,"column":61}},"locations":[{"start":{"line":81,"column":15},"end":{"line":81,"column":61}}]},"3":{"type":"branch","line":81,"loc":{"start":{"line":81,"column":61},"end":{"line":105,"column":3}},"locations":[{"start":{"line":81,"column":61},"end":{"line":105,"column":3}}]},"4":{"type":"branch","line":82,"loc":{"start":{"line":82,"column":25},"end":{"line":104,"column":4}},"locations":[{"start":{"line":82,"column":25},"end":{"line":104,"column":4}}]},"5":{"type":"branch","line":88,"loc":{"start":{"line":88,"column":19},"end":{"line":103,"column":5}},"locations":[{"start":{"line":88,"column":19},"end":{"line":103,"column":5}}]},"6":{"type":"branch","line":105,"loc":{"start":{"line":105,"column":2},"end":{"line":114,"column":13}},"locations":[{"start":{"line":105,"column":2},"end":{"line":114,"column":13}}]},"7":{"type":"branch","line":105,"loc":{"start":{"line":105,"column":2},"end":{"line":112,"column":38}},"locations":[{"start":{"line":105,"column":2},"end":{"line":112,"column":38}}]},"8":{"type":"branch","line":112,"loc":{"start":{"line":112,"column":38},"end":{"line":114,"column":13}},"locations":[{"start":{"line":112,"column":38},"end":{"line":114,"column":13}}]},"9":{"type":"branch","line":114,"loc":{"start":{"line":114,"column":2},"end":{"line":126,"column":3}},"locations":[{"start":{"line":114,"column":2},"end":{"line":126,"column":3}}]},"10":{"type":"branch","line":126,"loc":{"start":{"line":126,"column":2},"end":{"line":142,"column":25}},"locations":[{"start":{"line":126,"column":2},"end":{"line":142,"column":25}}]},"11":{"type":"branch","line":142,"loc":{"start":{"line":142,"column":25},"end":{"line":144,"column":3}},"locations":[{"start":{"line":142,"column":25},"end":{"line":144,"column":3}}]},"12":{"type":"branch","line":144,"loc":{"start":{"line":144,"column":2},"end":{"line":152,"column":2}},"locations":[{"start":{"line":144,"column":2},"end":{"line":152,"column":2}}]},"13":{"type":"branch","line":83,"loc":{"start":{"line":83,"column":41},"end":{"line":83,"column":108}},"locations":[{"start":{"line":83,"column":41},"end":{"line":83,"column":108}}]},"14":{"type":"branch","line":93,"loc":{"start":{"line":93,"column":31},"end":{"line":98,"column":6}},"locations":[{"start":{"line":93,"column":31},"end":{"line":98,"column":6}}]},"15":{"type":"branch","line":130,"loc":{"start":{"line":130,"column":16},"end":{"line":140,"column":5}},"locations":[{"start":{"line":130,"column":16},"end":{"line":140,"column":5}}]},"16":{"type":"branch","line":131,"loc":{"start":{"line":131,"column":39},"end":{"line":138,"column":4}},"locations":[{"start":{"line":131,"column":39},"end":{"line":138,"column":4}}]}},"b":{"0":[9],"1":[42],"2":[33],"3":[30],"4":[28],"5":[19],"6":[38],"7":[23],"8":[21],"9":[2],"10":[23],"11":[11],"12":[23],"13":[46],"14":[78],"15":[418],"16":[0]},"fnMap":{"0":{"name":"createMelodies","decl":{"start":{"line":49,"column":7},"end":{"line":157,"column":1}},"loc":{"start":{"line":49,"column":7},"end":{"line":157,"column":1}},"line":49}},"f":{"0":9}}
,"/Users/phoenix/Projects/js/audio/playa/lib/composition/motif.ts": {"path":"/Users/phoenix/Projects/js/audio/playa/lib/composition/motif.ts","all":false,"statementMap":{"0":{"start":{"line":1,"column":0},"end":{"line":1,"column":34}},"21":{"start":{"line":22,"column":0},"end":{"line":22,"column":112}},"22":{"start":{"line":23,"column":0},"end":{"line":23,"column":24}},"23":{"start":{"line":24,"column":0},"end":{"line":24,"column":34}},"24":{"start":{"line":25,"column":0},"end":{"line":25,"column":2}},"26":{"start":{"line":27,"column":0},"end":{"line":27,"column":35}},"27":{"start":{"line":28,"column":0},"end":{"line":28,"column":47}},"28":{"start":{"line":29,"column":0},"end":{"line":29,"column":29}},"30":{"start":{"line":31,"column":0},"end":{"line":31,"column":21}},"31":{"start":{"line":32,"column":0},"end":{"line":32,"column":51}},"32":{"start":{"line":33,"column":0},"end":{"line":33,"column":3}},"34":{"start":{"line":35,"column":0},"end":{"line":35,"column":20}},"35":{"start":{"line":36,"column":0},"end":{"line":36,"column":36}},"36":{"start":{"line":37,"column":0},"end":{"line":37,"column":20}},"37":{"start":{"line":38,"column":0},"end":{"line":38,"column":16}},"38":{"start":{"line":39,"column":0},"end":{"line":39,"column":5}},"39":{"start":{"line":40,"column":0},"end":{"line":40,"column":4}},"41":{"start":{"line":42,"column":0},"end":{"line":42,"column":16}},"42":{"start":{"line":43,"column":0},"end":{"line":43,"column":1}}},"s":{"0":1,"21":1,"22":33,"23":1,"24":1,"26":33,"27":33,"28":483,"30":483,"31":3,"32":3,"34":480,"35":480,"36":480,"37":480,"38":480,"39":33,"41":33,"42":33},"branchMap":{"0":{"type":"branch","line":22,"loc":{"start":{"line":22,"column":7},"end":{"line":43,"column":1}},"locations":[{"start":{"line":22,"column":7},"end":{"line":43,"column":1}}]},"1":{"type":"branch","line":23,"loc":{"start":{"line":23,"column":23},"end":{"line":25,"column":2}},"locations":[{"start":{"line":23,"column":23},"end":{"line":25,"column":2}}]},"2":{"type":"branch","line":28,"loc":{"start":{"line":28,"column":28},"end":{"line":40,"column":2}},"locations":[{"start":{"line":28,"column":28},"end":{"line":40,"column":2}}]},"3":{"type":"branch","line":31,"loc":{"start":{"line":31,"column":20},"end":{"line":33,"column":3}},"locations":[{"start":{"line":31,"column":20},"end":{"line":33,"column":3}}]},"4":{"type":"branch","line":33,"loc":{"start":{"line":33,"column":2},"end":{"line":39,"column":5}},"locations":[{"start":{"line":33,"column":2},"end":{"line":39,"column":5}}]}},"b":{"0":[33],"1":[1],"2":[483],"3":[3],"4":[480]},"fnMap":{"0":{"name":"createMotif","decl":{"start":{"line":22,"column":7},"end":{"line":43,"column":1}},"loc":{"start":{"line":22,"column":7},"end":{"line":43,"column":1}},"line":22}},"f":{"0":33}}
[...]
,"/Users/phoenix/Projects/js/audio/playa/lib/utils/note.ts": {"path":"/Users/phoenix/Projects/js/audio/playa/lib/utils/note.ts","all":false,"statementMap":{"3":{"start":{"line":4,"column":0},"end":{"line":4,"column":37}},"4":{"start":{"line":5,"column":0},"end":{"line":5,"column":40}},"17":{"start":{"line":18,"column":0},"end":{"line":18,"column":68}},"18":{"start":{"line":19,"column":0},"end":{"line":19,"column":41}},"20":{"start":{"line":21,"column":0},"end":{"line":21,"column":35}},"21":{"start":{"line":22,"column":0},"end":{"line":22,"column":2}},"34":{"start":{"line":35,"column":0},"end":{"line":35,"column":113}},"36":{"start":{"line":37,"column":0},"end":{"line":37,"column":113}},"43":{"start":{"line":44,"column":0},"end":{"line":44,"column":63}},"44":{"start":{"line":45,"column":0},"end":{"line":45,"column":48}},"46":{"start":{"line":47,"column":0},"end":{"line":47,"column":15}},"47":{"start":{"line":48,"column":0},"end":{"line":48,"column":14}},"48":{"start":{"line":49,"column":0},"end":{"line":49,"column":2}},"50":{"start":{"line":51,"column":0},"end":{"line":51,"column":9}},"51":{"start":{"line":52,"column":0},"end":{"line":52,"column":30}},"52":{"start":{"line":53,"column":0},"end":{"line":53,"column":34}},"53":{"start":{"line":54,"column":0},"end":{"line":54,"column":3}},"54":{"start":{"line":55,"column":0},"end":{"line":55,"column":2}},"58":{"start":{"line":59,"column":0},"end":{"line":59,"column":29}},"66":{"start":{"line":67,"column":0},"end":{"line":67,"column":53}},"67":{"start":{"line":68,"column":0},"end":{"line":68,"column":59}},"68":{"start":{"line":69,"column":0},"end":{"line":69,"column":2}},"76":{"start":{"line":77,"column":0},"end":{"line":77,"column":62}},"77":{"start":{"line":78,"column":0},"end":{"line":78,"column":46}},"78":{"start":{"line":79,"column":0},"end":{"line":79,"column":2}},"80":{"start":{"line":81,"column":0},"end":{"line":81,"column":19}},"88":{"start":{"line":89,"column":0},"end":{"line":89,"column":56}},"89":{"start":{"line":90,"column":0},"end":{"line":90,"column":47}},"90":{"start":{"line":91,"column":0},"end":{"line":91,"column":2}}},"s":{"3":1,"4":1,"17":1,"18":280233,"20":280233,"21":280233,"34":1,"36":1,"43":1,"44":1358,"46":1358,"47":0,"48":0,"50":1358,"51":1358,"52":1358,"53":1358,"54":1358,"58":1,"66":1,"67":144893,"68":144893,"76":1,"77":14405,"78":14405,"80":1,"88":1,"89":189581,"90":189581},"branchMap":{"0":{"type":"branch","line":18,"loc":{"start":{"line":18,"column":29},"end":{"line":22,"column":2}},"locations":[{"start":{"line":18,"column":29},"end":{"line":22,"column":2}}]},"1":{"type":"branch","line":21,"loc":{"start":{"line":21,"column":8},"end":{"line":21,"column":25}},"locations":[{"start":{"line":21,"column":8},"end":{"line":21,"column":25}}]},"2":{"type":"branch","line":21,"loc":{"start":{"line":21,"column":21},"end":{"line":21,"column":35}},"locations":[{"start":{"line":21,"column":21},"end":{"line":21,"column":35}}]},"3":{"type":"branch","line":35,"loc":{"start":{"line":35,"column":27},"end":{"line":35,"column":113}},"locations":[{"start":{"line":35,"column":27},"end":{"line":35,"column":113}}]},"4":{"type":"branch","line":37,"loc":{"start":{"line":37,"column":23},"end":{"line":37,"column":113}},"locations":[{"start":{"line":37,"column":23},"end":{"line":37,"column":113}}]},"5":{"type":"branch","line":44,"loc":{"start":{"line":44,"column":25},"end":{"line":55,"column":2}},"locations":[{"start":{"line":44,"column":25},"end":{"line":55,"column":2}}]},"6":{"type":"branch","line":47,"loc":{"start":{"line":47,"column":14},"end":{"line":49,"column":2}},"locations":[{"start":{"line":47,"column":14},"end":{"line":49,"column":2}}]},"7":{"type":"branch","line":67,"loc":{"start":{"line":67,"column":26},"end":{"line":69,"column":2}},"locations":[{"start":{"line":67,"column":26},"end":{"line":69,"column":2}}]},"8":{"type":"branch","line":77,"loc":{"start":{"line":77,"column":33},"end":{"line":79,"column":2}},"locations":[{"start":{"line":77,"column":33},"end":{"line":79,"column":2}}]},"9":{"type":"branch","line":89,"loc":{"start":{"line":89,"column":29},"end":{"line":91,"column":2}},"locations":[{"start":{"line":89,"column":29},"end":{"line":91,"column":2}}]}},"b":{"0":[280233],"1":[65100],"2":[215133],"3":[12513],"4":[78741],"5":[1358],"6":[0],"7":[144893],"8":[14405],"9":[189581]},"fnMap":{"0":{"name":"whichAccident","decl":{"start":{"line":18,"column":29},"end":{"line":22,"column":2}},"loc":{"start":{"line":18,"column":29},"end":{"line":22,"column":2}},"line":18},"1":{"name":"stripOctave","decl":{"start":{"line":35,"column":27},"end":{"line":35,"column":113}},"loc":{"start":{"line":35,"column":27},"end":{"line":35,"column":113}},"line":35},"2":{"name":"isPitch","decl":{"start":{"line":37,"column":23},"end":{"line":37,"column":113}},"loc":{"start":{"line":37,"column":23},"end":{"line":37,"column":113}},"line":37},"3":{"name":"parseNote","decl":{"start":{"line":44,"column":25},"end":{"line":55,"column":2}},"loc":{"start":{"line":44,"column":25},"end":{"line":55,"column":2}},"line":44},"4":{"name":"findOctave","decl":{"start":{"line":67,"column":26},"end":{"line":69,"column":2}},"loc":{"start":{"line":67,"column":26},"end":{"line":69,"column":2}},"line":67},"5":{"name":"findCMidiByOctave","decl":{"start":{"line":77,"column":33},"end":{"line":79,"column":2}},"loc":{"start":{"line":77,"column":33},"end":{"line":79,"column":2}},"line":77},"6":{"name":"findFrequency","decl":{"start":{"line":89,"column":29},"end":{"line":91,"column":2}},"loc":{"start":{"line":89,"column":29},"end":{"line":91,"column":2}},"line":89}},"f":{"0":280233,"1":12513,"2":78741,"3":1358,"4":144893,"5":14405,"6":189581}}
,"/Users/phoenix/Projects/js/audio/playa/lib/utils/octaves.ts": {"path":"/Users/phoenix/Projects/js/audio/playa/lib/utils/octaves.ts","all":false,"statementMap":{"0":{"start":{"line":1,"column":0},"end":{"line":1,"column":36}},"2":{"start":{"line":3,"column":0},"end":{"line":3,"column":43}},"3":{"start":{"line":4,"column":0},"end":{"line":4,"column":46}},"20":{"start":{"line":21,"column":0},"end":{"line":21,"column":79}},"21":{"start":{"line":22,"column":0},"end":{"line":22,"column":44}},"23":{"start":{"line":24,"column":0},"end":{"line":24,"column":23}},"24":{"start":{"line":25,"column":0},"end":{"line":25,"column":24}},"26":{"start":{"line":27,"column":0},"end":{"line":27,"column":43}},"28":{"start":{"line":29,"column":0},"end":{"line":29,"column":39}},"29":{"start":{"line":30,"column":0},"end":{"line":30,"column":27}},"30":{"start":{"line":31,"column":0},"end":{"line":31,"column":61}},"31":{"start":{"line":32,"column":0},"end":{"line":32,"column":36}},"33":{"start":{"line":34,"column":0},"end":{"line":34,"column":30}},"34":{"start":{"line":35,"column":0},"end":{"line":35,"column":60}},"36":{"start":{"line":37,"column":0},"end":{"line":37,"column":27}},"37":{"start":{"line":38,"column":0},"end":{"line":38,"column":15}},"38":{"start":{"line":39,"column":0},"end":{"line":39,"column":4}},"40":{"start":{"line":41,"column":0},"end":{"line":41,"column":32}},"42":{"start":{"line":43,"column":0},"end":{"line":43,"column":32}},"44":{"start":{"line":45,"column":0},"end":{"line":45,"column":76}},"45":{"start":{"line":46,"column":0},"end":{"line":46,"column":37}},"46":{"start":{"line":47,"column":0},"end":{"line":47,"column":4}},"48":{"start":{"line":49,"column":0},"end":{"line":49,"column":21}},"50":{"start":{"line":51,"column":0},"end":{"line":51,"column":18}},"51":{"start":{"line":52,"column":0},"end":{"line":52,"column":5}},"52":{"start":{"line":53,"column":0},"end":{"line":53,"column":2}},"53":{"start":{"line":54,"column":0},"end":{"line":54,"column":12}},"54":{"start":{"line":55,"column":0},"end":{"line":55,"column":2}},"56":{"start":{"line":57,"column":0},"end":{"line":57,"column":29}}},"s":{"0":1,"2":1,"3":1,"20":1,"21":1101,"23":1101,"24":1101,"26":1101,"28":1101,"29":1153,"30":1153,"31":1153,"33":1153,"34":10024,"36":10024,"37":8388,"38":8388,"40":10024,"42":9792,"44":10024,"45":1001,"46":1001,"48":9792,"50":9792,"51":1153,"52":1153,"53":1153,"54":1153,"56":1},"branchMap":{"0":{"type":"branch","line":21,"loc":{"start":{"line":21,"column":22},"end":{"line":55,"column":2}},"locations":[{"start":{"line":21,"column":22},"end":{"line":55,"column":2}}]},"1":{"type":"branch","line":29,"loc":{"start":{"line":29,"column":38},"end":{"line":55,"column":2}},"locations":[{"start":{"line":29,"column":38},"end":{"line":55,"column":2}}]},"2":{"type":"branch","line":31,"loc":{"start":{"line":31,"column":24},"end":{"line":31,"column":38}},"locations":[{"start":{"line":31,"column":24},"end":{"line":31,"column":38}}]},"3":{"type":"branch","line":31,"loc":{"start":{"line":31,"column":28},"end":{"line":31,"column":61}},"locations":[{"start":{"line":31,"column":28},"end":{"line":31,"column":61}}]},"4":{"type":"branch","line":34,"loc":{"start":{"line":34,"column":16},"end":{"line":52,"column":3}},"locations":[{"start":{"line":34,"column":16},"end":{"line":52,"column":3}}]},"5":{"type":"branch","line":35,"loc":{"start":{"line":35,"column":20},"end":{"line":35,"column":31}},"locations":[{"start":{"line":35,"column":20},"end":{"line":35,"column":31}}]},"6":{"type":"branch","line":35,"loc":{"start":{"line":35,"column":24},"end":{"line":35,"column":60}},"locations":[{"start":{"line":35,"column":24},"end":{"line":35,"column":60}}]},"7":{"type":"branch","line":37,"loc":{"start":{"line":37,"column":26},"end":{"line":39,"column":4}},"locations":[{"start":{"line":37,"column":26},"end":{"line":39,"column":4}}]},"8":{"type":"branch","line":41,"loc":{"start":{"line":41,"column":19},"end":{"line":41,"column":32}},"locations":[{"start":{"line":41,"column":19},"end":{"line":41,"column":32}}]},"9":{"type":"branch","line":41,"loc":{"start":{"line":41,"column":26},"end":{"line":45,"column":41}},"locations":[{"start":{"line":41,"column":26},"end":{"line":45,"column":41}}]},"10":{"type":"branch","line":45,"loc":{"start":{"line":45,"column":31},"end":{"line":45,"column":75}},"locations":[{"start":{"line":45,"column":31},"end":{"line":45,"column":75}}]},"11":{"type":"branch","line":45,"loc":{"start":{"line":45,"column":75},"end":{"line":47,"column":4}},"locations":[{"start":{"line":45,"column":75},"end":{"line":47,"column":4}}]},"12":{"type":"branch","line":47,"loc":{"start":{"line":47,"column":3},"end":{"line":51,"column":18}},"locations":[{"start":{"line":47,"column":3},"end":{"line":51,"column":18}}]}},"b":{"0":[1101],"1":[1153],"2":[1101],"3":[52],"4":[10024],"5":[1153],"6":[8871],"7":[8388],"8":[232],"9":[9792],"10":[8791],"11":[1001],"12":[9792]},"fnMap":{"0":{"name":"assignOctaves","decl":{"start":{"line":21,"column":22},"end":{"line":55,"column":2}},"loc":{"start":{"line":21,"column":22},"end":{"line":55,"column":2}},"line":21}},"f":{"0":1101}}
,"/Users/phoenix/Projects/js/audio/playa/lib/utils/time.ts": {"path":"/Users/phoenix/Projects/js/audio/playa/lib/utils/time.ts","all":false,"statementMap":{"0":{"start":{"line":1,"column":0},"end":{"line":1,"column":27}},"5":{"start":{"line":6,"column":0},"end":{"line":6,"column":114}},"13":{"start":{"line":14,"column":0},"end":{"line":14,"column":57}},"14":{"start":{"line":15,"column":0},"end":{"line":15,"column":52}},"16":{"start":{"line":17,"column":0},"end":{"line":17,"column":17}},"17":{"start":{"line":18,"column":0},"end":{"line":18,"column":50}},"19":{"start":{"line":20,"column":0},"end":{"line":20,"column":46}},"20":{"start":{"line":21,"column":0},"end":{"line":21,"column":2}},"22":{"start":{"line":23,"column":0},"end":{"line":23,"column":10}},"23":{"start":{"line":24,"column":0},"end":{"line":24,"column":2}}},"s":{"0":1,"5":1,"13":1,"14":0,"16":0,"17":0,"19":0,"20":0,"22":0,"23":0},"branchMap":{"0":{"type":"branch","line":6,"loc":{"start":{"line":6,"column":23},"end":{"line":6,"column":114}},"locations":[{"start":{"line":6,"column":23},"end":{"line":6,"column":114}}]},"1":{"type":"branch","line":6,"loc":{"start":{"line":6,"column":70},"end":{"line":6,"column":88}},"locations":[{"start":{"line":6,"column":70},"end":{"line":6,"column":88}}]},"2":{"type":"branch","line":6,"loc":{"start":{"line":6,"column":81},"end":{"line":6,"column":114}},"locations":[{"start":{"line":6,"column":81},"end":{"line":6,"column":114}}]}},"b":{"0":[14258],"1":[1969],"2":[12289]},"fnMap":{"0":{"name":"toTicks","decl":{"start":{"line":6,"column":23},"end":{"line":6,"column":114}},"loc":{"start":{"line":6,"column":23},"end":{"line":6,"column":114}},"line":6},"1":{"name":"calcDuration","decl":{"start":{"line":14,"column":28},"end":{"line":24,"column":2}},"loc":{"start":{"line":14,"column":28},"end":{"line":24,"column":2}},"line":14}},"f":{"0":14258,"1":0}}
,"/Users/phoenix/Projects/js/audio/playa/lib/utils/types-guards.ts": {"path":"/Users/phoenix/Projects/js/audio/playa/lib/utils/types-guards.ts","all":false,"statementMap":{"2":{"start":{"line":3,"column":0},"end":{"line":3,"column":70}},"3":{"start":{"line":4,"column":0},"end":{"line":4,"column":31}},"4":{"start":{"line":5,"column":0},"end":{"line":5,"column":1}},"6":{"start":{"line":7,"column":0},"end":{"line":7,"column":65}},"7":{"start":{"line":8,"column":0},"end":{"line":8,"column":26}},"8":{"start":{"line":9,"column":0},"end":{"line":9,"column":1}},"10":{"start":{"line":11,"column":0},"end":{"line":11,"column":65}},"11":{"start":{"line":12,"column":0},"end":{"line":12,"column":26}},"12":{"start":{"line":13,"column":0},"end":{"line":13,"column":1}},"14":{"start":{"line":15,"column":0},"end":{"line":15,"column":80}},"15":{"start":{"line":16,"column":0},"end":{"line":16,"column":31}},"16":{"start":{"line":17,"column":0},"end":{"line":17,"column":1}},"18":{"start":{"line":19,"column":0},"end":{"line":19,"column":65}},"19":{"start":{"line":20,"column":0},"end":{"line":20,"column":37}},"20":{"start":{"line":21,"column":0},"end":{"line":21,"column":1}},"22":{"start":{"line":23,"column":0},"end":{"line":23,"column":65}},"23":{"start":{"line":24,"column":0},"end":{"line":24,"column":37}},"24":{"start":{"line":25,"column":0},"end":{"line":25,"column":1}},"26":{"start":{"line":27,"column":0},"end":{"line":27,"column":69}},"27":{"start":{"line":28,"column":0},"end":{"line":28,"column":32}},"28":{"start":{"line":29,"column":0},"end":{"line":29,"column":1}},"30":{"start":{"line":31,"column":0},"end":{"line":31,"column":90}},"31":{"start":{"line":32,"column":0},"end":{"line":32,"column":32}},"32":{"start":{"line":33,"column":0},"end":{"line":33,"column":1}},"34":{"start":{"line":35,"column":0},"end":{"line":35,"column":57}},"35":{"start":{"line":36,"column":0},"end":{"line":36,"column":24}},"36":{"start":{"line":37,"column":0},"end":{"line":37,"column":1}}},"s":{"2":1,"3":29445,"4":29445,"6":1,"7":118,"8":118,"10":1,"11":7403,"12":7403,"14":1,"15":198200,"16":198200,"18":1,"19":0,"20":0,"22":1,"23":90665,"24":90665,"26":1,"27":7,"28":7,"30":1,"31":297,"32":297,"34":1,"35":0,"36":0},"branchMap":{"0":{"type":"branch","line":3,"loc":{"start":{"line":3,"column":7},"end":{"line":5,"column":1}},"locations":[{"start":{"line":3,"column":7},"end":{"line":5,"column":1}}]},"1":{"type":"branch","line":7,"loc":{"start":{"line":7,"column":7},"end":{"line":9,"column":1}},"locations":[{"start":{"line":7,"column":7},"end":{"line":9,"column":1}}]},"2":{"type":"branch","line":11,"loc":{"start":{"line":11,"column":7},"end":{"line":13,"column":1}},"locations":[{"start":{"line":11,"column":7},"end":{"line":13,"column":1}}]},"3":{"type":"branch","line":15,"loc":{"start":{"line":15,"column":7},"end":{"line":17,"column":1}},"locations":[{"start":{"line":15,"column":7},"end":{"line":17,"column":1}}]},"4":{"type":"branch","line":23,"loc":{"start":{"line":23,"column":7},"end":{"line":25,"column":1}},"locations":[{"start":{"line":23,"column":7},"end":{"line":25,"column":1}}]},"5":{"type":"branch","line":27,"loc":{"start":{"line":27,"column":7},"end":{"line":29,"column":1}},"locations":[{"start":{"line":27,"column":7},"end":{"line":29,"column":1}}]},"6":{"type":"branch","line":31,"loc":{"start":{"line":31,"column":7},"end":{"line":33,"column":1}},"locations":[{"start":{"line":31,"column":7},"end":{"line":33,"column":1}}]}},"b":{"0":[29445],"1":[118],"2":[7403],"3":[198200],"4":[90665],"5":[7],"6":[297]},"fnMap":{"0":{"name":"isDefined","decl":{"start":{"line":3,"column":7},"end":{"line":5,"column":1}},"loc":{"start":{"line":3,"column":7},"end":{"line":5,"column":1}},"line":3},"1":{"name":"isNull","decl":{"start":{"line":7,"column":7},"end":{"line":9,"column":1}},"loc":{"start":{"line":7,"column":7},"end":{"line":9,"column":1}},"line":7},"2":{"name":"isNotNull","decl":{"start":{"line":11,"column":7},"end":{"line":13,"column":1}},"loc":{"start":{"line":11,"column":7},"end":{"line":13,"column":1}},"line":11},"3":{"name":"isUndefined","decl":{"start":{"line":15,"column":7},"end":{"line":17,"column":1}},"loc":{"start":{"line":15,"column":7},"end":{"line":17,"column":1}},"line":15},"4":{"name":"isString","decl":{"start":{"line":19,"column":7},"end":{"line":21,"column":1}},"loc":{"start":{"line":19,"column":7},"end":{"line":21,"column":1}},"line":19},"5":{"name":"isNumber","decl":{"start":{"line":23,"column":7},"end":{"line":25,"column":1}},"loc":{"start":{"line":23,"column":7},"end":{"line":25,"column":1}},"line":23},"6":{"name":"isArray","decl":{"start":{"line":27,"column":7},"end":{"line":29,"column":1}},"loc":{"start":{"line":27,"column":7},"end":{"line":29,"column":1}},"line":27},"7":{"name":"hasKeyValue","decl":{"start":{"line":31,"column":7},"end":{"line":33,"column":1}},"loc":{"start":{"line":31,"column":7},"end":{"line":33,"column":1}},"line":31},"8":{"name":"hasEnharmonic","decl":{"start":{"line":35,"column":7},"end":{"line":37,"column":1}},"loc":{"start":{"line":35,"column":7},"end":{"line":37,"column":1}},"line":35}},"f":{"0":29445,"1":118,"2":7403,"3":198200,"4":0,"5":90665,"6":7,"7":297,"8":0}}
,"/Users/phoenix/Projects/js/audio/playa/lib/utils/whilst.ts": {"path":"/Users/phoenix/Projects/js/audio/playa/lib/utils/whilst.ts","all":false,"statementMap":{"0":{"start":{"line":1,"column":0},"end":{"line":1,"column":37}},"2":{"start":{"line":3,"column":0},"end":{"line":3,"column":23}},"15":{"start":{"line":16,"column":0},"end":{"line":16,"column":108}},"16":{"start":{"line":17,"column":0},"end":{"line":17,"column":19}},"18":{"start":{"line":19,"column":0},"end":{"line":19,"column":22}},"19":{"start":{"line":20,"column":0},"end":{"line":20,"column":7}},"21":{"start":{"line":22,"column":0},"end":{"line":22,"column":14}},"23":{"start":{"line":24,"column":0},"end":{"line":24,"column":29}},"24":{"start":{"line":25,"column":0},"end":{"line":25,"column":61}},"25":{"start":{"line":26,"column":0},"end":{"line":26,"column":3}},"26":{"start":{"line":27,"column":0},"end":{"line":27,"column":2}},"27":{"start":{"line":28,"column":0},"end":{"line":28,"column":2}},"29":{"start":{"line":30,"column":0},"end":{"line":30,"column":22}}},"s":{"0":1,"2":1,"15":1,"16":973,"18":973,"19":17973,"21":17973,"23":17973,"24":6,"25":6,"26":17973,"27":973,"29":1},"branchMap":{"0":{"type":"branch","line":16,"loc":{"start":{"line":16,"column":15},"end":{"line":28,"column":2}},"locations":[{"start":{"line":16,"column":15},"end":{"line":28,"column":2}}]},"1":{"type":"branch","line":19,"loc":{"start":{"line":19,"column":21},"end":{"line":27,"column":2}},"locations":[{"start":{"line":19,"column":21},"end":{"line":27,"column":2}}]},"2":{"type":"branch","line":24,"loc":{"start":{"line":24,"column":28},"end":{"line":26,"column":3}},"locations":[{"start":{"line":24,"column":28},"end":{"line":26,"column":3}}]}},"b":{"0":[973],"1":[17973],"2":[6]},"fnMap":{"0":{"name":"whilst","decl":{"start":{"line":16,"column":15},"end":{"line":28,"column":2}},"loc":{"start":{"line":16,"column":15},"end":{"line":28,"column":2}},"line":16}},"f":{"0":973}}
}
